grad= 1.13919e-3100
100
made it past grad calc 
made it past true grad calc
made it past L2
grad= 1.14799e-3109.88131e-324
400
made it past grad calc 
made it past true grad calc
made it past L2
grad= 00
10000
made it past grad calc 
made it past true grad calc
made it past L2
grad= 00
40000
made it past grad calc 
made it past true grad calc
made it past L2
grad= 00
1000000
made it past grad calc 
made it past true grad calc
made it past L2
[1] FALSE
Saving 7 x 7 in image
Error in `FUN()`:
! `data` must be uniquely named but has duplicate columns
Backtrace:
     ▆
  1. ├─ggplot2::ggsave(filepath, out)
  2. │ ├─grid::grid.draw(plot)
  3. │ └─ggplot2:::grid.draw.ggplot(plot)
  4. │   ├─base::print(x)
  5. │   └─ggplot2:::print.ggplot(x)
  6. │     ├─ggplot2::ggplot_build(x)
  7. │     └─ggplot2:::ggplot_build.ggplot(x)
  8. │       └─ggplot2 by_layer(function(l, d) l$compute_aesthetics(d, plot))
  9. │         └─ggplot2 f(l = layers[[i]], d = data[[i]])
 10. │           └─l$compute_aesthetics(d, plot)
 11. │             └─ggplot2 f(..., self = self)
 12. │               └─ggplot2:::scales_add_defaults(...)
 13. │                 └─base::lapply(aesthetics[new_aesthetics], eval_tidy, data = data)
 14. │                   └─rlang FUN(X[[i]], ...)
 15. └─rlang::abort(message = message)
Execution halted
