Iter.      100, err = 1.797693e+308
Iter.      200, err = 1.797693e+308
Iter.      300, err = 1.797693e+308
Iter.      400, err = 1.797693e+308
Iter.      500, err = 1.797693e+308
Iter.      600, err = 1.797693e+308
Iter.      700, err = 1.797693e+308
Iter.      800, err = 1.797693e+308
Iter.      900, err = 1.797693e+308
Iter.     1000, err = 1.797693e+308
Iter.     1100, err = 1.797693e+308
Iter.     1200, err = 1.797693e+308
Iter.     1300, err = 1.797693e+308
Iter.     1400, err = 1.797693e+308
Iter.     1500, err = 1.797693e+308
Iter.     1600, err = 1.797693e+308
Iter.     1700, err = 1.797693e+308
Iter.     1800, err = 1.797693e+308
Iter.     1900, err = 1.797693e+308
Iter.     2000, err = 1.797693e+308
Iter.     2100, err = 1.797693e+308
Iter.     2200, err = 1.797693e+308
Iter.     2300, err = 1.797693e+308
Iter.     2400, err = 1.797693e+308
Iter.     2500, err = 1.797693e+308
Iter.     2600, err = 1.797693e+308
Iter.     2700, err = 1.797693e+308
Iter.     2800, err = 1.797693e+308
Iter.     2900, err = 1.797693e+308
Iter.     3000, err = 1.797693e+308
Iter.     3100, err = 1.797693e+308
Iter.     3200, err = 1.797693e+308
Iter.     3300, err = 1.797693e+308
Iter.     3400, err = 1.797693e+308
Iter.     3500, err = 1.797693e+308
Iter.     3600, err = 1.797693e+308
Iter.     3700, err = 1.797693e+308
Iter.     3800, err = 1.797693e+308
Iter.     3900, err = 1.797693e+308
Iter.     4000, err = 1.797693e+308
Iter.     4100, err = 1.797693e+308
Iter.     4200, err = 1.797693e+308
Iter.     4300, err = 1.797693e+308
Iter.     4400, err = 1.797693e+308
Iter.     4500, err = 1.797693e+308
Iter.     4600, err = 1.797693e+308
Iter.     4700, err = 1.797693e+308
Iter.     4800, err = 1.797693e+308
Iter.     4900, err = 1.797693e+308
Iter.     5000, err = 1.797693e+308
Iter.     5100, err = 1.797693e+308
Iter.     5200, err = 1.797693e+308
Iter.     5300, err = 1.797693e+308
Iter.     5400, err = 1.797693e+308
Iter.     5500, err = 1.797693e+308
Iter.     5600, err = 1.797693e+308
Iter.     5700, err = 1.797693e+308
Iter.     5800, err = 1.797693e+308
Iter.     5900, err = 1.797693e+308
Iter.     6000, err = 1.797693e+308
Iter.     6100, err = 1.797693e+308
Iter.     6200, err = 1.797693e+308
Iter.     6300, err = 1.797693e+308
Iter.     6400, err = 1.797693e+308
Iter.     6500, err = 1.797693e+308
Iter.     6600, err = 1.797693e+308
Iter.     6700, err = 1.797693e+308
Iter.     6800, err = 1.797693e+308
Iter.     6900, err = 1.797693e+308
Iter.     7000, err = 1.797693e+308
Iter.     7100, err = 1.797693e+308
Iter.     7200, err = 1.797693e+308
Iter.     7300, err = 1.797693e+308
Iter.     7400, err = 1.797693e+308
Iter.     7500, err = 1.797693e+308
Iter.     7600, err = 1.797693e+308
Iter.     7700, err = 1.797693e+308
Iter.     7800, err = 1.797693e+308
Iter.     7900, err = 1.797693e+308
Iter.     8000, err = 1.797693e+308
Iter.     8100, err = 1.797693e+308
Iter.     8200, err = 1.797693e+308
Iter.     8300, err = 1.797693e+308
Iter.     8400, err = 1.797693e+308
Iter.     8500, err = 1.797693e+308
Iter.     8600, err = 1.797693e+308
Iter.     8700, err = 1.797693e+308
Iter.     8800, err = 1.797693e+308
Iter.     8900, err = 1.797693e+308
Iter.     9000, err = 1.797693e+308
Iter.     9100, err = 1.797693e+308
Iter.     9200, err = 1.797693e+308
Iter.     9300, err = 1.797693e+308
Iter.     9400, err = 1.797693e+308
Iter.     9500, err = 1.797693e+308
Iter.     9600, err = 1.797693e+308
Iter.     9700, err = 1.797693e+308
Iter.     9800, err = 1.797693e+308
Iter.     9900, err = 1.797693e+308
Iter.    10000, err = 1.797693e+308
Iter.    10100, err = 1.797693e+308
Iter.    10200, err = 1.797693e+308
Iter.    10300, err = 1.797693e+308
Iter.    10400, err = 1.797693e+308
Iter.    10500, err = 1.797693e+308
Iter.    10600, err = 1.797693e+308
Iter.    10700, err = 1.797693e+308
Iter.    10800, err = 1.797693e+308
Iter.    10900, err = 1.797693e+308
Iter.    11000, err = 1.797693e+308
Iter.    11100, err = 1.797693e+308
Iter.    11200, err = 1.797693e+308
Iter.    11300, err = 1.797693e+308
Iter.    11400, err = 1.797693e+308
Iter.    11500, err = 1.797693e+308
Iter.    11600, err = 1.797693e+308
Iter.    11700, err = 1.797693e+308
Iter.    11800, err = 1.797693e+308
Iter.    11900, err = 1.797693e+308
Iter.    12000, err = 1.797693e+308
Iter.    12100, err = 1.797693e+308
Iter.    12200, err = 1.797693e+308
Iter.    12300, err = 1.797693e+308
Iter.    12400, err = 1.797693e+308
Iter.    12500, err = 1.797693e+308
Iter.    12600, err = 1.797693e+308
Iter.    12700, err = 1.797693e+308
Iter.    12800, err = 1.797693e+308
Iter.    12900, err = 1.797693e+308
Iter.    13000, err = 1.797693e+308
Iter.    13100, err = 1.797693e+308
Iter.    13200, err = 1.797693e+308
Iter.    13300, err = 1.797693e+308
Iter.    13400, err = 1.797693e+308
Iter.    13500, err = 1.797693e+308
Iter.    13600, err = 1.797693e+308
Iter.    13700, err = 1.797693e+308
Iter.    13800, err = 1.797693e+308
Iter.    13900, err = 1.797693e+308
Iter.    14000, err = 1.797693e+308
Iter.    14100, err = 1.797693e+308
Iter.    14200, err = 1.797693e+308
Iter.    14300, err = 1.797693e+308
Iter.    14400, err = 1.797693e+308
Iter.    14500, err = 1.797693e+308
Iter.    14600, err = 1.797693e+308
Iter.    14700, err = 1.797693e+308
Iter.    14800, err = 1.797693e+308
Iter.    14900, err = 1.797693e+308
Iter.    15000, err = 1.797693e+308
Iter.    15100, err = 1.797693e+308
Iter.    15200, err = 1.797693e+308
Iter.    15300, err = 1.797693e+308
Iter.    15400, err = 1.797693e+308
Iter.    15500, err = 1.797693e+308
Iter.    15600, err = 1.797693e+308
Iter.    15700, err = 1.797693e+308
Iter.    15800, err = 1.797693e+308
Iter.    15900, err = 1.797693e+308
Iter.    16000, err = 1.797693e+308
Iter.    16100, err = 1.797693e+308
Iter.    16200, err = 1.797693e+308
Iter.    16300, err = 1.797693e+308
Iter.    16400, err = 1.797693e+308
Iter.    16500, err = 1.797693e+308
Iter.    16600, err = 1.797693e+308
Iter.    16700, err = 1.797693e+308
Iter.    16800, err = 1.797693e+308
Iter.    16900, err = 1.797693e+308
Iter.    17000, err = 1.797693e+308
Iter.    17100, err = 1.797693e+308
Iter.    17200, err = 1.797693e+308
Iter.    17300, err = 1.797693e+308
Iter.    17400, err = 1.797693e+308
Iter.    17500, err = 1.797693e+308
Iter.    17600, err = 1.797693e+308
Iter.    17700, err = 1.797693e+308
Iter.    17800, err = 1.797693e+308
Iter.    17900, err = 1.797693e+308
Iter.    18000, err = 1.797693e+308
Iter.    18100, err = 1.797693e+308
Iter.    18200, err = 1.797693e+308
Iter.    18300, err = 1.797693e+308
Iter.    18400, err = 1.797693e+308
Iter.    18500, err = 1.797693e+308
Iter.    18600, err = 1.797693e+308
Iter.    18700, err = 1.797693e+308
Iter.    18800, err = 1.797693e+308
Iter.    18900, err = 1.797693e+308
Iter.    19000, err = 1.797693e+308
Iter.    19100, err = 1.797693e+308
Iter.    19200, err = 1.797693e+308
Iter.    19300, err = 1.797693e+308
Iter.    19400, err = 1.797693e+308
Iter.    19500, err = 1.797693e+308
Iter.    19600, err = 1.797693e+308
Iter.    19700, err = 1.797693e+308
Iter.    19800, err = 1.797693e+308
Iter.    19900, err = 1.797693e+308
Iter.    20000, err = 1.797693e+308
Iter.    20100, err = 1.797693e+308
Iter.    20200, err = 1.797693e+308
Iter.    20300, err = 1.797693e+308
Iter.    20400, err = 1.797693e+308
Iter.    20500, err = 1.797693e+308
Iter.    20600, err = 1.797693e+308
Iter.    20700, err = 1.797693e+308
Iter.    20800, err = 1.797693e+308
Iter.    20900, err = 1.797693e+308
Iter.    21000, err = 1.797693e+308
Iter.    21100, err = 1.797693e+308
Iter.    21200, err = 1.797693e+308
Iter.    21300, err = 1.797693e+308
Iter.    21400, err = 1.797693e+308
Iter.    21500, err = 1.797693e+308
Iter.    21600, err = 1.797693e+308
Iter.    21700, err = 1.797693e+308
Iter.    21800, err = 1.797693e+308
Iter.    21900, err = 1.797693e+308
Iter.    22000, err = 1.797693e+308
Iter.    22100, err = 1.797693e+308
Iter.    22200, err = 1.797693e+308
Iter.    22300, err = 1.797693e+308
Iter.    22400, err = 1.797693e+308
Iter.    22500, err = 1.797693e+308
Iter.    22600, err = 1.797693e+308
Iter.    22700, err = 1.797693e+308
Iter.    22800, err = 1.797693e+308
Iter.    22900, err = 1.797693e+308
Iter.    23000, err = 1.797693e+308
Iter.    23100, err = 1.797693e+308
Iter.    23200, err = 1.797693e+308
Iter.    23300, err = 1.797693e+308
Iter.    23400, err = 1.797693e+308
Iter.    23500, err = 1.797693e+308
Iter.    23600, err = 1.797693e+308
Iter.    23700, err = 1.797693e+308
Iter.    23800, err = 1.797693e+308
Iter.    23900, err = 1.797693e+308
Iter.    24000, err = 1.797693e+308
Iter.    24100, err = 1.797693e+308
Iter.    24200, err = 1.797693e+308
Iter.    24300, err = 1.797693e+308
Iter.    24400, err = 1.797693e+308
Iter.    24500, err = 1.797693e+308
Iter.    24600, err = 1.797693e+308
Iter.    24700, err = 1.797693e+308
Iter.    24800, err = 1.797693e+308
Iter.    24900, err = 1.797693e+308
Iter.    25000, err = 1.797693e+308
Iter.    25100, err = 1.797693e+308
Iter.    25200, err = 1.797693e+308
Iter.    25300, err = 1.797693e+308
Iter.    25400, err = 1.797693e+308
Iter.    25500, err = 1.797693e+308
Iter.    25600, err = 1.797693e+308
Iter.    25700, err = 1.797693e+308
Iter.    25800, err = 1.797693e+308
Iter.    25900, err = 1.797693e+308
Iter.    26000, err = 1.797693e+308
Iter.    26100, err = 1.797693e+308
Iter.    26200, err = 1.797693e+308
Iter.    26300, err = 1.797693e+308
Iter.    26400, err = 1.797693e+308
Iter.    26500, err = 1.797693e+308
Iter.    26600, err = 1.797693e+308
Iter.    26700, err = 1.797693e+308
Iter.    26800, err = 1.797693e+308
Iter.    26900, err = 1.797693e+308
Iter.    27000, err = 1.797693e+308
Iter.    27100, err = 1.797693e+308
Iter.    27200, err = 1.797693e+308
Iter.    27300, err = 1.797693e+308
Iter.    27400, err = 1.797693e+308
Iter.    27500, err = 1.797693e+308
Iter.    27600, err = 1.797693e+308
Iter.    27700, err = 1.797693e+308
Iter.    27800, err = 1.797693e+308
Iter.    27900, err = 1.797693e+308
Iter.    28000, err = 1.797693e+308
Iter.    28100, err = 1.797693e+308
Iter.    28200, err = 1.797693e+308
Iter.    28300, err = 1.797693e+308
Iter.    28400, err = 1.797693e+308
Iter.    28500, err = 1.797693e+308
Iter.    28600, err = 1.797693e+308
Iter.    28700, err = 1.797693e+308
Iter.    28800, err = 1.797693e+308
Iter.    28900, err = 1.797693e+308
Iter.    29000, err = 1.797693e+308
Iter.    29100, err = 1.797693e+308
Iter.    29200, err = 1.797693e+308
Iter.    29300, err = 1.797693e+308
Iter.    29400, err = 1.797693e+308
Iter.    29500, err = 1.797693e+308
Iter.    29600, err = 1.797693e+308
Iter.    29700, err = 1.797693e+308
Iter.    29800, err = 1.797693e+308
Iter.    29900, err = 1.797693e+308
Iter.    30000, err = 1.797693e+308
Iter.    30100, err = 1.797693e+308
Iter.    30200, err = 1.797693e+308
Iter.    30300, err = 1.797693e+308
Iter.    30400, err = 1.797693e+308
Iter.    30500, err = 1.797693e+308
Iter.    30600, err = 1.797693e+308
Iter.    30700, err = 1.797693e+308
Iter.    30800, err = 1.797693e+308
Iter.    30900, err = 1.797693e+308
Iter.    31000, err = 1.797693e+308
Iter.    31100, err = 1.797693e+308
Iter.    31200, err = 1.797693e+308
Iter.    31300, err = 1.797693e+308
Iter.    31400, err = 1.797693e+308
Iter.    31500, err = 1.797693e+308
Iter.    31600, err = 1.797693e+308
Iter.    31700, err = 1.797693e+308
Iter.    31800, err = 1.797693e+308
Iter.    31900, err = 1.797693e+308
Iter.    32000, err = 1.797693e+308
Iter.    32100, err = 1.797693e+308
Iter.    32200, err = 1.797693e+308
Iter.    32300, err = 1.797693e+308
Iter.    32400, err = 1.797693e+308
Iter.    32500, err = 1.797693e+308
Iter.    32600, err = 1.797693e+308
Iter.    32700, err = 1.797693e+308
Iter.    32800, err = 1.797693e+308
Iter.    32900, err = 1.797693e+308
Iter.    33000, err = 1.797693e+308
Iter.    33100, err = 1.797693e+308
Iter.    33200, err = 1.797693e+308
Iter.    33300, err = 1.797693e+308
Iter.    33400, err = 1.797693e+308
Iter.    33500, err = 1.797693e+308
Iter.    33600, err = 1.797693e+308
Iter.    33700, err = 1.797693e+308
Iter.    33800, err = 1.797693e+308
Iter.    33900, err = 1.797693e+308
Iter.    34000, err = 1.797693e+308
Iter.    34100, err = 1.797693e+308
Iter.    34200, err = 1.797693e+308
Iter.    34300, err = 1.797693e+308
Iter.    34400, err = 1.797693e+308
Iter.    34500, err = 1.797693e+308
Iter.    34600, err = 1.797693e+308
Iter.    34700, err = 1.797693e+308
Iter.    34800, err = 1.797693e+308
Iter.    34900, err = 1.797693e+308
Iter.    35000, err = 1.797693e+308
Iter.    35100, err = 1.797693e+308
Iter.    35200, err = 1.797693e+308
Iter.    35300, err = 1.797693e+308
Iter.    35400, err = 1.797693e+308
Iter.    35500, err = 1.797693e+308
Iter.    35600, err = 1.797693e+308
Iter.    35700, err = 1.797693e+308
Iter.    35800, err = 1.797693e+308
Iter.    35900, err = 1.797693e+308
Iter.    36000, err = 1.797693e+308
Iter.    36100, err = 1.797693e+308
Iter.    36200, err = 1.797693e+308
Iter.    36300, err = 1.797693e+308
Iter.    36400, err = 1.797693e+308
Iter.    36500, err = 1.797693e+308
Iter.    36600, err = 1.797693e+308
Iter.    36700, err = 1.797693e+308
Iter.    36800, err = 1.797693e+308
Iter.    36900, err = 1.797693e+308
Iter.    37000, err = 1.797693e+308
Iter.    37100, err = 1.797693e+308
Iter.    37200, err = 1.797693e+308
Iter.    37300, err = 1.797693e+308
Iter.    37400, err = 1.797693e+308
Iter.    37500, err = 1.797693e+308
Iter.    37600, err = 1.797693e+308
Iter.    37700, err = 1.797693e+308
Iter.    37800, err = 1.797693e+308
Iter.    37900, err = 1.797693e+308
Iter.    38000, err = 1.797693e+308
Iter.    38100, err = 1.797693e+308
Iter.    38200, err = 1.797693e+308
Iter.    38300, err = 1.797693e+308
Iter.    38400, err = 1.797693e+308
Iter.    38500, err = 1.797693e+308
Iter.    38600, err = 1.797693e+308
Iter.    38700, err = 1.797693e+308
Iter.    38800, err = 1.797693e+308
Iter.    38900, err = 1.797693e+308
Iter.    39000, err = 1.797693e+308
Iter.    39100, err = 1.797693e+308
Iter.    39200, err = 1.797693e+308
Iter.    39300, err = 1.797693e+308
Iter.    39400, err = 1.797693e+308
Iter.    39500, err = 1.797693e+308
Iter.    39600, err = 1.797693e+308
Iter.    39700, err = 1.797693e+308
Iter.    39800, err = 1.797693e+308
Iter.    39900, err = 1.797693e+308
Iter.    40000, err = 1.797693e+308
Iter.    40100, err = 1.797693e+308
Iter.    40200, err = 1.797693e+308
Iter.    40300, err = 1.797693e+308
Iter.    40400, err = 1.797693e+308
Iter.    40500, err = 1.797693e+308
Iter.    40600, err = 1.797693e+308
Iter.    40700, err = 1.797693e+308
Iter.    40800, err = 1.797693e+308
Iter.    40900, err = 1.797693e+308
Iter.    41000, err = 1.797693e+308
Iter.    41100, err = 1.797693e+308
Iter.    41200, err = 1.797693e+308
Iter.    41300, err = 1.797693e+308
Iter.    41400, err = 1.797693e+308
Iter.    41500, err = 1.797693e+308
Iter.    41600, err = 1.797693e+308
Iter.    41700, err = 1.797693e+308
Iter.    41800, err = 1.797693e+308
Iter.    41900, err = 1.797693e+308
Iter.    42000, err = 1.797693e+308
Iter.    42100, err = 1.797693e+308
Iter.    42200, err = 1.797693e+308
Iter.    42300, err = 1.797693e+308
Iter.    42400, err = 1.797693e+308
Iter.    42500, err = 1.797693e+308
Iter.    42600, err = 1.797693e+308
Iter.    42700, err = 1.797693e+308
Iter.    42800, err = 1.797693e+308
Iter.    42900, err = 1.797693e+308
Iter.    43000, err = 1.797693e+308
Iter.    43100, err = 1.797693e+308
Iter.    43200, err = 1.797693e+308
Iter.    43300, err = 1.797693e+308
Iter.    43400, err = 1.797693e+308
Iter.    43500, err = 1.797693e+308
Iter.    43600, err = 1.797693e+308
Iter.    43700, err = 1.797693e+308
Iter.    43800, err = 1.797693e+308
Iter.    43900, err = 1.797693e+308
Iter.    44000, err = 1.797693e+308
Iter.    44100, err = 1.797693e+308
Iter.    44200, err = 1.797693e+308
Iter.    44300, err = 1.797693e+308
Iter.    44400, err = 1.797693e+308
Iter.    44500, err = 1.797693e+308
Iter.    44600, err = 1.797693e+308
Iter.    44700, err = 1.797693e+308
Iter.    44800, err = 1.797693e+308
Iter.    44900, err = 1.797693e+308
Iter.    45000, err = 1.797693e+308
Iter.    45100, err = 1.797693e+308
Iter.    45200, err = 1.797693e+308
Iter.    45300, err = 1.797693e+308
Iter.    45400, err = 1.797693e+308
Iter.    45500, err = 1.797693e+308
Iter.    45600, err = 1.797693e+308
Iter.    45700, err = 1.797693e+308
Iter.    45800, err = 1.797693e+308
Iter.    45900, err = 1.797693e+308
Iter.    46000, err = 1.797693e+308
Iter.    46100, err = 1.797693e+308
Iter.    46200, err = 1.797693e+308
Iter.    46300, err = 1.797693e+308
Iter.    46400, err = 1.797693e+308
Iter.    46500, err = 1.797693e+308
Iter.    46600, err = 1.797693e+308
Iter.    46700, err = 1.797693e+308
Iter.    46800, err = 1.797693e+308
Iter.    46900, err = 1.797693e+308
Iter.    47000, err = 1.797693e+308
Iter.    47100, err = 1.797693e+308
Iter.    47200, err = 1.797693e+308
Iter.    47300, err = 1.797693e+308
Iter.    47400, err = 1.797693e+308
Iter.    47500, err = 1.797693e+308
Iter.    47600, err = 1.797693e+308
Iter.    47700, err = 1.797693e+308
Iter.    47800, err = 1.797693e+308
Iter.    47900, err = 1.797693e+308
Iter.    48000, err = 1.797693e+308
Iter.    48100, err = 1.797693e+308
Iter.    48200, err = 1.797693e+308
Iter.    48300, err = 1.797693e+308
Iter.    48400, err = 1.797693e+308
Iter.    48500, err = 1.797693e+308
Iter.    48600, err = 1.797693e+308
Iter.    48700, err = 1.797693e+308
Iter.    48800, err = 1.797693e+308
Iter.    48900, err = 1.797693e+308
Iter.    49000, err = 1.797693e+308
Iter.    49100, err = 1.797693e+308
Iter.    49200, err = 1.797693e+308
Iter.    49300, err = 1.797693e+308
Iter.    49400, err = 1.797693e+308
Iter.    49500, err = 1.797693e+308
Iter.    49600, err = 1.797693e+308
Iter.    49700, err = 1.797693e+308
Iter.    49800, err = 1.797693e+308
Iter.    49900, err = 1.797693e+308
Iter.    50000, err = 1.797693e+308
Iter.    50100, err = 1.797693e+308
Iter.    50200, err = 1.797693e+308
Iter.    50300, err = 1.797693e+308
Iter.    50400, err = 1.797693e+308
Iter.    50500, err = 1.797693e+308
Iter.    50600, err = 1.797693e+308
Iter.    50700, err = 1.797693e+308
Iter.    50800, err = 1.797693e+308
Iter.    50900, err = 1.797693e+308
Iter.    51000, err = 1.797693e+308
Iter.    51100, err = 1.797693e+308
Iter.    51200, err = 1.797693e+308
Iter.    51300, err = 1.797693e+308
Iter.    51400, err = 1.797693e+308
Iter.    51500, err = 1.797693e+308
Iter.    51600, err = 1.797693e+308
Iter.    51700, err = 1.797693e+308
Iter.    51800, err = 1.797693e+308
Iter.    51900, err = 1.797693e+308
Iter.    52000, err = 1.797693e+308
Iter.    52100, err = 1.797693e+308
Iter.    52200, err = 1.797693e+308
Iter.    52300, err = 1.797693e+308
Iter.    52400, err = 1.797693e+308
Iter.    52500, err = 1.797693e+308
Iter.    52600, err = 1.797693e+308
Iter.    52700, err = 1.797693e+308
Iter.    52800, err = 1.797693e+308
Iter.    52900, err = 1.797693e+308
Iter.    53000, err = 1.797693e+308
Iter.    53100, err = 1.797693e+308
Iter.    53200, err = 1.797693e+308
Iter.    53300, err = 1.797693e+308
Iter.    53400, err = 1.797693e+308
Iter.    53500, err = 1.797693e+308
Iter.    53600, err = 1.797693e+308
Iter.    53700, err = 1.797693e+308
Iter.    53800, err = 1.797693e+308
Iter.    53900, err = 1.797693e+308
Iter.    54000, err = 1.797693e+308
Iter.    54100, err = 1.797693e+308
Iter.    54200, err = 1.797693e+308
Iter.    54300, err = 1.797693e+308
Iter.    54400, err = 1.797693e+308
Iter.    54500, err = 1.797693e+308
Iter.    54600, err = 1.797693e+308
Iter.    54700, err = 1.797693e+308
Iter.    54800, err = 1.797693e+308
Iter.    54900, err = 1.797693e+308
Iter.    55000, err = 1.797693e+308
Iter.    55100, err = 1.797693e+308
Iter.    55200, err = 1.797693e+308
Iter.    55300, err = 1.797693e+308
Iter.    55400, err = 1.797693e+308
Iter.    55500, err = 1.797693e+308
Iter.    55600, err = 1.797693e+308
Iter.    55700, err = 1.797693e+308
Iter.    55800, err = 1.797693e+308
Iter.    55900, err = 1.797693e+308
Iter.    56000, err = 1.797693e+308
Iter.    56100, err = 1.797693e+308
Iter.    56200, err = 1.797693e+308
Iter.    56300, err = 1.797693e+308
Iter.    56400, err = 1.797693e+308
Iter.    56500, err = 1.797693e+308
Iter.    56600, err = 1.797693e+308
Iter.    56700, err = 1.797693e+308
Iter.    56800, err = 1.797693e+308
Iter.    56900, err = 1.797693e+308
Iter.    57000, err = 1.797693e+308
Iter.    57100, err = 1.797693e+308
Iter.    57200, err = 1.797693e+308
Iter.    57300, err = 1.797693e+308
Iter.    57400, err = 1.797693e+308
Iter.    57500, err = 1.797693e+308
Iter.    57600, err = 1.797693e+308
Iter.    57700, err = 1.797693e+308
Iter.    57800, err = 1.797693e+308
Iter.    57900, err = 1.797693e+308
Iter.    58000, err = 1.797693e+308
Iter.    58100, err = 1.797693e+308
Iter.    58200, err = 1.797693e+308
Iter.    58300, err = 1.797693e+308
Iter.    58400, err = 1.797693e+308
Iter.    58500, err = 1.797693e+308
Iter.    58600, err = 1.797693e+308
Iter.    58700, err = 1.797693e+308
Iter.    58800, err = 1.797693e+308
Iter.    58900, err = 1.797693e+308
Iter.    59000, err = 1.797693e+308
Iter.    59100, err = 1.797693e+308
Iter.    59200, err = 1.797693e+308
Iter.    59300, err = 1.797693e+308
Iter.    59400, err = 1.797693e+308
Iter.    59500, err = 1.797693e+308
Iter.    59600, err = 1.797693e+308
Iter.    59700, err = 1.797693e+308
Iter.    59800, err = 1.797693e+308
Iter.    59900, err = 1.797693e+308
Iter.    60000, err = 1.797693e+308
Iter.    60100, err = 1.797693e+308
Iter.    60200, err = 1.797693e+308
Iter.    60300, err = 1.797693e+308
Iter.    60400, err = 1.797693e+308
Iter.    60500, err = 1.797693e+308
Iter.    60600, err = 1.797693e+308
Iter.    60700, err = 1.797693e+308
Iter.    60800, err = 1.797693e+308
Iter.    60900, err = 1.797693e+308
Iter.    61000, err = 1.797693e+308
Iter.    61100, err = 1.797693e+308
Iter.    61200, err = 1.797693e+308
Iter.    61300, err = 1.797693e+308
Iter.    61400, err = 1.797693e+308
Iter.    61500, err = 1.797693e+308
Iter.    61600, err = 1.797693e+308
Iter.    61700, err = 1.797693e+308
Iter.    61800, err = 1.797693e+308
Iter.    61900, err = 1.797693e+308
Iter.    62000, err = 1.797693e+308
Iter.    62100, err = 1.797693e+308
Iter.    62200, err = 1.797693e+308
Iter.    62300, err = 1.797693e+308
Iter.    62400, err = 1.797693e+308
Iter.    62500, err = 1.797693e+308
Iter.    62600, err = 1.797693e+308
Iter.    62700, err = 1.797693e+308
Iter.    62800, err = 1.797693e+308
Iter.    62900, err = 1.797693e+308
Iter.    63000, err = 1.797693e+308
Iter.    63100, err = 1.797693e+308
Iter.    63200, err = 1.797693e+308
Iter.    63300, err = 1.797693e+308
Iter.    63400, err = 1.797693e+308
Iter.    63500, err = 1.797693e+308
Iter.    63600, err = 1.797693e+308
Iter.    63700, err = 1.797693e+308
Iter.    63800, err = 1.797693e+308
Iter.    63900, err = 1.797693e+308
Iter.    64000, err = 1.797693e+308
Iter.    64100, err = 1.797693e+308
Iter.    64200, err = 1.797693e+308
Iter.    64300, err = 1.797693e+308
Iter.    64400, err = 1.797693e+308
Iter.    64500, err = 1.797693e+308
Iter.    64600, err = 1.797693e+308
Iter.    64700, err = 1.797693e+308
Iter.    64800, err = 1.797693e+308
Iter.    64900, err = 1.797693e+308
Iter.    65000, err = 1.797693e+308
Iter.    65100, err = 1.797693e+308
Iter.    65200, err = 1.797693e+308
Iter.    65300, err = 1.797693e+308
Iter.    65400, err = 1.797693e+308
Iter.    65500, err = 1.797693e+308
Iter.    65600, err = 1.797693e+308
Iter.    65700, err = 1.797693e+308
Iter.    65800, err = 1.797693e+308
Iter.    65900, err = 1.797693e+308
Iter.    66000, err = 1.797693e+308
Iter.    66100, err = 1.797693e+308
Iter.    66200, err = 1.797693e+308
Iter.    66300, err = 1.797693e+308
Iter.    66400, err = 1.797693e+308
Iter.    66500, err = 1.797693e+308
Iter.    66600, err = 1.797693e+308
Iter.    66700, err = 1.797693e+308
Iter.    66800, err = 1.797693e+308
Iter.    66900, err = 1.797693e+308
Iter.    67000, err = 1.797693e+308
Iter.    67100, err = 1.797693e+308
Iter.    67200, err = 1.797693e+308
Iter.    67300, err = 1.797693e+308
Iter.    67400, err = 1.797693e+308
Iter.    67500, err = 1.797693e+308
Iter.    67600, err = 1.797693e+308
Iter.    67700, err = 1.797693e+308
Iter.    67800, err = 1.797693e+308
Iter.    67900, err = 1.797693e+308
Iter.    68000, err = 1.797693e+308
Iter.    68100, err = 1.797693e+308
Iter.    68200, err = 1.797693e+308
Iter.    68300, err = 1.797693e+308
Iter.    68400, err = 1.797693e+308
Iter.    68500, err = 1.797693e+308
Iter.    68600, err = 1.797693e+308
Iter.    68700, err = 1.797693e+308
Iter.    68800, err = 1.797693e+308
Iter.    68900, err = 1.797693e+308
Iter.    69000, err = 1.797693e+308
Iter.    69100, err = 1.797693e+308
Iter.    69200, err = 1.797693e+308
Iter.    69300, err = 1.797693e+308
Iter.    69400, err = 1.797693e+308
Iter.    69500, err = 1.797693e+308
Iter.    69600, err = 1.797693e+308
Iter.    69700, err = 1.797693e+308
Iter.    69800, err = 1.797693e+308
Iter.    69900, err = 1.797693e+308
Iter.    70000, err = 1.797693e+308
Iter.    70100, err = 1.797693e+308
Iter.    70200, err = 1.797693e+308
Iter.    70300, err = 1.797693e+308
Iter.    70400, err = 1.797693e+308
Iter.    70500, err = 1.797693e+308
Iter.    70600, err = 1.797693e+308
Iter.    70700, err = 1.797693e+308
Iter.    70800, err = 1.797693e+308
Iter.    70900, err = 1.797693e+308
Iter.    71000, err = 1.797693e+308
Iter.    71100, err = 1.797693e+308
Iter.    71200, err = 1.797693e+308
Iter.    71300, err = 1.797693e+308
Iter.    71400, err = 1.797693e+308
Iter.    71500, err = 1.797693e+308
Iter.    71600, err = 1.797693e+308
Iter.    71700, err = 1.797693e+308
Iter.    71800, err = 1.797693e+308
Iter.    71900, err = 1.797693e+308
Iter.    72000, err = 1.797693e+308
Iter.    72100, err = 1.797693e+308
Iter.    72200, err = 1.797693e+308
Iter.    72300, err = 1.797693e+308
Iter.    72400, err = 1.797693e+308
Iter.    72500, err = 1.797693e+308
Iter.    72600, err = 1.797693e+308
Iter.    72700, err = 1.797693e+308
Iter.    72800, err = 1.797693e+308
Iter.    72900, err = 1.797693e+308
Iter.    73000, err = 1.797693e+308
Iter.    73100, err = 1.797693e+308
Iter.    73200, err = 1.797693e+308
Iter.    73300, err = 1.797693e+308
Iter.    73400, err = 1.797693e+308
Iter.    73500, err = 1.797693e+308
Iter.    73600, err = 1.797693e+308
Iter.    73700, err = 1.797693e+308
Iter.    73800, err = 1.797693e+308
Iter.    73900, err = 1.797693e+308
Iter.    74000, err = 1.797693e+308
Iter.    74100, err = 1.797693e+308
Iter.    74200, err = 1.797693e+308
Iter.    74300, err = 1.797693e+308
Iter.    74400, err = 1.797693e+308
Iter.    74500, err = 1.797693e+308
Iter.    74600, err = 1.797693e+308
Iter.    74700, err = 1.797693e+308
Iter.    74800, err = 1.797693e+308
Iter.    74900, err = 1.797693e+308
Iter.    75000, err = 1.797693e+308
Iter.    75100, err = 1.797693e+308
Iter.    75200, err = 1.797693e+308
Iter.    75300, err = 1.797693e+308
Iter.    75400, err = 1.797693e+308
Iter.    75500, err = 1.797693e+308
Iter.    75600, err = 1.797693e+308
Iter.    75700, err = 1.797693e+308
Iter.    75800, err = 1.797693e+308
Iter.    75900, err = 1.797693e+308
Iter.    76000, err = 1.797693e+308
Iter.    76100, err = 1.797693e+308
Iter.    76200, err = 1.797693e+308
Iter.    76300, err = 1.797693e+308
Iter.    76400, err = 1.797693e+308
Iter.    76500, err = 1.797693e+308
Iter.    76600, err = 1.797693e+308
Iter.    76700, err = 1.797693e+308
Iter.    76800, err = 1.797693e+308
Iter.    76900, err = 1.797693e+308
Iter.    77000, err = 1.797693e+308
Iter.    77100, err = 1.797693e+308
Iter.    77200, err = 1.797693e+308
Iter.    77300, err = 1.797693e+308
Iter.    77400, err = 1.797693e+308
Iter.    77500, err = 1.797693e+308
Iter.    77600, err = 1.797693e+308
Iter.    77700, err = 1.797693e+308
Iter.    77800, err = 1.797693e+308
Iter.    77900, err = 1.797693e+308
Iter.    78000, err = 1.797693e+308
Iter.    78100, err = 1.797693e+308
Iter.    78200, err = 1.797693e+308
Iter.    78300, err = 1.797693e+308
Iter.    78400, err = 1.797693e+308
Iter.    78500, err = 1.797693e+308
Iter.    78600, err = 1.797693e+308
Iter.    78700, err = 1.797693e+308
Iter.    78800, err = 1.797693e+308
Iter.    78900, err = 1.797693e+308
Iter.    79000, err = 1.797693e+308
Iter.    79100, err = 1.797693e+308
Iter.    79200, err = 1.797693e+308
Iter.    79300, err = 1.797693e+308
Iter.    79400, err = 1.797693e+308
Iter.    79500, err = 1.797693e+308
Iter.    79600, err = 1.797693e+308
Iter.    79700, err = 1.797693e+308
Iter.    79800, err = 1.797693e+308
Iter.    79900, err = 1.797693e+308
Iter.    80000, err = 1.797693e+308
Iter.    80100, err = 1.797693e+308
Iter.    80200, err = 1.797693e+308
Iter.    80300, err = 1.797693e+308
Iter.    80400, err = 1.797693e+308
Iter.    80500, err = 1.797693e+308
Iter.    80600, err = 1.797693e+308
Iter.    80700, err = 1.797693e+308
Iter.    80800, err = 1.797693e+308
Iter.    80900, err = 1.797693e+308
Iter.    81000, err = 1.797693e+308
Iter.    81100, err = 1.797693e+308
Iter.    81200, err = 1.797693e+308
Iter.    81300, err = 1.797693e+308
Iter.    81400, err = 1.797693e+308
Iter.    81500, err = 1.797693e+308
Iter.    81600, err = 1.797693e+308
Iter.    81700, err = 1.797693e+308
Iter.    81800, err = 1.797693e+308
Iter.    81900, err = 1.797693e+308
Iter.    82000, err = 1.797693e+308
Iter.    82100, err = 1.797693e+308
Iter.    82200, err = 1.797693e+308
Iter.    82300, err = 1.797693e+308
Iter.    82400, err = 1.797693e+308
Iter.    82500, err = 1.797693e+308
Iter.    82600, err = 1.797693e+308
Iter.    82700, err = 1.797693e+308
Iter.    82800, err = 1.797693e+308
Iter.    82900, err = 1.797693e+308
Iter.    83000, err = 1.797693e+308
Iter.    83100, err = 1.797693e+308
Iter.    83200, err = 1.797693e+308
Iter.    83300, err = 1.797693e+308
Iter.    83400, err = 1.797693e+308
Iter.    83500, err = 1.797693e+308
Iter.    83600, err = 1.797693e+308
Iter.    83700, err = 1.797693e+308
Iter.    83800, err = 1.797693e+308
Iter.    83900, err = 1.797693e+308
Iter.    84000, err = 1.797693e+308
Iter.    84100, err = 1.797693e+308
Iter.    84200, err = 1.797693e+308
Iter.    84300, err = 1.797693e+308
Iter.    84400, err = 1.797693e+308
Iter.    84500, err = 1.797693e+308
Iter.    84600, err = 1.797693e+308
Iter.    84700, err = 1.797693e+308
Iter.    84800, err = 1.797693e+308
Iter.    84900, err = 1.797693e+308
Iter.    85000, err = 1.797693e+308
Iter.    85100, err = 1.797693e+308
Iter.    85200, err = 1.797693e+308
Iter.    85300, err = 1.797693e+308
Iter.    85400, err = 1.797693e+308
Iter.    85500, err = 1.797693e+308
Iter.    85600, err = 1.797693e+308
Iter.    85700, err = 1.797693e+308
Iter.    85800, err = 1.797693e+308
Iter.    85900, err = 1.797693e+308
Iter.    86000, err = 1.797693e+308
Iter.    86100, err = 1.797693e+308
Iter.    86200, err = 1.797693e+308
Iter.    86300, err = 1.797693e+308
Iter.    86400, err = 1.797693e+308
Iter.    86500, err = 1.797693e+308
Iter.    86600, err = 1.797693e+308
Iter.    86700, err = 1.797693e+308
Iter.    86800, err = 1.797693e+308
Iter.    86900, err = 1.797693e+308
Iter.    87000, err = 1.797693e+308
Iter.    87100, err = 1.797693e+308
Iter.    87200, err = 1.797693e+308
Iter.    87300, err = 1.797693e+308
Iter.    87400, err = 1.797693e+308
Iter.    87500, err = 1.797693e+308
Iter.    87600, err = 1.797693e+308
Iter.    87700, err = 1.797693e+308
Iter.    87800, err = 1.797693e+308
Iter.    87900, err = 1.797693e+308
Iter.    88000, err = 1.797693e+308
Iter.    88100, err = 1.797693e+308
Iter.    88200, err = 1.797693e+308
Iter.    88300, err = 1.797693e+308
Iter.    88400, err = 1.797693e+308
Iter.    88500, err = 1.797693e+308
Iter.    88600, err = 1.797693e+308
Iter.    88700, err = 1.797693e+308
Iter.    88800, err = 1.797693e+308
Iter.    88900, err = 1.797693e+308
Iter.    89000, err = 1.797693e+308
Iter.    89100, err = 1.797693e+308
Iter.    89200, err = 1.797693e+308
Iter.    89300, err = 1.797693e+308
Iter.    89400, err = 1.797693e+308
Iter.    89500, err = 1.797693e+308
Iter.    89600, err = 1.797693e+308
Iter.    89700, err = 1.797693e+308
Iter.    89800, err = 1.797693e+308
Iter.    89900, err = 1.797693e+308
Iter.    90000, err = 1.797693e+308
Iter.    90100, err = 1.797693e+308
Iter.    90200, err = 1.797693e+308
Iter.    90300, err = 1.797693e+308
Iter.    90400, err = 1.797693e+308
Iter.    90500, err = 1.797693e+308
Iter.    90600, err = 1.797693e+308
Iter.    90700, err = 1.797693e+308
Iter.    90800, err = 1.797693e+308
Iter.    90900, err = 1.797693e+308
Iter.    91000, err = 1.797693e+308
Iter.    91100, err = 1.797693e+308
Iter.    91200, err = 1.797693e+308
Iter.    91300, err = 1.797693e+308
Iter.    91400, err = 1.797693e+308
Iter.    91500, err = 1.797693e+308
Iter.    91600, err = 1.797693e+308
Iter.    91700, err = 1.797693e+308
Iter.    91800, err = 1.797693e+308
Iter.    91900, err = 1.797693e+308
Iter.    92000, err = 1.797693e+308
Iter.    92100, err = 1.797693e+308
Iter.    92200, err = 1.797693e+308
Iter.    92300, err = 1.797693e+308
Iter.    92400, err = 1.797693e+308
Iter.    92500, err = 1.797693e+308
Iter.    92600, err = 1.797693e+308
Iter.    92700, err = 1.797693e+308
Iter.    92800, err = 1.797693e+308
Iter.    92900, err = 1.797693e+308
Iter.    93000, err = 1.797693e+308
Iter.    93100, err = 1.797693e+308
Iter.    93200, err = 1.797693e+308
Iter.    93300, err = 1.797693e+308
Iter.    93400, err = 1.797693e+308
Iter.    93500, err = 1.797693e+308
Iter.    93600, err = 1.797693e+308
Iter.    93700, err = 1.797693e+308
Iter.    93800, err = 1.797693e+308
Iter.    93900, err = 1.797693e+308
Iter.    94000, err = 1.797693e+308
Iter.    94100, err = 1.797693e+308
Iter.    94200, err = 1.797693e+308
Iter.    94300, err = 1.797693e+308
Iter.    94400, err = 1.797693e+308
Iter.    94500, err = 1.797693e+308
Iter.    94600, err = 1.797693e+308
Iter.    94700, err = 1.797693e+308
Iter.    94800, err = 1.797693e+308
Iter.    94900, err = 1.797693e+308
Iter.    95000, err = 1.797693e+308
Iter.    95100, err = 1.797693e+308
Iter.    95200, err = 1.797693e+308
Iter.    95300, err = 1.797693e+308
Iter.    95400, err = 1.797693e+308
Iter.    95500, err = 1.797693e+308
Iter.    95600, err = 1.797693e+308
Iter.    95700, err = 1.797693e+308
Iter.    95800, err = 1.797693e+308
Iter.    95900, err = 1.797693e+308
Iter.    96000, err = 1.797693e+308
Iter.    96100, err = 1.797693e+308
Iter.    96200, err = 1.797693e+308
Iter.    96300, err = 1.797693e+308
Iter.    96400, err = 1.797693e+308
Iter.    96500, err = 1.797693e+308
Iter.    96600, err = 1.797693e+308
Iter.    96700, err = 1.797693e+308
Iter.    96800, err = 1.797693e+308
Iter.    96900, err = 1.797693e+308
Iter.    97000, err = 1.797693e+308
Iter.    97100, err = 1.797693e+308
Iter.    97200, err = 1.797693e+308
Iter.    97300, err = 1.797693e+308
Iter.    97400, err = 1.797693e+308
Iter.    97500, err = 1.797693e+308
Iter.    97600, err = 1.797693e+308
Iter.    97700, err = 1.797693e+308
Iter.    97800, err = 1.797693e+308
Iter.    97900, err = 1.797693e+308
Iter.    98000, err = 1.797693e+308
Iter.    98100, err = 1.797693e+308
Iter.    98200, err = 1.797693e+308
Iter.    98300, err = 1.797693e+308
Iter.    98400, err = 1.797693e+308
Iter.    98500, err = 1.797693e+308
Iter.    98600, err = 1.797693e+308
Iter.    98700, err = 1.797693e+308
Iter.    98800, err = 1.797693e+308
Iter.    98900, err = 1.797693e+308
Iter.    99000, err = 1.797693e+308
Iter.    99100, err = 1.797693e+308
Iter.    99200, err = 1.797693e+308
Iter.    99300, err = 1.797693e+308
Iter.    99400, err = 1.797693e+308
Iter.    99500, err = 1.797693e+308
Iter.    99600, err = 1.797693e+308
Iter.    99700, err = 1.797693e+308
Iter.    99800, err = 1.797693e+308
Iter.    99900, err = 1.797693e+308
Iter.   100000, err = 1.797693e+308
Made it past finalize, arr_final contains: 7.070464e-01
Finished in 4.376841e-01 s
Loading required package: ggplot2
Saving 7 x 7 in image
[1] "output saved to phi_128.png"
