rm: cannot remove 'time.csv': No such file or directory
rm: cannot remove 'phi_128.png': No such file or directory
error =  0.00247505
error =  0.00245586
error =  0.00244008
error =  0.00242604
error =  0.0024131
error =  0.00240096
error =  0.00238942
error =  0.00237837
error =  0.00236771
error =  0.00235739
error =  0.00234737
error =  0.0023376
error =  0.00232807
error =  0.00231874
error =  0.00230959
error =  0.00230062
error =  0.00229181
error =  0.00228314
error =  0.00227461
error =  0.0022662
error =  0.00225792
error =  0.00224974
error =  0.00224168
error =  0.00223371
error =  0.00222584
error =  0.00221806
error =  0.00221037
error =  0.00220276
error =  0.00219523
error =  0.00218778
error =  0.0021804
error =  0.0021731
error =  0.00216587
error =  0.00215873
error =  0.00215166
error =  0.00214465
error =  0.0021377
error =  0.0021308
error =  0.00212397
error =  0.00211719
error =  0.00211046
error =  0.00210379
error =  0.00209717
error =  0.00209059
error =  0.00208407
error =  0.00207759
error =  0.00247505
error =  0.00245586
error =  0.00244008
error =  0.00242604
error =  0.0024131
error =  0.00240096
error =  0.00238942
error =  0.00237837
error =  0.00236771
error =  0.00235739
error =  0.00234737
error =  0.0023376
error =  0.00232807
error =  0.00231874
error =  0.00230959
error =  0.00230062
error =  0.00229181
error =  0.00228314
error =  0.00227461
error =  0.0022662
error =  0.00225792
error =  0.00224974
error =  0.00224168
error =  0.00223371
error =  0.00222584
error =  0.00221806
error =  0.00221037
error =  0.00220276
error =  0.00219523
error =  0.00218778
error =  0.0021804
error =  0.0021731
error =  0.00216587
error =  0.00215873
error =  0.00215166
error =  0.00214465
error =  0.0021377
error =  0.0021308
error =  0.00212397
error =  0.00211719
error =  0.00211046
error =  0.00210379
error =  0.00209717
error =  0.00209059
error =  0.00208407
error =  0.00207759
error =  0.00207116
error =  0.00206478
error =  0.00205843
error =  0.00205214
error =  0.00204588
error =  0.00203966
error =  0.00203349
error =  0.00202735
error =  0.00202125
error =  0.00201519
error =  0.00200827
error =  0.00199988
error =  0.00198972
error =  0.00197735
error =  0.00196221
error =  0.00194352
error =  0.00192024
error =  0.00189102
error =  0.00186326
error =  0.00183954
error =  0.00180682
error =  0.00176206
error =  0.00170202
error =  0.00162354
error =  0.00152387
error =  0.00140108
error =  0.00125437
error =  0.0010843
error =  0.000892956
error =  0.00207116
error =  0.00206478
error =  0.00205843
error =  0.00205214
error =  0.00204588
error =  0.00203966
error =  0.00203349
error =  0.00202735
error =  0.00202125
error =  0.00201519
error =  0.00200827
error =  0.00199988
error =  0.00198972
error =  0.00197735
error =  0.00196221
error =  0.00194352
error =  0.00192024
error =  0.00189102
error =  0.00186326
error =  0.00183954
error =  0.00180682
error =  0.00176206
error =  0.00170202
error =  0.00162354
error =  0.00152387
error =  0.00140108
error =  0.00125437
error =  0.0010843
error =  0.000892956
error =  0.000683803
error =  0.000577374
error =  0.00057193
error =  0.0005698
error =  0.000568337
error =  0.000566871
error =  0.000565425
error =  0.000564198
error =  0.000562967
error =  0.000561731
error =  0.000560491
error =  0.000559247
error =  0.000558
error =  0.00055675
error =  0.000555497
error =  0.000554241
error =  0.000552982
error =  0.000551722
error =  0.000550459
error =  0.000549195
error =  0.000547929
error =  0.000546662
error =  0.000545394
error =  0.000544125
error =  0.000542855
Iter.      100, err = 5.428550e-04
error =  5.415846e-04
error =  5.404963e-04
error =  5.394132e-04
error =  5.383279e-04
error =  5.372406e-04
error =  5.361514e-04
error =  5.345035e-04
error =  5.325444e-04
error =  5.304442e-04
error =  5.277272e-04
error =  5.244582e-04
error =  5.206990e-04
error =  5.165090e-04
error =  5.119445e-04
error =  5.070590e-04
error =  5.019032e-04
error =  4.969372e-04
error =  4.917649e-04
error =  4.864110e-04
error =  4.809170e-04
error =  4.753220e-04
error =  4.696624e-04
error =  4.639725e-04
error =  4.582839e-04
error =  4.526261e-04
error =  4.470266e-04
error =  4.415105e-04
error =  4.361011e-04
error =  4.308198e-04
error =  4.256860e-04
error =  4.207176e-04
error =  4.159309e-04
error =  4.113403e-04
error =  4.069591e-04
error =  4.027990e-04
error =  3.988705e-04
error =  3.951828e-04
error =  3.917438e-04
error =  3.885604e-04
error =  3.856383e-04
error =  3.830560e-04
error =  3.809969e-04
error =  3.792263e-04
error =  3.777451e-04
error =  3.765536e-04
error =  3.737942e-04
error =  3.665100e-04
error =  3.544038e-04
error =  0.000683803
error =  0.000577374
error =  0.00057193
error =  0.0005698
error =  0.000568337
error =  0.000566871
error =  0.000565425
error =  0.000564198
error =  0.000562967
error =  0.000561731
error =  0.000560491
error =  0.000559247
error =  0.000558
error =  0.00055675
error =  0.000555497
error =  0.000554241
error =  0.000552982
error =  0.000551722
error =  0.000550459
error =  0.000549195
error =  0.000547929
error =  0.000546662
error =  0.000545394
error =  0.000544125
error =  0.000542855
error =  0.000541585
error =  0.000540496
error =  0.000539413
error =  0.000538328
error =  0.000537241
error =  0.000536151
error =  0.000534504
error =  0.000532544
error =  0.000530444
error =  0.000527727
error =  0.000524458
error =  0.000520699
error =  0.000516509
error =  0.000511945
error =  0.000507059
error =  0.000501903
error =  0.000496937
error =  0.000491765
error =  0.000486411
error =  0.000480917
error =  0.000475322
error =  0.000469662
error =  0.000463972
error =  0.000458284
error =  0.000452626
error =  0.000447027
error =  0.000441511
error =  0.000436101
error =  0.00043082
error =  0.000425686
error =  0.000420718
error =  0.000415931
error =  0.00041134
error =  0.000406959
error =  0.000402799
error =  0.000398871
error =  0.000395183
error =  0.000391744
error =  0.00038856
error =  0.000385638
error =  0.000383056
error =  0.000380997
error =  0.000379226
error =  0.000377745
error =  0.000376554
error =  0.000373794
error =  0.00036651
error =  0.000354404
error =  3.372963e-04
error =  3.151454e-04
error =  2.880594e-04
error =  2.563029e-04
error =  2.202951e-04
error =  1.805987e-04
error =  1.379018e-04
error =  9.299227e-05
error =  4.672746e-05
error =  1.868246e-05
error =  0.000000e+00
Iter.      159, err = 0.000000e+00
error =  0.000337296
error =  0.000315145
error =  0.000288059
error =  0.000256303
error =  0.000220295
error =  0.000180599
error =  0.000137902
error =  9.29923e-05
error =  4.67275e-05
error =  1.86825e-05
error =  0
Finished in 1.130825e-01 s
Loading required package: ggplot2
Saving 7 x 7 in image
[1] "output saved to phi_128.png"
