Iter.      100, err = 1.780236e-03
Iter.      200, err = 1.389557e-03
Iter.      300, err = 1.110026e-03
Iter.      400, err = 8.947571e-04
Iter.      500, err = 7.262699e-04
Iter.      600, err = 5.941958e-04
Iter.      700, err = 5.100875e-04
Iter.      800, err = 4.585724e-04
Iter.      900, err = 4.184760e-04
Iter.     1000, err = 3.874385e-04
Iter.     1100, err = 3.637395e-04
Iter.     1200, err = 3.423276e-04
Iter.     1300, err = 3.207134e-04
Iter.     1400, err = 2.994456e-04
Iter.     1500, err = 2.788785e-04
Iter.     1600, err = 2.592910e-04
Iter.     1700, err = 2.407683e-04
Iter.     1800, err = 2.252409e-04
Iter.     1900, err = 2.160711e-04
Iter.     2000, err = 2.073266e-04
Iter.     2100, err = 1.989877e-04
Iter.     2200, err = 1.910544e-04
Iter.     2300, err = 1.835202e-04
Iter.     2400, err = 1.763376e-04
Iter.     2500, err = 1.694900e-04
Iter.     2600, err = 1.629936e-04
Iter.     2700, err = 1.568201e-04
Iter.     2800, err = 1.509345e-04
Iter.     2900, err = 1.453514e-04
Iter.     3000, err = 1.400500e-04
Iter.     3100, err = 1.349943e-04
Iter.     3200, err = 1.304589e-04
Iter.     3300, err = 1.272256e-04
Iter.     3400, err = 1.240319e-04
Iter.     3500, err = 1.208895e-04
Iter.     3600, err = 1.178080e-04
Iter.     3700, err = 1.147950e-04
Iter.     3800, err = 1.118562e-04
Iter.     3900, err = 1.089961e-04
Iter.     4000, err = 1.062175e-04
Iter.     4100, err = 1.035227e-04
Iter.     4200, err = 1.009127e-04
Iter.     4300, err = 9.838789e-05
Iter.     4400, err = 9.594803e-05
Iter.     4500, err = 9.359238e-05
Iter.     4600, err = 9.131976e-05
Iter.     4700, err = 8.912866e-05
Iter.     4800, err = 8.701731e-05
Iter.     4900, err = 8.498372e-05
Iter.     5000, err = 8.302573e-05
Iter.     5100, err = 8.114108e-05
Iter.     5200, err = 7.932742e-05
Iter.     5300, err = 7.758234e-05
Iter.     5400, err = 7.590342e-05
Iter.     5500, err = 7.428822e-05
Iter.     5600, err = 7.273432e-05
Iter.     5700, err = 7.123933e-05
Iter.     5800, err = 6.980087e-05
Iter.     5900, err = 6.841664e-05
Iter.     6000, err = 6.708437e-05
Iter.     6100, err = 6.580187e-05
Iter.     6200, err = 6.456701e-05
Iter.     6300, err = 6.337770e-05
Iter.     6400, err = 6.223196e-05
Iter.     6500, err = 6.112785e-05
Iter.     6600, err = 6.006351e-05
Iter.     6700, err = 5.903717e-05
Iter.     6800, err = 5.804709e-05
Iter.     6900, err = 5.709163e-05
Iter.     7000, err = 5.616921e-05
Iter.     7100, err = 5.527833e-05
Iter.     7200, err = 5.441753e-05
Iter.     7300, err = 5.358543e-05
Iter.     7400, err = 5.278071e-05
Iter.     7500, err = 5.200210e-05
Iter.     7600, err = 5.124841e-05
Iter.     7700, err = 5.051848e-05
Iter.     7800, err = 4.981122e-05
Iter.     7900, err = 4.912558e-05
Iter.     8000, err = 4.846057e-05
Iter.     8100, err = 4.781524e-05
Iter.     8200, err = 4.718869e-05
Iter.     8300, err = 4.658006e-05
Iter.     8400, err = 4.598853e-05
Iter.     8500, err = 4.541332e-05
Iter.     8600, err = 4.485370e-05
Iter.     8700, err = 4.430896e-05
Iter.     8800, err = 4.377844e-05
Iter.     8900, err = 4.326149e-05
Iter.     9000, err = 4.275750e-05
Iter.     9100, err = 4.226592e-05
Iter.     9200, err = 4.178618e-05
Iter.     9300, err = 4.131777e-05
Iter.     9400, err = 4.086020e-05
Iter.     9500, err = 4.041299e-05
Iter.     9600, err = 3.997570e-05
Iter.     9700, err = 3.954790e-05
Iter.     9800, err = 3.912920e-05
Iter.     9900, err = 3.871921e-05
Iter.    10000, err = 3.831756e-05
Iter.    10100, err = 3.792391e-05
Iter.    10200, err = 3.753794e-05
Iter.    10300, err = 3.715933e-05
Iter.    10400, err = 3.678778e-05
Iter.    10500, err = 3.642302e-05
Iter.    10600, err = 3.606477e-05
Iter.    10700, err = 3.571278e-05
Iter.    10800, err = 3.536681e-05
Iter.    10900, err = 3.502663e-05
Iter.    11000, err = 3.469203e-05
Iter.    11100, err = 3.436278e-05
Iter.    11200, err = 3.403871e-05
Iter.    11300, err = 3.371962e-05
Iter.    11400, err = 3.340532e-05
Iter.    11500, err = 3.309567e-05
Iter.    11600, err = 3.279048e-05
Iter.    11700, err = 3.248961e-05
Iter.    11800, err = 3.219292e-05
Iter.    11900, err = 3.190027e-05
Iter.    12000, err = 3.161152e-05
Iter.    12100, err = 3.132654e-05
Iter.    12200, err = 3.104523e-05
Iter.    12300, err = 3.076747e-05
Iter.    12400, err = 3.049315e-05
Iter.    12500, err = 3.022217e-05
Iter.    12600, err = 2.995442e-05
Iter.    12700, err = 2.968983e-05
Iter.    12800, err = 2.942829e-05
Iter.    12900, err = 2.916974e-05
Iter.    13000, err = 2.891407e-05
Iter.    13100, err = 2.866123e-05
Iter.    13200, err = 2.841113e-05
Iter.    13300, err = 2.816371e-05
Iter.    13400, err = 2.791891e-05
Iter.    13500, err = 2.767665e-05
Iter.    13600, err = 2.743689e-05
Iter.    13700, err = 2.719955e-05
Iter.    13800, err = 2.696460e-05
Iter.    13900, err = 2.673197e-05
Iter.    14000, err = 2.650161e-05
Iter.    14100, err = 2.627349e-05
Iter.    14200, err = 2.604755e-05
Iter.    14300, err = 2.582375e-05
Iter.    14400, err = 2.560205e-05
Iter.    14500, err = 2.538241e-05
Iter.    14600, err = 2.516480e-05
Iter.    14700, err = 2.494916e-05
Iter.    14800, err = 2.473549e-05
Iter.    14900, err = 2.452373e-05
Iter.    15000, err = 2.431385e-05
Iter.    15100, err = 2.410584e-05
Iter.    15200, err = 2.389965e-05
Iter.    15300, err = 2.369526e-05
Iter.    15400, err = 2.349264e-05
Iter.    15500, err = 2.329177e-05
Iter.    15600, err = 2.309262e-05
Iter.    15700, err = 2.289517e-05
Iter.    15800, err = 2.269940e-05
Iter.    15900, err = 2.250528e-05
Iter.    16000, err = 2.231279e-05
Iter.    16100, err = 2.212191e-05
Iter.    16200, err = 2.193263e-05
Iter.    16300, err = 2.174492e-05
Iter.    16400, err = 2.155876e-05
Iter.    16500, err = 2.137414e-05
Iter.    16600, err = 2.119104e-05
Iter.    16700, err = 2.100944e-05
Iter.    16800, err = 2.082933e-05
Iter.    16900, err = 2.065069e-05
Iter.    17000, err = 2.047351e-05
Iter.    17100, err = 2.029777e-05
Iter.    17200, err = 2.012345e-05
Iter.    17300, err = 1.995055e-05
Iter.    17400, err = 1.977905e-05
Iter.    17500, err = 1.960894e-05
Iter.    17600, err = 1.944020e-05
Iter.    17700, err = 1.927282e-05
Iter.    17800, err = 1.910679e-05
Iter.    17900, err = 1.894210e-05
Iter.    18000, err = 1.877874e-05
Iter.    18100, err = 1.861669e-05
Iter.    18200, err = 1.845594e-05
Iter.    18300, err = 1.829649e-05
Iter.    18400, err = 1.813832e-05
Iter.    18500, err = 1.798142e-05
Iter.    18600, err = 1.782578e-05
Iter.    18700, err = 1.767139e-05
Iter.    18800, err = 1.751825e-05
Iter.    18900, err = 1.736634e-05
Iter.    19000, err = 1.721565e-05
Iter.    19100, err = 1.706617e-05
Iter.    19200, err = 1.691790e-05
Iter.    19300, err = 1.677082e-05
Iter.    19400, err = 1.662493e-05
Iter.    19500, err = 1.648021e-05
Iter.    19600, err = 1.633666e-05
Iter.    19700, err = 1.619428e-05
Iter.    19800, err = 1.605304e-05
Iter.    19900, err = 1.591295e-05
Iter.    20000, err = 1.577399e-05
Iter.    20100, err = 1.563616e-05
Iter.    20200, err = 1.549944e-05
Iter.    20300, err = 1.536384e-05
Iter.    20400, err = 1.522934e-05
Iter.    20500, err = 1.509593e-05
Iter.    20600, err = 1.496361e-05
Iter.    20700, err = 1.483237e-05
Iter.    20800, err = 1.470220e-05
Iter.    20900, err = 1.457309e-05
Iter.    21000, err = 1.444504e-05
Iter.    21100, err = 1.431804e-05
Iter.    21200, err = 1.419208e-05
Iter.    21300, err = 1.406715e-05
Iter.    21400, err = 1.394325e-05
Iter.    21500, err = 1.382037e-05
Iter.    21600, err = 1.369850e-05
Iter.    21700, err = 1.357764e-05
Iter.    21800, err = 1.345777e-05
Iter.    21900, err = 1.333890e-05
Iter.    22000, err = 1.322100e-05
Iter.    22100, err = 1.310409e-05
Iter.    22200, err = 1.298814e-05
Iter.    22300, err = 1.287316e-05
Iter.    22400, err = 1.275913e-05
Iter.    22500, err = 1.264605e-05
Iter.    22600, err = 1.253392e-05
Iter.    22700, err = 1.242272e-05
Iter.    22800, err = 1.231245e-05
Iter.    22900, err = 1.220310e-05
Iter.    23000, err = 1.209466e-05
Iter.    23100, err = 1.198714e-05
Iter.    23200, err = 1.188051e-05
Iter.    23300, err = 1.177479e-05
Iter.    23400, err = 1.166995e-05
Iter.    23500, err = 1.156600e-05
Iter.    23600, err = 1.146292e-05
Iter.    23700, err = 1.136071e-05
Iter.    23800, err = 1.125937e-05
Iter.    23900, err = 1.115888e-05
Iter.    24000, err = 1.105924e-05
Iter.    24100, err = 1.096045e-05
Iter.    24200, err = 1.086250e-05
Iter.    24300, err = 1.076538e-05
Iter.    24400, err = 1.066908e-05
Iter.    24500, err = 1.057361e-05
Iter.    24600, err = 1.047894e-05
Iter.    24700, err = 1.038509e-05
Iter.    24800, err = 1.029204e-05
Iter.    24900, err = 1.019978e-05
Iter.    25000, err = 1.010832e-05
Iter.    25100, err = 1.001763e-05
Iter.    25200, err = 9.927727e-06
Iter.    25300, err = 9.838593e-06
Iter.    25400, err = 9.750225e-06
Iter.    25500, err = 9.662617e-06
Iter.    25600, err = 9.575764e-06
Iter.    25700, err = 9.489658e-06
Iter.    25800, err = 9.404296e-06
Iter.    25900, err = 9.319670e-06
Iter.    26000, err = 9.235776e-06
Iter.    26100, err = 9.152608e-06
Iter.    26200, err = 9.070159e-06
Iter.    26300, err = 8.988425e-06
Iter.    26400, err = 8.907399e-06
Iter.    26500, err = 8.827077e-06
Iter.    26600, err = 8.747453e-06
Iter.    26700, err = 8.668521e-06
Iter.    26800, err = 8.590276e-06
Iter.    26900, err = 8.512712e-06
Iter.    27000, err = 8.435824e-06
Iter.    27100, err = 8.359607e-06
Iter.    27200, err = 8.284055e-06
Iter.    27300, err = 8.209164e-06
Iter.    27400, err = 8.134927e-06
Iter.    27500, err = 8.061340e-06
Iter.    27600, err = 7.988398e-06
Iter.    27700, err = 7.916094e-06
Iter.    27800, err = 7.844425e-06
Iter.    27900, err = 7.773385e-06
Iter.    28000, err = 7.702968e-06
Iter.    28100, err = 7.633171e-06
Iter.    28200, err = 7.563987e-06
Iter.    28300, err = 7.495413e-06
Iter.    28400, err = 7.427442e-06
Iter.    28500, err = 7.360071e-06
Iter.    28600, err = 7.293293e-06
Iter.    28700, err = 7.227105e-06
Iter.    28800, err = 7.161502e-06
Iter.    28900, err = 7.096478e-06
Iter.    29000, err = 7.032029e-06
Iter.    29100, err = 6.968150e-06
Iter.    29200, err = 6.904837e-06
Iter.    29300, err = 6.842085e-06
Iter.    29400, err = 6.779889e-06
Iter.    29500, err = 6.718244e-06
Iter.    29600, err = 6.657147e-06
Iter.    29700, err = 6.596592e-06
Iter.    29800, err = 6.536575e-06
Iter.    29900, err = 6.477092e-06
Iter.    30000, err = 6.418137e-06
Iter.    30100, err = 6.359708e-06
Iter.    30200, err = 6.301798e-06
Iter.    30300, err = 6.244405e-06
Iter.    30400, err = 6.187523e-06
Iter.    30500, err = 6.131148e-06
Iter.    30600, err = 6.075276e-06
Iter.    30700, err = 6.019903e-06
Iter.    30800, err = 5.965024e-06
Iter.    30900, err = 5.910636e-06
Iter.    31000, err = 5.856734e-06
Iter.    31100, err = 5.803314e-06
Iter.    31200, err = 5.750373e-06
Iter.    31300, err = 5.697905e-06
Iter.    31400, err = 5.645907e-06
Iter.    31500, err = 5.594374e-06
Iter.    31600, err = 5.543304e-06
Iter.    31700, err = 5.492692e-06
Iter.    31800, err = 5.442534e-06
Iter.    31900, err = 5.392826e-06
Iter.    32000, err = 5.343565e-06
Iter.    32100, err = 5.294746e-06
Iter.    32200, err = 5.246365e-06
Iter.    32300, err = 5.198420e-06
Iter.    32400, err = 5.150906e-06
Iter.    32500, err = 5.103819e-06
Iter.    32600, err = 5.057156e-06
Iter.    32700, err = 5.010913e-06
Iter.    32800, err = 4.965087e-06
Iter.    32900, err = 4.919674e-06
Iter.    33000, err = 4.874670e-06
Iter.    33100, err = 4.830072e-06
Iter.    33200, err = 4.785876e-06
Iter.    33300, err = 4.742079e-06
Iter.    33400, err = 4.698677e-06
Iter.    33500, err = 4.655667e-06
Iter.    33600, err = 4.613046e-06
Iter.    33700, err = 4.570809e-06
Iter.    33800, err = 4.528955e-06
Iter.    33900, err = 4.487479e-06
Iter.    34000, err = 4.446377e-06
Iter.    34100, err = 4.405648e-06
Iter.    34200, err = 4.365287e-06
Iter.    34300, err = 4.325292e-06
Iter.    34400, err = 4.285659e-06
Iter.    34500, err = 4.246384e-06
Iter.    34600, err = 4.207466e-06
Iter.    34700, err = 4.168900e-06
Iter.    34800, err = 4.130684e-06
Iter.    34900, err = 4.092814e-06
Iter.    35000, err = 4.055288e-06
Iter.    35100, err = 4.018102e-06
Iter.    35200, err = 3.981254e-06
Iter.    35300, err = 3.944740e-06
Iter.    35400, err = 3.908557e-06
Iter.    35500, err = 3.872703e-06
Iter.    35600, err = 3.837175e-06
Iter.    35700, err = 3.801970e-06
Iter.    35800, err = 3.767084e-06
Iter.    35900, err = 3.732516e-06
Iter.    36000, err = 3.698261e-06
Iter.    36100, err = 3.664319e-06
Iter.    36200, err = 3.630685e-06
Iter.    36300, err = 3.597357e-06
Iter.    36400, err = 3.564332e-06
Iter.    36500, err = 3.531608e-06
Iter.    36600, err = 3.499182e-06
Iter.    36700, err = 3.467051e-06
Iter.    36800, err = 3.435213e-06
Iter.    36900, err = 3.403665e-06
Iter.    37000, err = 3.372404e-06
Iter.    37100, err = 3.341428e-06
Iter.    37200, err = 3.310734e-06
Iter.    37300, err = 3.280320e-06
Iter.    37400, err = 3.250184e-06
Iter.    37500, err = 3.220322e-06
Iter.    37600, err = 3.190733e-06
Iter.    37700, err = 3.161414e-06
Iter.    37800, err = 3.132362e-06
Iter.    37900, err = 3.103575e-06
Iter.    38000, err = 3.075051e-06
Iter.    38100, err = 3.046787e-06
Iter.    38200, err = 3.018782e-06
Iter.    38300, err = 2.991032e-06
Iter.    38400, err = 2.963536e-06
Iter.    38500, err = 2.936291e-06
Iter.    38600, err = 2.909294e-06
Iter.    38700, err = 2.882545e-06
Iter.    38800, err = 2.856040e-06
Iter.    38900, err = 2.829777e-06
Iter.    39000, err = 2.803754e-06
Iter.    39100, err = 2.777969e-06
Iter.    39200, err = 2.752420e-06
Iter.    39300, err = 2.727105e-06
Iter.    39400, err = 2.702021e-06
Iter.    39500, err = 2.677167e-06
Iter.    39600, err = 2.652540e-06
Iter.    39700, err = 2.628138e-06
Iter.    39800, err = 2.603960e-06
Iter.    39900, err = 2.580003e-06
Iter.    40000, err = 2.556266e-06
Iter.    40100, err = 2.532745e-06
Iter.    40200, err = 2.509440e-06
Iter.    40300, err = 2.486349e-06
Iter.    40400, err = 2.463469e-06
Iter.    40500, err = 2.440798e-06
Iter.    40600, err = 2.418335e-06
Iter.    40700, err = 2.396078e-06
Iter.    40800, err = 2.374025e-06
Iter.    40900, err = 2.352174e-06
Iter.    41000, err = 2.330523e-06
Iter.    41100, err = 2.309071e-06
Iter.    41200, err = 2.287815e-06
Iter.    41300, err = 2.266754e-06
Iter.    41400, err = 2.245887e-06
Iter.    41500, err = 2.225210e-06
Iter.    41600, err = 2.204724e-06
Iter.    41700, err = 2.184425e-06
Iter.    41800, err = 2.164312e-06
Iter.    41900, err = 2.144384e-06
Iter.    42000, err = 2.124638e-06
Iter.    42100, err = 2.105074e-06
Iter.    42200, err = 2.085689e-06
Iter.    42300, err = 2.066482e-06
Iter.    42400, err = 2.047452e-06
Iter.    42500, err = 2.028596e-06
Iter.    42600, err = 2.009913e-06
Iter.    42700, err = 1.991401e-06
Iter.    42800, err = 1.973060e-06
Iter.    42900, err = 1.954887e-06
Iter.    43000, err = 1.936881e-06
Iter.    43100, err = 1.919040e-06
Iter.    43200, err = 1.901363e-06
Iter.    43300, err = 1.883848e-06
Iter.    43400, err = 1.866494e-06
Iter.    43500, err = 1.849300e-06
Iter.    43600, err = 1.832263e-06
Iter.    43700, err = 1.815383e-06
Iter.    43800, err = 1.798658e-06
Iter.    43900, err = 1.782087e-06
Iter.    44000, err = 1.765668e-06
Iter.    44100, err = 1.749400e-06
Iter.    44200, err = 1.733281e-06
Iter.    44300, err = 1.717310e-06
Iter.    44400, err = 1.701487e-06
Iter.    44500, err = 1.685808e-06
Iter.    44600, err = 1.670274e-06
Iter.    44700, err = 1.654883e-06
Iter.    44800, err = 1.639633e-06
Iter.    44900, err = 1.624523e-06
Iter.    45000, err = 1.609552e-06
Iter.    45100, err = 1.594719e-06
Iter.    45200, err = 1.580022e-06
Iter.    45300, err = 1.565460e-06
Iter.    45400, err = 1.551033e-06
Iter.    45500, err = 1.536738e-06
Iter.    45600, err = 1.522574e-06
Iter.    45700, err = 1.508541e-06
Iter.    45800, err = 1.494636e-06
Iter.    45900, err = 1.480860e-06
Iter.    46000, err = 1.467211e-06
Iter.    46100, err = 1.453686e-06
Iter.    46200, err = 1.440287e-06
Iter.    46300, err = 1.427010e-06
Iter.    46400, err = 1.413856e-06
Iter.    46500, err = 1.400823e-06
Iter.    46600, err = 1.387910e-06
Iter.    46700, err = 1.375115e-06
Iter.    46800, err = 1.362439e-06
Iter.    46900, err = 1.349879e-06
Iter.    47000, err = 1.337434e-06
Iter.    47100, err = 1.325104e-06
Iter.    47200, err = 1.312888e-06
Iter.    47300, err = 1.300784e-06
Iter.    47400, err = 1.288791e-06
Iter.    47500, err = 1.276909e-06
Iter.    47600, err = 1.265136e-06
Iter.    47700, err = 1.253472e-06
Iter.    47800, err = 1.241915e-06
Iter.    47900, err = 1.230464e-06
Iter.    48000, err = 1.219119e-06
Iter.    48100, err = 1.207878e-06
Iter.    48200, err = 1.196741e-06
Iter.    48300, err = 1.185706e-06
Iter.    48400, err = 1.174773e-06
Iter.    48500, err = 1.163940e-06
Iter.    48600, err = 1.153208e-06
Iter.    48700, err = 1.142574e-06
Iter.    48800, err = 1.132038e-06
Iter.    48900, err = 1.121599e-06
Iter.    49000, err = 1.111256e-06
Iter.    49100, err = 1.101009e-06
Iter.    49200, err = 1.090855e-06
Iter.    49300, err = 1.080796e-06
Iter.    49400, err = 1.070829e-06
Iter.    49500, err = 1.060954e-06
Iter.    49600, err = 1.051170e-06
Iter.    49700, err = 1.041475e-06
Iter.    49800, err = 1.031871e-06
Iter.    49900, err = 1.022354e-06
Iter.    50000, err = 1.012926e-06
Iter.    50100, err = 1.003584e-06
Iter.    50139, err = 9.999642e-07
[adroit-15:657126:0:657126] Caught signal 11 (Segmentation fault: Sent by the kernel at address (nil))
==== backtrace (tid: 657126) ====
 0  /lib64/libucs.so.0(ucs_handle_error+0x2a4) [0x15336e5ce2a4]
 1  /lib64/libucs.so.0(+0x2347c) [0x15336e5ce47c]
 2  /lib64/libucs.so.0(+0x2364a) [0x15336e5ce64a]
 3  /lib64/libucs.so.0(ucs_mpool_cleanup+0x2d) [0x15336e5c728d]
 4  /lib64/libucp.so.0(ucp_worker_destroy+0xc2) [0x15336ec6d8d2]
 5  /usr/local/openmpi/4.1.0/gcc/lib64/openmpi/mca_pml_ucx.so(mca_pml_ucx_cleanup+0x17b) [0x15336f0cc12b]
 6  /usr/local/openmpi/4.1.0/gcc/lib64/libmpi.so.40(ompi_mpi_finalize+0x59c) [0x15337db9f79c]
 7  ./a.out() [0x409d46]
 8  /usr/lib64/libc.so.6(__libc_start_main+0xf3) [0x15337cc5f493]
 9  ./a.out() [0x408c2e]
=================================
[adroit-15:657126] *** Process received signal ***
[adroit-15:657126] Signal: Segmentation fault (11)
[adroit-15:657126] Signal code:  (-6)
[adroit-15:657126] Failing at address: 0x2557c000a06e6
[adroit-15:657126] [ 0] /usr/lib64/libpthread.so.0(+0x12c20)[0x15337d013c20]
[adroit-15:657126] [ 1] /lib64/libucs.so.0(ucs_mpool_cleanup+0x2d)[0x15336e5c728d]
[adroit-15:657126] [ 2] /lib64/libucp.so.0(ucp_worker_destroy+0xc2)[0x15336ec6d8d2]
[adroit-15:657126] [ 3] /usr/local/openmpi/4.1.0/gcc/lib64/openmpi/mca_pml_ucx.so(mca_pml_ucx_cleanup+0x17b)[0x15336f0cc12b]
[adroit-15:657126] [ 4] /usr/local/openmpi/4.1.0/gcc/lib64/libmpi.so.40(ompi_mpi_finalize+0x59c)[0x15337db9f79c]
[adroit-15:657126] [ 5] ./a.out[0x409d46]
[adroit-15:657126] [ 6] /usr/lib64/libc.so.6(__libc_start_main+0xf3)[0x15337cc5f493]
[adroit-15:657126] [ 7] ./a.out[0x408c2e]
[adroit-15:657126] *** End of error message ***
Made it past finalize, arr_final contains: 4.893985e-02
Finished in 5.969117e+00 s
--------------------------------------------------------------------------
Primary job  terminated normally, but 1 process returned
a non-zero exit code. Per user-direction, the job has been aborted.
--------------------------------------------------------------------------
--------------------------------------------------------------------------
mpirun noticed that process rank 1 with PID 657126 on node adroit-15 exited on signal 11 (Segmentation fault).
--------------------------------------------------------------------------
Loading required package: ggplot2
Saving 7 x 7 in image
[1] "output saved to phi_128.png"
