Iter.      100, err = 3.733716e-03
Iter.      200, err = 2.253640e-03
Iter.      300, err = 1.627063e-03
Iter.      400, err = 1.219448e-03
Iter.      500, err = 9.272480e-04
Iter.      600, err = 7.123067e-04
Iter.      700, err = 5.528947e-04
Iter.      800, err = 4.329696e-04
Iter.      900, err = 3.414592e-04
Iter.     1000, err = 2.866950e-04
Iter.     1100, err = 2.436968e-04
Iter.     1200, err = 2.117481e-04
Iter.     1300, err = 2.016911e-04
Iter.     1400, err = 1.936249e-04
Iter.     1500, err = 1.873600e-04
Iter.     1600, err = 1.827130e-04
Iter.     1700, err = 1.795394e-04
Iter.     1800, err = 1.775208e-04
Iter.     1900, err = 1.760826e-04
Iter.     2000, err = 1.751733e-04
Iter.     2100, err = 1.741654e-04
Iter.     2200, err = 1.726264e-04
Iter.     2300, err = 1.706525e-04
Iter.     2400, err = 1.683291e-04
Iter.     2500, err = 1.657308e-04
Iter.     2600, err = 1.629221e-04
Iter.     2700, err = 1.599580e-04
Iter.     2800, err = 1.568852e-04
Iter.     2900, err = 1.537427e-04
Iter.     3000, err = 1.505628e-04
Iter.     3100, err = 1.473720e-04
Iter.     3200, err = 1.441919e-04
Iter.     3300, err = 1.410399e-04
Iter.     3400, err = 1.379296e-04
Iter.     3500, err = 1.348717e-04
Iter.     3600, err = 1.318743e-04
Iter.     3700, err = 1.289435e-04
Iter.     3800, err = 1.260835e-04
Iter.     3900, err = 1.232972e-04
Iter.     4000, err = 1.205863e-04
Iter.     4100, err = 1.179516e-04
Iter.     4200, err = 1.153930e-04
Iter.     4300, err = 1.129101e-04
Iter.     4400, err = 1.105017e-04
Iter.     4500, err = 1.081665e-04
Iter.     4600, err = 1.059027e-04
Iter.     4700, err = 1.037086e-04
Iter.     4800, err = 1.015821e-04
Iter.     4900, err = 9.952103e-05
Iter.     5000, err = 9.752334e-05
Iter.     5100, err = 9.558682e-05
Iter.     5200, err = 9.370930e-05
Iter.     5300, err = 9.188861e-05
Iter.     5400, err = 9.012264e-05
Iter.     5500, err = 8.840932e-05
Iter.     5600, err = 8.674663e-05
Iter.     5700, err = 8.513262e-05
Iter.     5800, err = 8.356538e-05
Iter.     5900, err = 8.204311e-05
Iter.     6000, err = 8.056404e-05
Iter.     6100, err = 7.912650e-05
Iter.     6200, err = 7.772886e-05
Iter.     6300, err = 7.636958e-05
Iter.     6400, err = 7.504718e-05
Iter.     6500, err = 7.376024e-05
Iter.     6600, err = 7.250741e-05
Iter.     6700, err = 7.128740e-05
Iter.     6800, err = 7.009897e-05
Iter.     6900, err = 6.894096e-05
Iter.     7000, err = 6.781222e-05
Iter.     7100, err = 6.671170e-05
Iter.     7200, err = 6.563836e-05
Iter.     7300, err = 6.459124e-05
Iter.     7400, err = 6.356939e-05
Iter.     7500, err = 6.257194e-05
Iter.     7600, err = 6.159802e-05
Iter.     7700, err = 6.064683e-05
Iter.     7800, err = 5.971760e-05
Iter.     7900, err = 5.880958e-05
Iter.     8000, err = 5.792206e-05
Iter.     8100, err = 5.705437e-05
Iter.     8200, err = 5.620586e-05
Iter.     8300, err = 5.537591e-05
Iter.     8400, err = 5.456392e-05
Iter.     8500, err = 5.376934e-05
Iter.     8600, err = 5.299161e-05
Iter.     8700, err = 5.223022e-05
Iter.     8800, err = 5.148466e-05
Iter.     8900, err = 5.075445e-05
Iter.     9000, err = 5.003914e-05
Iter.     9100, err = 4.933829e-05
Iter.     9200, err = 4.865146e-05
Iter.     9300, err = 4.797826e-05
Iter.     9400, err = 4.731829e-05
Iter.     9500, err = 4.667118e-05
Iter.     9600, err = 4.603656e-05
Iter.     9700, err = 4.541408e-05
Iter.     9800, err = 4.480342e-05
Iter.     9900, err = 4.420424e-05
Iter.    10000, err = 4.361624e-05
Iter.    10100, err = 4.303913e-05
Iter.    10200, err = 4.247260e-05
Iter.    10300, err = 4.191638e-05
Iter.    10400, err = 4.137021e-05
Iter.    10500, err = 4.083382e-05
Iter.    10600, err = 4.030697e-05
Iter.    10700, err = 3.978941e-05
Iter.    10800, err = 3.928091e-05
Iter.    10900, err = 3.878125e-05
Iter.    11000, err = 3.829020e-05
Iter.    11100, err = 3.780757e-05
Iter.    11200, err = 3.733313e-05
Iter.    11300, err = 3.686670e-05
Iter.    11400, err = 3.640809e-05
Iter.    11500, err = 3.595711e-05
Iter.    11600, err = 3.551359e-05
Iter.    11700, err = 3.507734e-05
Iter.    11800, err = 3.464821e-05
Iter.    11900, err = 3.422602e-05
Iter.    12000, err = 3.381063e-05
Iter.    12100, err = 3.340188e-05
Iter.    12200, err = 3.299962e-05
Iter.    12300, err = 3.260371e-05
Iter.    12400, err = 3.221401e-05
Iter.    12500, err = 3.183038e-05
Iter.    12600, err = 3.145269e-05
Iter.    12700, err = 3.108082e-05
Iter.    12800, err = 3.071464e-05
Iter.    12900, err = 3.035403e-05
Iter.    13000, err = 2.999888e-05
Iter.    13100, err = 2.964906e-05
Iter.    13200, err = 2.930447e-05
Iter.    13300, err = 2.896500e-05
Iter.    13400, err = 2.863056e-05
Iter.    13500, err = 2.830102e-05
Iter.    13600, err = 2.797631e-05
Iter.    13700, err = 2.765631e-05
Iter.    13800, err = 2.734094e-05
Iter.    13900, err = 2.703011e-05
Iter.    14000, err = 2.672373e-05
Iter.    14100, err = 2.642170e-05
Iter.    14200, err = 2.612395e-05
Iter.    14300, err = 2.583039e-05
Iter.    14400, err = 2.554095e-05
Iter.    14500, err = 2.525555e-05
Iter.    14600, err = 2.497410e-05
Iter.    14700, err = 2.469654e-05
Iter.    14800, err = 2.442280e-05
Iter.    14900, err = 2.415280e-05
Iter.    15000, err = 2.388647e-05
Iter.    15100, err = 2.362375e-05
Iter.    15200, err = 2.336457e-05
Iter.    15300, err = 2.310887e-05
Iter.    15400, err = 2.285659e-05
Iter.    15500, err = 2.260766e-05
Iter.    15600, err = 2.236203e-05
Iter.    15700, err = 2.211963e-05
Iter.    15800, err = 2.188042e-05
Iter.    15900, err = 2.164433e-05
Iter.    16000, err = 2.141132e-05
Iter.    16100, err = 2.118132e-05
Iter.    16200, err = 2.095429e-05
Iter.    16300, err = 2.073018e-05
Iter.    16400, err = 2.050894e-05
Iter.    16500, err = 2.029051e-05
Iter.    16600, err = 2.007486e-05
Iter.    16700, err = 1.986194e-05
Iter.    16800, err = 1.965169e-05
Iter.    16900, err = 1.944409e-05
Iter.    17000, err = 1.923907e-05
Iter.    17100, err = 1.903661e-05
Iter.    17200, err = 1.883666e-05
Iter.    17300, err = 1.863919e-05
Iter.    17400, err = 1.844414e-05
Iter.    17500, err = 1.825148e-05
Iter.    17600, err = 1.806118e-05
Iter.    17700, err = 1.787320e-05
Iter.    17800, err = 1.768750e-05
Iter.    17900, err = 1.750404e-05
Iter.    18000, err = 1.732279e-05
Iter.    18100, err = 1.714372e-05
Iter.    18200, err = 1.696680e-05
Iter.    18300, err = 1.679198e-05
Iter.    18400, err = 1.661925e-05
Iter.    18500, err = 1.644856e-05
Iter.    18600, err = 1.627988e-05
Iter.    18700, err = 1.611320e-05
Iter.    18800, err = 1.594847e-05
Iter.    18900, err = 1.578566e-05
Iter.    19000, err = 1.562476e-05
Iter.    19100, err = 1.546573e-05
Iter.    19200, err = 1.530854e-05
Iter.    19300, err = 1.515317e-05
Iter.    19400, err = 1.499958e-05
Iter.    19500, err = 1.484777e-05
Iter.    19600, err = 1.469769e-05
Iter.    19700, err = 1.454933e-05
Iter.    19800, err = 1.440266e-05
Iter.    19900, err = 1.425766e-05
Iter.    20000, err = 1.411430e-05
Iter.    20100, err = 1.397256e-05
Iter.    20200, err = 1.383241e-05
Iter.    20300, err = 1.369384e-05
Iter.    20400, err = 1.355683e-05
Iter.    20500, err = 1.342135e-05
Iter.    20600, err = 1.328738e-05
Iter.    20700, err = 1.315490e-05
Iter.    20800, err = 1.302388e-05
Iter.    20900, err = 1.289432e-05
Iter.    21000, err = 1.276619e-05
Iter.    21100, err = 1.263948e-05
Iter.    21200, err = 1.251415e-05
Iter.    21300, err = 1.239020e-05
Iter.    21400, err = 1.226760e-05
Iter.    21500, err = 1.214635e-05
Iter.    21600, err = 1.202641e-05
Iter.    21700, err = 1.190777e-05
Iter.    21800, err = 1.179042e-05
Iter.    21900, err = 1.167435e-05
Iter.    22000, err = 1.155952e-05
Iter.    22100, err = 1.144593e-05
Iter.    22200, err = 1.133356e-05
Iter.    22300, err = 1.122240e-05
Iter.    22400, err = 1.111242e-05
Iter.    22500, err = 1.100362e-05
Iter.    22600, err = 1.089598e-05
Iter.    22700, err = 1.078949e-05
Iter.    22800, err = 1.068412e-05
Iter.    22900, err = 1.057987e-05
Iter.    23000, err = 1.047673e-05
Iter.    23100, err = 1.037467e-05
Iter.    23200, err = 1.027369e-05
Iter.    23300, err = 1.017377e-05
Iter.    23400, err = 1.007490e-05
Iter.    23500, err = 9.977070e-06
Iter.    23600, err = 9.880259e-06
Iter.    23700, err = 9.784460e-06
Iter.    23800, err = 9.689659e-06
Iter.    23900, err = 9.595845e-06
Iter.    24000, err = 9.503006e-06
Iter.    24100, err = 9.411129e-06
Iter.    24200, err = 9.320204e-06
Iter.    24300, err = 9.230219e-06
Iter.    24400, err = 9.141163e-06
Iter.    24500, err = 9.053025e-06
Iter.    24600, err = 8.965793e-06
Iter.    24700, err = 8.879458e-06
Iter.    24800, err = 8.794008e-06
Iter.    24900, err = 8.709434e-06
Iter.    25000, err = 8.625725e-06
Iter.    25100, err = 8.542870e-06
Iter.    25200, err = 8.460861e-06
Iter.    25300, err = 8.379687e-06
Iter.    25400, err = 8.299338e-06
Iter.    25500, err = 8.219805e-06
Iter.    25600, err = 8.141079e-06
Iter.    25700, err = 8.063150e-06
Iter.    25800, err = 7.986010e-06
Iter.    25900, err = 7.909649e-06
Iter.    26000, err = 7.834058e-06
Iter.    26100, err = 7.759228e-06
Iter.    26200, err = 7.685152e-06
Iter.    26300, err = 7.611820e-06
Iter.    26400, err = 7.539225e-06
Iter.    26500, err = 7.467357e-06
Iter.    26600, err = 7.396209e-06
Iter.    26700, err = 7.325773e-06
Iter.    26800, err = 7.256040e-06
Iter.    26900, err = 7.187003e-06
Iter.    27000, err = 7.118654e-06
Iter.    27100, err = 7.050986e-06
Iter.    27200, err = 6.983991e-06
Iter.    27300, err = 6.917662e-06
Iter.    27400, err = 6.851991e-06
Iter.    27500, err = 6.786971e-06
Iter.    27600, err = 6.722595e-06
Iter.    27700, err = 6.658856e-06
Iter.    27800, err = 6.595747e-06
Iter.    27900, err = 6.533261e-06
Iter.    28000, err = 6.471392e-06
Iter.    28100, err = 6.410132e-06
Iter.    28200, err = 6.349475e-06
Iter.    28300, err = 6.289415e-06
Iter.    28400, err = 6.229946e-06
Iter.    28500, err = 6.171060e-06
Iter.    28600, err = 6.112751e-06
Iter.    28700, err = 6.055015e-06
Iter.    28800, err = 5.997843e-06
Iter.    28900, err = 5.941231e-06
Iter.    29000, err = 5.885173e-06
Iter.    29100, err = 5.829661e-06
Iter.    29200, err = 5.774692e-06
Iter.    29300, err = 5.720259e-06
Iter.    29400, err = 5.666355e-06
Iter.    29500, err = 5.612977e-06
Iter.    29600, err = 5.560118e-06
Iter.    29700, err = 5.507773e-06
Iter.    29800, err = 5.455936e-06
Iter.    29900, err = 5.404602e-06
Iter.    30000, err = 5.353766e-06
Iter.    30100, err = 5.303423e-06
Iter.    30200, err = 5.253567e-06
Iter.    30300, err = 5.204194e-06
Iter.    30400, err = 5.155298e-06
Iter.    30500, err = 5.106875e-06
Iter.    30600, err = 5.058920e-06
Iter.    30700, err = 5.011427e-06
Iter.    30800, err = 4.964392e-06
Iter.    30900, err = 4.917811e-06
Iter.    31000, err = 4.871678e-06
Iter.    31100, err = 4.825989e-06
Iter.    31200, err = 4.780740e-06
Iter.    31300, err = 4.735926e-06
Iter.    31400, err = 4.691543e-06
Iter.    31500, err = 4.647585e-06
Iter.    31600, err = 4.604050e-06
Iter.    31700, err = 4.560932e-06
Iter.    31800, err = 4.518228e-06
Iter.    31900, err = 4.475932e-06
Iter.    32000, err = 4.434042e-06
Iter.    32100, err = 4.392552e-06
Iter.    32200, err = 4.351459e-06
Iter.    32300, err = 4.310759e-06
Iter.    32400, err = 4.270448e-06
Iter.    32500, err = 4.230522e-06
Iter.    32600, err = 4.190977e-06
Iter.    32700, err = 4.151810e-06
Iter.    32800, err = 4.113015e-06
Iter.    32900, err = 4.074591e-06
Iter.    33000, err = 4.036532e-06
Iter.    33100, err = 3.998836e-06
Iter.    33200, err = 3.961499e-06
Iter.    33300, err = 3.924517e-06
Iter.    33400, err = 3.887886e-06
Iter.    33500, err = 3.851604e-06
Iter.    33600, err = 3.815666e-06
Iter.    33700, err = 3.780070e-06
Iter.    33800, err = 3.744811e-06
Iter.    33900, err = 3.709887e-06
Iter.    34000, err = 3.675294e-06
Iter.    34100, err = 3.641030e-06
Iter.    34200, err = 3.607089e-06
Iter.    34300, err = 3.573471e-06
Iter.    34400, err = 3.540171e-06
Iter.    34500, err = 3.507185e-06
Iter.    34600, err = 3.474512e-06
Iter.    34700, err = 3.442148e-06
Iter.    34800, err = 3.410090e-06
Iter.    34900, err = 3.378335e-06
Iter.    35000, err = 3.346880e-06
Iter.    35100, err = 3.315722e-06
Iter.    35200, err = 3.284859e-06
Iter.    35300, err = 3.254286e-06
Iter.    35400, err = 3.224002e-06
Iter.    35500, err = 3.194004e-06
Iter.    35600, err = 3.164288e-06
Iter.    35700, err = 3.134853e-06
Iter.    35800, err = 3.105695e-06
Iter.    35900, err = 3.076811e-06
Iter.    36000, err = 3.048200e-06
Iter.    36100, err = 3.019858e-06
Iter.    36200, err = 2.991782e-06
Iter.    36300, err = 2.963971e-06
Iter.    36400, err = 2.936421e-06
Iter.    36500, err = 2.909131e-06
Iter.    36600, err = 2.882097e-06
Iter.    36700, err = 2.855316e-06
Iter.    36800, err = 2.828788e-06
Iter.    36900, err = 2.802509e-06
Iter.    37000, err = 2.776476e-06
Iter.    37100, err = 2.750688e-06
Iter.    37200, err = 2.725142e-06
Iter.    37300, err = 2.699836e-06
Iter.    37400, err = 2.674767e-06
Iter.    37500, err = 2.649933e-06
Iter.    37600, err = 2.625332e-06
Iter.    37700, err = 2.600961e-06
Iter.    37800, err = 2.576819e-06
Iter.    37900, err = 2.552903e-06
Iter.    38000, err = 2.529211e-06
Iter.    38100, err = 2.505741e-06
Iter.    38200, err = 2.482491e-06
Iter.    38300, err = 2.459458e-06
Iter.    38400, err = 2.436641e-06
Iter.    38500, err = 2.414038e-06
Iter.    38600, err = 2.391646e-06
Iter.    38700, err = 2.369463e-06
Iter.    38800, err = 2.347488e-06
Iter.    38900, err = 2.325718e-06
Iter.    39000, err = 2.304152e-06
Iter.    39100, err = 2.282787e-06
Iter.    39200, err = 2.261622e-06
Iter.    39300, err = 2.240654e-06
Iter.    39400, err = 2.219883e-06
Iter.    39500, err = 2.199305e-06
Iter.    39600, err = 2.178920e-06
Iter.    39700, err = 2.158724e-06
Iter.    39800, err = 2.138718e-06
Iter.    39900, err = 2.118898e-06
Iter.    40000, err = 2.099263e-06
Iter.    40100, err = 2.079811e-06
Iter.    40200, err = 2.060541e-06
Iter.    40300, err = 2.041450e-06
Iter.    40400, err = 2.022537e-06
Iter.    40500, err = 2.003801e-06
Iter.    40600, err = 1.985239e-06
Iter.    40700, err = 1.966850e-06
Iter.    40800, err = 1.948633e-06
Iter.    40900, err = 1.930585e-06
Iter.    41000, err = 1.912706e-06
Iter.    41100, err = 1.894993e-06
Iter.    41200, err = 1.877445e-06
Iter.    41300, err = 1.860060e-06
Iter.    41400, err = 1.842838e-06
Iter.    41500, err = 1.825775e-06
Iter.    41600, err = 1.808872e-06
Iter.    41700, err = 1.792125e-06
Iter.    41800, err = 1.775535e-06
Iter.    41900, err = 1.759099e-06
Iter.    42000, err = 1.742816e-06
Iter.    42100, err = 1.726684e-06
Iter.    42200, err = 1.710703e-06
Iter.    42300, err = 1.694870e-06
Iter.    42400, err = 1.679184e-06
Iter.    42500, err = 1.663644e-06
Iter.    42600, err = 1.648249e-06
Iter.    42700, err = 1.632996e-06
Iter.    42800, err = 1.617886e-06
Iter.    42900, err = 1.602916e-06
Iter.    43000, err = 1.588085e-06
Iter.    43100, err = 1.573391e-06
Iter.    43200, err = 1.558835e-06
Iter.    43300, err = 1.544413e-06
Iter.    43400, err = 1.530126e-06
Iter.    43500, err = 1.515971e-06
Iter.    43600, err = 1.501948e-06
Iter.    43700, err = 1.488055e-06
Iter.    43800, err = 1.474290e-06
Iter.    43900, err = 1.460654e-06
Iter.    44000, err = 1.447144e-06
Iter.    44100, err = 1.433760e-06
Iter.    44200, err = 1.420500e-06
Iter.    44300, err = 1.407363e-06
Iter.    44400, err = 1.394348e-06
Iter.    44500, err = 1.381454e-06
Iter.    44600, err = 1.368679e-06
Iter.    44700, err = 1.356023e-06
Iter.    44800, err = 1.343484e-06
Iter.    44900, err = 1.331062e-06
Iter.    45000, err = 1.318755e-06
Iter.    45100, err = 1.306562e-06
Iter.    45200, err = 1.294482e-06
Iter.    45300, err = 1.282514e-06
Iter.    45400, err = 1.270657e-06
Iter.    45500, err = 1.258910e-06
Iter.    45600, err = 1.247272e-06
Iter.    45700, err = 1.235741e-06
Iter.    45800, err = 1.224318e-06
Iter.    45900, err = 1.213001e-06
Iter.    46000, err = 1.201788e-06
Iter.    46100, err = 1.190680e-06
Iter.    46200, err = 1.179674e-06
Iter.    46300, err = 1.168770e-06
Iter.    46400, err = 1.157968e-06
Iter.    46500, err = 1.147265e-06
Iter.    46600, err = 1.136662e-06
Iter.    46700, err = 1.126157e-06
Iter.    46800, err = 1.115749e-06
Iter.    46900, err = 1.105438e-06
Iter.    47000, err = 1.095222e-06
Iter.    47100, err = 1.085101e-06
Iter.    47200, err = 1.075073e-06
Iter.    47300, err = 1.065139e-06
Iter.    47400, err = 1.055296e-06
Iter.    47500, err = 1.045544e-06
Iter.    47600, err = 1.035883e-06
Iter.    47700, err = 1.026312e-06
Iter.    47800, err = 1.016829e-06
Iter.    47900, err = 1.007433e-06
Iter.    47980, err = 9.999797e-07
[1645677272.930351] [adroit-15:657478:0]            sys.c:932  UCX  WARN  Unable to detach shared memory segment at 0x14d7c20: Invalid argument
[adroit-15:657478:0:657478] Caught signal 11 (Segmentation fault: Sent by the kernel at address (nil))
==== backtrace (tid: 657478) ====
 0  /lib64/libucs.so.0(ucs_handle_error+0x2a4) [0x14f17bddc2a4]
 1  /lib64/libucs.so.0(+0x2347c) [0x14f17bddc47c]
 2  /lib64/libucs.so.0(+0x2364a) [0x14f17bddc64a]
 3  /lib64/libucs.so.0(ucs_mpool_cleanup+0x7a) [0x14f17bdd52da]
 4  /lib64/libucp.so.0(ucp_worker_destroy+0xc2) [0x14f1805ec8d2]
 5  /usr/local/openmpi/4.1.0/gcc/lib64/openmpi/mca_pml_ucx.so(mca_pml_ucx_cleanup+0x17b) [0x14f180a4b12b]
 6  /usr/local/openmpi/4.1.0/gcc/lib64/libmpi.so.40(ompi_mpi_finalize+0x59c) [0x14f18f5d579c]
 7  ./a.out() [0x409d4a]
 8  /usr/lib64/libc.so.6(__libc_start_main+0xf3) [0x14f18e695493]
 9  ./a.out() [0x408c2e]
=================================
[adroit-15:657478] *** Process received signal ***
[adroit-15:657478] Signal: Segmentation fault (11)
[adroit-15:657478] Signal code:  (-6)
[adroit-15:657478] Failing at address: 0x2557c000a0846
[adroit-15:657478] [ 0] /usr/lib64/libpthread.so.0(+0x12c20)[0x14f18ea49c20]
[adroit-15:657478] [ 1] /lib64/libucs.so.0(ucs_mpool_cleanup+0x7a)[0x14f17bdd52da]
[adroit-15:657478] [ 2] /lib64/libucp.so.0(ucp_worker_destroy+0xc2)[0x14f1805ec8d2]
[adroit-15:657478] [ 3] /usr/local/openmpi/4.1.0/gcc/lib64/openmpi/mca_pml_ucx.so(mca_pml_ucx_cleanup+0x17b)[0x14f180a4b12b]
[adroit-15:657478] [ 4] /usr/local/openmpi/4.1.0/gcc/lib64/libmpi.so.40(ompi_mpi_finalize+0x59c)[0x14f18f5d579c]
[adroit-15:657478] [ 5] ./a.out[0x409d4a]
[adroit-15:657478] [ 6] /usr/lib64/libc.so.6(__libc_start_main+0xf3)[0x14f18e695493]
[adroit-15:657478] [ 7] ./a.out[0x408c2e]
[adroit-15:657478] *** End of error message ***
Made it past finalize, arr_final contains: 5.848363e-02
Finished in 5.772277e+00 s
--------------------------------------------------------------------------
Primary job  terminated normally, but 1 process returned
a non-zero exit code. Per user-direction, the job has been aborted.
--------------------------------------------------------------------------
--------------------------------------------------------------------------
mpirun noticed that process rank 1 with PID 657478 on node adroit-15 exited on signal 11 (Segmentation fault).
--------------------------------------------------------------------------
Loading required package: ggplot2
Saving 7 x 7 in image
[1] "output saved to phi_128.png"
