Iter.      100, err = 3.686128e-03
Iter.      200, err = 1.719433e-03
Iter.      300, err = 1.130649e-03
Iter.      400, err = 7.870202e-04
Iter.      500, err = 6.926925e-04
Iter.      600, err = 6.191776e-04
Iter.      700, err = 5.608221e-04
Iter.      800, err = 5.139955e-04
Iter.      900, err = 4.755132e-04
Iter.     1000, err = 4.433537e-04
Iter.     1100, err = 4.161010e-04
Iter.     1200, err = 3.922727e-04
Iter.     1300, err = 3.704920e-04
Iter.     1400, err = 3.503037e-04
Iter.     1500, err = 3.314527e-04
Iter.     1600, err = 3.137623e-04
Iter.     1700, err = 2.971073e-04
Iter.     1800, err = 2.813960e-04
Iter.     1900, err = 2.665583e-04
Iter.     2000, err = 2.525381e-04
Iter.     2100, err = 2.392877e-04
Iter.     2200, err = 2.267716e-04
Iter.     2300, err = 2.149858e-04
Iter.     2400, err = 2.038499e-04
Iter.     2500, err = 1.933291e-04
Iter.     2600, err = 1.833901e-04
Iter.     2700, err = 1.740010e-04
Iter.     2800, err = 1.651315e-04
Iter.     2900, err = 1.567524e-04
Iter.     3000, err = 1.488665e-04
Iter.     3100, err = 1.414165e-04
Iter.     3200, err = 1.348062e-04
Iter.     3300, err = 1.307897e-04
Iter.     3400, err = 1.267969e-04
Iter.     3500, err = 1.228435e-04
Iter.     3600, err = 1.189428e-04
Iter.     3700, err = 1.151054e-04
Iter.     3800, err = 1.113398e-04
Iter.     3900, err = 1.076530e-04
Iter.     4000, err = 1.040503e-04
Iter.     4100, err = 1.005357e-04
Iter.     4200, err = 9.711219e-05
Iter.     4300, err = 9.378173e-05
Iter.     4400, err = 9.054555e-05
Iter.     4500, err = 8.740418e-05
Iter.     4600, err = 8.435761e-05
Iter.     4700, err = 8.140535e-05
Iter.     4800, err = 7.854652e-05
Iter.     4900, err = 7.577993e-05
Iter.     5000, err = 7.310411e-05
Iter.     5100, err = 7.051740e-05
Iter.     5200, err = 6.801796e-05
Iter.     5300, err = 6.560381e-05
Iter.     5400, err = 6.327288e-05
Iter.     5500, err = 6.102303e-05
Iter.     5600, err = 5.885205e-05
Iter.     5700, err = 5.675771e-05
Iter.     5800, err = 5.473777e-05
Iter.     5900, err = 5.278998e-05
Iter.     6000, err = 5.091209e-05
Iter.     6100, err = 4.910188e-05
Iter.     6200, err = 4.735716e-05
Iter.     6300, err = 4.567576e-05
Iter.     6400, err = 4.405555e-05
Iter.     6500, err = 4.249446e-05
Iter.     6600, err = 4.099044e-05
Iter.     6700, err = 3.954150e-05
Iter.     6800, err = 3.814572e-05
Iter.     6900, err = 3.680119e-05
Iter.     7000, err = 3.550609e-05
Iter.     7100, err = 3.425864e-05
Iter.     7200, err = 3.305710e-05
Iter.     7300, err = 3.189981e-05
Iter.     7400, err = 3.078514e-05
Iter.     7500, err = 2.971153e-05
Iter.     7600, err = 2.867746e-05
Iter.     7700, err = 2.768145e-05
Iter.     7800, err = 2.672211e-05
Iter.     7900, err = 2.579805e-05
Iter.     8000, err = 2.490796e-05
Iter.     8100, err = 2.405057e-05
Iter.     8200, err = 2.322464e-05
Iter.     8300, err = 2.242901e-05
Iter.     8400, err = 2.166252e-05
Iter.     8500, err = 2.092409e-05
Iter.     8600, err = 2.021264e-05
Iter.     8700, err = 1.952716e-05
Iter.     8800, err = 1.886668e-05
Iter.     8900, err = 1.823024e-05
Iter.     9000, err = 1.761695e-05
Iter.     9100, err = 1.702591e-05
Iter.     9200, err = 1.645630e-05
Iter.     9300, err = 1.590730e-05
Iter.     9400, err = 1.537814e-05
Iter.     9500, err = 1.486806e-05
Iter.     9600, err = 1.437634e-05
Iter.     9700, err = 1.390230e-05
Iter.     9800, err = 1.344526e-05
Iter.     9900, err = 1.300458e-05
Iter.    10000, err = 1.257965e-05
Iter.    10100, err = 1.216988e-05
Iter.    10200, err = 1.177469e-05
Iter.    10300, err = 1.139355e-05
Iter.    10400, err = 1.102591e-05
Iter.    10500, err = 1.067127e-05
Iter.    10600, err = 1.032916e-05
Iter.    10700, err = 9.999092e-06
Iter.    10800, err = 9.680626e-06
Iter.    10900, err = 9.373328e-06
Iter.    11000, err = 9.076780e-06
Iter.    11100, err = 8.790584e-06
Iter.    11200, err = 8.514355e-06
Iter.    11300, err = 8.247724e-06
Iter.    11400, err = 7.990334e-06
Iter.    11500, err = 7.741844e-06
Iter.    11600, err = 7.501926e-06
Iter.    11700, err = 7.270264e-06
Iter.    11800, err = 7.046553e-06
Iter.    11900, err = 6.830503e-06
Iter.    12000, err = 6.621831e-06
Iter.    12100, err = 6.420268e-06
Iter.    12200, err = 6.225554e-06
Iter.    12300, err = 6.037439e-06
Iter.    12400, err = 5.855683e-06
Iter.    12500, err = 5.680054e-06
Iter.    12600, err = 5.510331e-06
Iter.    12700, err = 5.346299e-06
Iter.    12800, err = 5.187753e-06
Iter.    12900, err = 5.034495e-06
Iter.    13000, err = 4.886335e-06
Iter.    13100, err = 4.743089e-06
Iter.    13200, err = 4.604581e-06
Iter.    13300, err = 4.470642e-06
Iter.    13400, err = 4.341109e-06
Iter.    13500, err = 4.215823e-06
Iter.    13600, err = 4.094636e-06
Iter.    13700, err = 3.977400e-06
Iter.    13800, err = 3.863976e-06
Iter.    13900, err = 3.754230e-06
Iter.    14000, err = 3.648032e-06
Iter.    14100, err = 3.545256e-06
Iter.    14200, err = 3.445783e-06
Iter.    14300, err = 3.349497e-06
Iter.    14400, err = 3.256287e-06
Iter.    14500, err = 3.166045e-06
Iter.    14600, err = 3.078669e-06
Iter.    14700, err = 2.994058e-06
Iter.    14800, err = 2.912117e-06
Iter.    14900, err = 2.832754e-06
Iter.    15000, err = 2.755880e-06
Iter.    15100, err = 2.681410e-06
Iter.    15200, err = 2.609260e-06
Iter.    15300, err = 2.539351e-06
Iter.    15400, err = 2.471608e-06
Iter.    15500, err = 2.405956e-06
Iter.    15600, err = 2.342324e-06
Iter.    15700, err = 2.280644e-06
Iter.    15800, err = 2.220849e-06
Iter.    15900, err = 2.162877e-06
Iter.    16000, err = 2.106665e-06
Iter.    16100, err = 2.052156e-06
Iter.    16200, err = 1.999291e-06
Iter.    16300, err = 1.948017e-06
Iter.    16400, err = 1.898279e-06
Iter.    16500, err = 1.850028e-06
Iter.    16600, err = 1.803213e-06
Iter.    16700, err = 1.757788e-06
Iter.    16800, err = 1.713706e-06
Iter.    16900, err = 1.670923e-06
Iter.    17000, err = 1.629398e-06
Iter.    17100, err = 1.589088e-06
Iter.    17200, err = 1.549955e-06
Iter.    17300, err = 1.511959e-06
Iter.    17400, err = 1.475064e-06
Iter.    17500, err = 1.439235e-06
Iter.    17600, err = 1.404437e-06
Iter.    17700, err = 1.370636e-06
Iter.    17800, err = 1.337802e-06
Iter.    17900, err = 1.305903e-06
Iter.    18000, err = 1.274908e-06
Iter.    18100, err = 1.244791e-06
Iter.    18200, err = 1.215521e-06
Iter.    18300, err = 1.187074e-06
Iter.    18400, err = 1.159423e-06
Iter.    18500, err = 1.132542e-06
Iter.    18600, err = 1.106408e-06
Iter.    18700, err = 1.080997e-06
Iter.    18800, err = 1.056287e-06
Iter.    18900, err = 1.032256e-06
Iter.    19000, err = 1.008883e-06
Iter.    19039, err = 9.999418e-07
[adroit-15:657628:0:657628] Caught signal 11 (Segmentation fault: Sent by the kernel at address (nil))
==== backtrace (tid: 657628) ====
 0  /lib64/libucs.so.0(ucs_handle_error+0x2a4) [0x148a40f582a4]
 1  /lib64/libucs.so.0(+0x2347c) [0x148a40f5847c]
 2  /lib64/libucs.so.0(+0x2364a) [0x148a40f5864a]
 3  /lib64/libucs.so.0(ucs_mpool_cleanup+0x2d) [0x148a40f5128d]
 4  /lib64/libucp.so.0(ucp_worker_destroy+0xc2) [0x148a415f78d2]
 5  /usr/local/openmpi/4.1.0/gcc/lib64/openmpi/mca_pml_ucx.so(mca_pml_ucx_cleanup+0x17b) [0x148a41a5612b]
 6  /usr/local/openmpi/4.1.0/gcc/lib64/libmpi.so.40(ompi_mpi_finalize+0x59c) [0x148a5050d79c]
 7  ./a.out() [0x409d4a]
 8  /usr/lib64/libc.so.6(__libc_start_main+0xf3) [0x148a4f5cd493]
 9  ./a.out() [0x408c2e]
=================================
[adroit-15:657628] *** Process received signal ***
[adroit-15:657628] Signal: Segmentation fault (11)
[adroit-15:657628] Signal code:  (-6)
[adroit-15:657628] Failing at address: 0x2557c000a08dc
[adroit-15:657628] [ 0] /usr/lib64/libpthread.so.0(+0x12c20)[0x148a4f981c20]
[adroit-15:657628] [ 1] /lib64/libucs.so.0(ucs_mpool_cleanup+0x2d)[0x148a40f5128d]
[adroit-15:657628] [ 2] /lib64/libucp.so.0(ucp_worker_destroy+0xc2)[0x148a415f78d2]
[adroit-15:657628] [ 3] /usr/local/openmpi/4.1.0/gcc/lib64/openmpi/mca_pml_ucx.so(mca_pml_ucx_cleanup+0x17b)[0x148a41a5612b]
[adroit-15:657628] [ 4] /usr/local/openmpi/4.1.0/gcc/lib64/libmpi.so.40(ompi_mpi_finalize+0x59c)[0x148a5050d79c]
[adroit-15:657628] [ 5] ./a.out[0x409d4a]
[adroit-15:657628] [ 6] /usr/lib64/libc.so.6(__libc_start_main+0xf3)[0x148a4f5cd493]
[adroit-15:657628] [ 7] ./a.out[0x408c2e]
[adroit-15:657628] *** End of error message ***
Made it past finalize, arr_final contains: 9.984648e-02
Finished in 2.338851e+00 s
--------------------------------------------------------------------------
Primary job  terminated normally, but 1 process returned
a non-zero exit code. Per user-direction, the job has been aborted.
--------------------------------------------------------------------------
--------------------------------------------------------------------------
mpirun noticed that process rank 1 with PID 657628 on node adroit-15 exited on signal 11 (Segmentation fault).
--------------------------------------------------------------------------
Fatal error: cannot open file 'p1a_fig_gen.R': No such file or directory
