running poisson
Iter.     1000, err = 3.511678e-04
Iter.     2000, err = 1.720231e-04
Iter.     3000, err = 1.393929e-04
Iter.     4000, err = 1.017567e-04
Iter.     5000, err = 7.409046e-05
Iter.     6000, err = 5.521126e-05
Iter.     7000, err = 4.221216e-05
Iter.     8000, err = 3.298306e-05
Iter.     9000, err = 2.621448e-05
Iter.    10000, err = 2.110997e-05
Iter.    11000, err = 1.717383e-05
Iter.    12000, err = 1.408564e-05
Iter.    13000, err = 1.162977e-05
Iter.    14000, err = 9.655702e-06
Iter.    15000, err = 8.054974e-06
Iter.    16000, err = 6.747471e-06
Iter.    17000, err = 5.672802e-06
Iter.    18000, err = 4.784706e-06
Iter.    19000, err = 4.047292e-06
Iter.    20000, err = 3.432408e-06
Iter.    21000, err = 2.917768e-06
Iter.    22000, err = 2.485592e-06
Iter.    23000, err = 2.121590e-06
Iter.    24000, err = 1.814198e-06
Iter.    25000, err = 1.554008e-06
Iter.    26000, err = 1.333316e-06
Iter.    27000, err = 1.145786e-06
Iter.    27907, err = 9.999691e-07
Loading required package: ggplot2
Saving 7 x 7 in image
[1] "output saved to phi_128.png"
