Iter.      100, err = 3.746754e-03, err_1 = 3.746754e-03, err_2 = 0.000000e+00
Iter.      200, err = 1.754126e-03, err_1 = 1.754126e-03, err_2 = 0.000000e+00
Iter.      300, err = 1.127809e-03, err_1 = 1.127809e-03, err_2 = 0.000000e+00
Iter.      400, err = 9.121373e-04, err_1 = 9.121373e-04, err_2 = 0.000000e+00
Iter.      500, err = 7.548937e-04, err_1 = 7.548937e-04, err_2 = 0.000000e+00
Iter.      600, err = 6.310830e-04, err_1 = 6.310830e-04, err_2 = 0.000000e+00
Iter.      700, err = 5.319033e-04, err_1 = 5.319033e-04, err_2 = 0.000000e+00
Iter.      800, err = 4.508982e-04, err_1 = 4.508982e-04, err_2 = 0.000000e+00
Iter.      900, err = 3.942821e-04, err_1 = 3.942821e-04, err_2 = 0.000000e+00
Iter.     1000, err = 3.511678e-04, err_1 = 3.511678e-04, err_2 = 0.000000e+00
Iter.     1100, err = 3.148196e-04, err_1 = 3.148196e-04, err_2 = 0.000000e+00
Iter.     1200, err = 2.836230e-04, err_1 = 2.836230e-04, err_2 = 0.000000e+00
Iter.     1300, err = 2.563167e-04, err_1 = 2.563167e-04, err_2 = 0.000000e+00
Iter.     1400, err = 2.319440e-04, err_1 = 2.319440e-04, err_2 = 0.000000e+00
Iter.     1500, err = 2.104185e-04, err_1 = 2.104185e-04, err_2 = 0.000000e+00
Iter.     1600, err = 1.911350e-04, err_1 = 1.911350e-04, err_2 = 0.000000e+00
Iter.     1700, err = 1.777516e-04, err_1 = 1.777516e-04, err_2 = 0.000000e+00
Iter.     1800, err = 1.753503e-04, err_1 = 1.753503e-04, err_2 = 0.000000e+00
Iter.     1900, err = 1.734589e-04, err_1 = 1.734589e-04, err_2 = 0.000000e+00
Iter.     2000, err = 1.720231e-04, err_1 = 1.720231e-04, err_2 = 0.000000e+00
Iter.     2100, err = 1.703645e-04, err_1 = 1.703645e-04, err_2 = 0.000000e+00
Iter.     2200, err = 1.681233e-04, err_1 = 1.681233e-04, err_2 = 0.000000e+00
Iter.     2300, err = 1.654019e-04, err_1 = 1.654019e-04, err_2 = 0.000000e+00
Iter.     2400, err = 1.622924e-04, err_1 = 1.622924e-04, err_2 = 0.000000e+00
Iter.     2500, err = 1.588765e-04, err_1 = 1.588765e-04, err_2 = 0.000000e+00
Iter.     2600, err = 1.552258e-04, err_1 = 1.552258e-04, err_2 = 0.000000e+00
Iter.     2700, err = 1.514025e-04, err_1 = 1.514025e-04, err_2 = 0.000000e+00
Iter.     2800, err = 1.474601e-04, err_1 = 1.474601e-04, err_2 = 0.000000e+00
Iter.     2900, err = 1.434441e-04, err_1 = 1.434441e-04, err_2 = 0.000000e+00
Iter.     3000, err = 1.393929e-04, err_1 = 1.393929e-04, err_2 = 0.000000e+00
Iter.     3100, err = 1.353386e-04, err_1 = 1.353386e-04, err_2 = 0.000000e+00
Iter.     3200, err = 1.313076e-04, err_1 = 1.313076e-04, err_2 = 0.000000e+00
Iter.     3300, err = 1.273216e-04, err_1 = 1.273216e-04, err_2 = 0.000000e+00
Iter.     3400, err = 1.233982e-04, err_1 = 1.233982e-04, err_2 = 0.000000e+00
Iter.     3500, err = 1.195511e-04, err_1 = 1.195511e-04, err_2 = 0.000000e+00
Iter.     3600, err = 1.157913e-04, err_1 = 1.157913e-04, err_2 = 0.000000e+00
Iter.     3700, err = 1.121269e-04, err_1 = 1.121269e-04, err_2 = 0.000000e+00
Iter.     3800, err = 1.085638e-04, err_1 = 1.085638e-04, err_2 = 0.000000e+00
Iter.     3900, err = 1.051062e-04, err_1 = 1.051062e-04, err_2 = 0.000000e+00
Iter.     4000, err = 1.017567e-04, err_1 = 1.017567e-04, err_2 = 0.000000e+00
Iter.     4100, err = 9.851636e-05, err_1 = 9.851636e-05, err_2 = 0.000000e+00
Iter.     4200, err = 9.538557e-05, err_1 = 9.538557e-05, err_2 = 0.000000e+00
Iter.     4300, err = 9.236365e-05, err_1 = 9.236365e-05, err_2 = 0.000000e+00
Iter.     4400, err = 8.944925e-05, err_1 = 8.944925e-05, err_2 = 0.000000e+00
Iter.     4500, err = 8.664050e-05, err_1 = 8.664050e-05, err_2 = 0.000000e+00
Iter.     4600, err = 8.393507e-05, err_1 = 8.393507e-05, err_2 = 0.000000e+00
Iter.     4700, err = 8.133033e-05, err_1 = 8.133033e-05, err_2 = 0.000000e+00
Iter.     4800, err = 7.882337e-05, err_1 = 7.882337e-05, err_2 = 0.000000e+00
Iter.     4900, err = 7.641114e-05, err_1 = 7.641114e-05, err_2 = 0.000000e+00
Iter.     5000, err = 7.409046e-05, err_1 = 7.409046e-05, err_2 = 0.000000e+00
Iter.     5100, err = 7.185807e-05, err_1 = 7.185807e-05, err_2 = 0.000000e+00
Iter.     5200, err = 6.971071e-05, err_1 = 6.971071e-05, err_2 = 0.000000e+00
Iter.     5300, err = 6.764510e-05, err_1 = 6.764510e-05, err_2 = 0.000000e+00
Iter.     5400, err = 6.565802e-05, err_1 = 6.565802e-05, err_2 = 0.000000e+00
Iter.     5500, err = 6.374626e-05, err_1 = 6.374626e-05, err_2 = 0.000000e+00
Iter.     5600, err = 6.190671e-05, err_1 = 6.190671e-05, err_2 = 0.000000e+00
Iter.     5700, err = 6.013634e-05, err_1 = 6.013634e-05, err_2 = 0.000000e+00
Iter.     5800, err = 5.843220e-05, err_1 = 5.843220e-05, err_2 = 0.000000e+00
Iter.     5900, err = 5.679142e-05, err_1 = 5.679142e-05, err_2 = 0.000000e+00
Iter.     6000, err = 5.521126e-05, err_1 = 5.521126e-05, err_2 = 0.000000e+00
Iter.     6100, err = 5.368908e-05, err_1 = 5.368908e-05, err_2 = 0.000000e+00
Iter.     6200, err = 5.222231e-05, err_1 = 5.222231e-05, err_2 = 0.000000e+00
Iter.     6300, err = 5.080854e-05, err_1 = 5.080854e-05, err_2 = 0.000000e+00
Iter.     6400, err = 4.944541e-05, err_1 = 4.944541e-05, err_2 = 0.000000e+00
Iter.     6500, err = 4.813070e-05, err_1 = 4.813070e-05, err_2 = 0.000000e+00
Iter.     6600, err = 4.686228e-05, err_1 = 4.686228e-05, err_2 = 0.000000e+00
Iter.     6700, err = 4.563811e-05, err_1 = 4.563811e-05, err_2 = 0.000000e+00
Iter.     6800, err = 4.445625e-05, err_1 = 4.445625e-05, err_2 = 0.000000e+00
Iter.     6900, err = 4.331485e-05, err_1 = 4.331485e-05, err_2 = 0.000000e+00
Iter.     7000, err = 4.221216e-05, err_1 = 4.221216e-05, err_2 = 0.000000e+00
Iter.     7100, err = 4.114650e-05, err_1 = 4.114650e-05, err_2 = 0.000000e+00
Iter.     7200, err = 4.011627e-05, err_1 = 4.011627e-05, err_2 = 0.000000e+00
Iter.     7300, err = 3.911997e-05, err_1 = 3.911997e-05, err_2 = 0.000000e+00
Iter.     7400, err = 3.815614e-05, err_1 = 3.815614e-05, err_2 = 0.000000e+00
Iter.     7500, err = 3.722342e-05, err_1 = 3.722342e-05, err_2 = 0.000000e+00
Iter.     7600, err = 3.632051e-05, err_1 = 3.632051e-05, err_2 = 0.000000e+00
Iter.     7700, err = 3.544617e-05, err_1 = 3.544617e-05, err_2 = 0.000000e+00
Iter.     7800, err = 3.459922e-05, err_1 = 3.459922e-05, err_2 = 0.000000e+00
Iter.     7900, err = 3.377853e-05, err_1 = 3.377853e-05, err_2 = 0.000000e+00
Iter.     8000, err = 3.298306e-05, err_1 = 3.298306e-05, err_2 = 0.000000e+00
Iter.     8100, err = 3.221177e-05, err_1 = 3.221177e-05, err_2 = 0.000000e+00
Iter.     8200, err = 3.146372e-05, err_1 = 3.146372e-05, err_2 = 0.000000e+00
Iter.     8300, err = 3.073799e-05, err_1 = 3.073799e-05, err_2 = 0.000000e+00
Iter.     8400, err = 3.003369e-05, err_1 = 3.003369e-05, err_2 = 0.000000e+00
Iter.     8500, err = 2.935002e-05, err_1 = 2.935002e-05, err_2 = 0.000000e+00
Iter.     8600, err = 2.868616e-05, err_1 = 2.868616e-05, err_2 = 0.000000e+00
Iter.     8700, err = 2.804138e-05, err_1 = 2.804138e-05, err_2 = 0.000000e+00
Iter.     8800, err = 2.741496e-05, err_1 = 2.741496e-05, err_2 = 0.000000e+00
Iter.     8900, err = 2.680621e-05, err_1 = 2.680621e-05, err_2 = 0.000000e+00
Iter.     9000, err = 2.621448e-05, err_1 = 2.621448e-05, err_2 = 0.000000e+00
Iter.     9100, err = 2.563915e-05, err_1 = 2.563915e-05, err_2 = 0.000000e+00
Iter.     9200, err = 2.507964e-05, err_1 = 2.507964e-05, err_2 = 0.000000e+00
Iter.     9300, err = 2.453537e-05, err_1 = 2.453537e-05, err_2 = 0.000000e+00
Iter.     9400, err = 2.400581e-05, err_1 = 2.400581e-05, err_2 = 0.000000e+00
Iter.     9500, err = 2.349043e-05, err_1 = 2.349043e-05, err_2 = 0.000000e+00
Iter.     9600, err = 2.298876e-05, err_1 = 2.298876e-05, err_2 = 0.000000e+00
Iter.     9700, err = 2.250032e-05, err_1 = 2.250032e-05, err_2 = 0.000000e+00
Iter.     9800, err = 2.202466e-05, err_1 = 2.202466e-05, err_2 = 0.000000e+00
Iter.     9900, err = 2.156135e-05, err_1 = 2.156135e-05, err_2 = 0.000000e+00
Iter.    10000, err = 2.110997e-05, err_1 = 2.110997e-05, err_2 = 0.000000e+00
Iter.    10100, err = 2.067015e-05, err_1 = 2.067015e-05, err_2 = 0.000000e+00
Iter.    10200, err = 2.024149e-05, err_1 = 2.024149e-05, err_2 = 0.000000e+00
Iter.    10300, err = 1.982363e-05, err_1 = 1.982363e-05, err_2 = 0.000000e+00
Iter.    10400, err = 1.941624e-05, err_1 = 1.941624e-05, err_2 = 0.000000e+00
Iter.    10500, err = 1.901897e-05, err_1 = 1.901897e-05, err_2 = 0.000000e+00
Iter.    10600, err = 1.863151e-05, err_1 = 1.863151e-05, err_2 = 0.000000e+00
Iter.    10700, err = 1.825356e-05, err_1 = 1.825356e-05, err_2 = 0.000000e+00
Iter.    10800, err = 1.788481e-05, err_1 = 1.788481e-05, err_2 = 0.000000e+00
Iter.    10900, err = 1.752499e-05, err_1 = 1.752499e-05, err_2 = 0.000000e+00
Iter.    11000, err = 1.717383e-05, err_1 = 1.717383e-05, err_2 = 0.000000e+00
Iter.    11100, err = 1.683107e-05, err_1 = 1.683107e-05, err_2 = 0.000000e+00
Iter.    11200, err = 1.649645e-05, err_1 = 1.649645e-05, err_2 = 0.000000e+00
Iter.    11300, err = 1.616973e-05, err_1 = 1.616973e-05, err_2 = 0.000000e+00
Iter.    11400, err = 1.585069e-05, err_1 = 1.585069e-05, err_2 = 0.000000e+00
Iter.    11500, err = 1.553910e-05, err_1 = 1.553910e-05, err_2 = 0.000000e+00
Iter.    11600, err = 1.523474e-05, err_1 = 1.523474e-05, err_2 = 0.000000e+00
Iter.    11700, err = 1.493741e-05, err_1 = 1.493741e-05, err_2 = 0.000000e+00
Iter.    11800, err = 1.464691e-05, err_1 = 1.464691e-05, err_2 = 0.000000e+00
Iter.    11900, err = 1.436305e-05, err_1 = 1.436305e-05, err_2 = 0.000000e+00
Iter.    12000, err = 1.408564e-05, err_1 = 1.408564e-05, err_2 = 0.000000e+00
Iter.    12100, err = 1.381449e-05, err_1 = 1.381449e-05, err_2 = 0.000000e+00
Iter.    12200, err = 1.354945e-05, err_1 = 1.354945e-05, err_2 = 0.000000e+00
Iter.    12300, err = 1.329034e-05, err_1 = 1.329034e-05, err_2 = 0.000000e+00
Iter.    12400, err = 1.303700e-05, err_1 = 1.303700e-05, err_2 = 0.000000e+00
Iter.    12500, err = 1.278927e-05, err_1 = 1.278927e-05, err_2 = 0.000000e+00
Iter.    12600, err = 1.254701e-05, err_1 = 1.254701e-05, err_2 = 0.000000e+00
Iter.    12700, err = 1.231007e-05, err_1 = 1.231007e-05, err_2 = 0.000000e+00
Iter.    12800, err = 1.207830e-05, err_1 = 1.207830e-05, err_2 = 0.000000e+00
Iter.    12900, err = 1.185158e-05, err_1 = 1.185158e-05, err_2 = 0.000000e+00
Iter.    13000, err = 1.162977e-05, err_1 = 1.162977e-05, err_2 = 0.000000e+00
Iter.    13100, err = 1.141275e-05, err_1 = 1.141275e-05, err_2 = 0.000000e+00
Iter.    13200, err = 1.120039e-05, err_1 = 1.120039e-05, err_2 = 0.000000e+00
Iter.    13300, err = 1.099256e-05, err_1 = 1.099256e-05, err_2 = 0.000000e+00
Iter.    13400, err = 1.078917e-05, err_1 = 1.078917e-05, err_2 = 0.000000e+00
Iter.    13500, err = 1.059008e-05, err_1 = 1.059008e-05, err_2 = 0.000000e+00
Iter.    13600, err = 1.039521e-05, err_1 = 1.039521e-05, err_2 = 0.000000e+00
Iter.    13700, err = 1.020443e-05, err_1 = 1.020443e-05, err_2 = 0.000000e+00
Iter.    13800, err = 1.001765e-05, err_1 = 1.001765e-05, err_2 = 0.000000e+00
Iter.    13900, err = 9.834776e-06, err_1 = 9.834776e-06, err_2 = 0.000000e+00
Iter.    14000, err = 9.655702e-06, err_1 = 9.655702e-06, err_2 = 0.000000e+00
Iter.    14100, err = 9.480338e-06, err_1 = 9.480338e-06, err_2 = 0.000000e+00
Iter.    14200, err = 9.308594e-06, err_1 = 9.308594e-06, err_2 = 0.000000e+00
Iter.    14300, err = 9.140383e-06, err_1 = 9.140383e-06, err_2 = 0.000000e+00
Iter.    14400, err = 8.975620e-06, err_1 = 8.975620e-06, err_2 = 0.000000e+00
Iter.    14500, err = 8.814222e-06, err_1 = 8.814222e-06, err_2 = 0.000000e+00
Iter.    14600, err = 8.656108e-06, err_1 = 8.656108e-06, err_2 = 0.000000e+00
Iter.    14700, err = 8.501201e-06, err_1 = 8.501201e-06, err_2 = 0.000000e+00
Iter.    14800, err = 8.349425e-06, err_1 = 8.349425e-06, err_2 = 0.000000e+00
Iter.    14900, err = 8.200706e-06, err_1 = 8.200706e-06, err_2 = 0.000000e+00
Iter.    15000, err = 8.054974e-06, err_1 = 8.054974e-06, err_2 = 0.000000e+00
Iter.    15100, err = 7.912157e-06, err_1 = 7.912157e-06, err_2 = 0.000000e+00
Iter.    15200, err = 7.772189e-06, err_1 = 7.772189e-06, err_2 = 0.000000e+00
Iter.    15300, err = 7.635005e-06, err_1 = 7.635005e-06, err_2 = 0.000000e+00
Iter.    15400, err = 7.500539e-06, err_1 = 7.500539e-06, err_2 = 0.000000e+00
Iter.    15500, err = 7.368729e-06, err_1 = 7.368729e-06, err_2 = 0.000000e+00
Iter.    15600, err = 7.239516e-06, err_1 = 7.239516e-06, err_2 = 0.000000e+00
Iter.    15700, err = 7.112841e-06, err_1 = 7.112841e-06, err_2 = 0.000000e+00
Iter.    15800, err = 6.988645e-06, err_1 = 6.988645e-06, err_2 = 0.000000e+00
Iter.    15900, err = 6.866873e-06, err_1 = 6.866873e-06, err_2 = 0.000000e+00
Iter.    16000, err = 6.747471e-06, err_1 = 6.747471e-06, err_2 = 0.000000e+00
Iter.    16100, err = 6.630386e-06, err_1 = 6.630386e-06, err_2 = 0.000000e+00
Iter.    16200, err = 6.515566e-06, err_1 = 6.515566e-06, err_2 = 0.000000e+00
Iter.    16300, err = 6.402962e-06, err_1 = 6.402962e-06, err_2 = 0.000000e+00
Iter.    16400, err = 6.292523e-06, err_1 = 6.292523e-06, err_2 = 0.000000e+00
Iter.    16500, err = 6.184204e-06, err_1 = 6.184204e-06, err_2 = 0.000000e+00
Iter.    16600, err = 6.077956e-06, err_1 = 6.077956e-06, err_2 = 0.000000e+00
Iter.    16700, err = 5.973736e-06, err_1 = 5.973736e-06, err_2 = 0.000000e+00
Iter.    16800, err = 5.871498e-06, err_1 = 5.871498e-06, err_2 = 0.000000e+00
Iter.    16900, err = 5.771201e-06, err_1 = 5.771201e-06, err_2 = 0.000000e+00
Iter.    17000, err = 5.672802e-06, err_1 = 5.672802e-06, err_2 = 0.000000e+00
Iter.    17100, err = 5.576260e-06, err_1 = 5.576260e-06, err_2 = 0.000000e+00
Iter.    17200, err = 5.481535e-06, err_1 = 5.481535e-06, err_2 = 0.000000e+00
Iter.    17300, err = 5.388589e-06, err_1 = 5.388589e-06, err_2 = 0.000000e+00
Iter.    17400, err = 5.297384e-06, err_1 = 5.297384e-06, err_2 = 0.000000e+00
Iter.    17500, err = 5.207883e-06, err_1 = 5.207883e-06, err_2 = 0.000000e+00
Iter.    17600, err = 5.120050e-06, err_1 = 5.120050e-06, err_2 = 0.000000e+00
Iter.    17700, err = 5.033850e-06, err_1 = 5.033850e-06, err_2 = 0.000000e+00
Iter.    17800, err = 4.949248e-06, err_1 = 4.949248e-06, err_2 = 0.000000e+00
Iter.    17900, err = 4.866211e-06, err_1 = 4.866211e-06, err_2 = 0.000000e+00
Iter.    18000, err = 4.784706e-06, err_1 = 4.784706e-06, err_2 = 0.000000e+00
Iter.    18100, err = 4.704702e-06, err_1 = 4.704702e-06, err_2 = 0.000000e+00
Iter.    18200, err = 4.626168e-06, err_1 = 4.626168e-06, err_2 = 0.000000e+00
Iter.    18300, err = 4.549072e-06, err_1 = 4.549072e-06, err_2 = 0.000000e+00
Iter.    18400, err = 4.473386e-06, err_1 = 4.473386e-06, err_2 = 0.000000e+00
Iter.    18500, err = 4.399080e-06, err_1 = 4.399080e-06, err_2 = 0.000000e+00
Iter.    18600, err = 4.326127e-06, err_1 = 4.326127e-06, err_2 = 0.000000e+00
Iter.    18700, err = 4.254498e-06, err_1 = 4.254498e-06, err_2 = 0.000000e+00
Iter.    18800, err = 4.184167e-06, err_1 = 4.184167e-06, err_2 = 0.000000e+00
Iter.    18900, err = 4.115107e-06, err_1 = 4.115107e-06, err_2 = 0.000000e+00
Iter.    19000, err = 4.047292e-06, err_1 = 4.047292e-06, err_2 = 0.000000e+00
Iter.    19100, err = 3.980699e-06, err_1 = 3.980699e-06, err_2 = 0.000000e+00
Iter.    19200, err = 3.915301e-06, err_1 = 3.915301e-06, err_2 = 0.000000e+00
Iter.    19300, err = 3.851075e-06, err_1 = 3.851075e-06, err_2 = 0.000000e+00
Iter.    19400, err = 3.787998e-06, err_1 = 3.787998e-06, err_2 = 0.000000e+00
Iter.    19500, err = 3.726046e-06, err_1 = 3.726046e-06, err_2 = 0.000000e+00
Iter.    19600, err = 3.665198e-06, err_1 = 3.665198e-06, err_2 = 0.000000e+00
Iter.    19700, err = 3.605431e-06, err_1 = 3.605431e-06, err_2 = 0.000000e+00
Iter.    19800, err = 3.546724e-06, err_1 = 3.546724e-06, err_2 = 0.000000e+00
Iter.    19900, err = 3.489056e-06, err_1 = 3.489056e-06, err_2 = 0.000000e+00
Iter.    20000, err = 3.432408e-06, err_1 = 3.432408e-06, err_2 = 0.000000e+00
Iter.    20100, err = 3.376757e-06, err_1 = 3.376757e-06, err_2 = 0.000000e+00
Iter.    20200, err = 3.322086e-06, err_1 = 3.322086e-06, err_2 = 0.000000e+00
Iter.    20300, err = 3.268376e-06, err_1 = 3.268376e-06, err_2 = 0.000000e+00
Iter.    20400, err = 3.215607e-06, err_1 = 3.215607e-06, err_2 = 0.000000e+00
Iter.    20500, err = 3.163761e-06, err_1 = 3.163761e-06, err_2 = 0.000000e+00
Iter.    20600, err = 3.112820e-06, err_1 = 3.112820e-06, err_2 = 0.000000e+00
Iter.    20700, err = 3.062767e-06, err_1 = 3.062767e-06, err_2 = 0.000000e+00
Iter.    20800, err = 3.013586e-06, err_1 = 3.013586e-06, err_2 = 0.000000e+00
Iter.    20900, err = 2.965258e-06, err_1 = 2.965258e-06, err_2 = 0.000000e+00
Iter.    21000, err = 2.917768e-06, err_1 = 2.917768e-06, err_2 = 0.000000e+00
Iter.    21100, err = 2.871100e-06, err_1 = 2.871100e-06, err_2 = 0.000000e+00
Iter.    21200, err = 2.825238e-06, err_1 = 2.825238e-06, err_2 = 0.000000e+00
Iter.    21300, err = 2.780167e-06, err_1 = 2.780167e-06, err_2 = 0.000000e+00
Iter.    21400, err = 2.735871e-06, err_1 = 2.735871e-06, err_2 = 0.000000e+00
Iter.    21500, err = 2.692337e-06, err_1 = 2.692337e-06, err_2 = 0.000000e+00
Iter.    21600, err = 2.649550e-06, err_1 = 2.649550e-06, err_2 = 0.000000e+00
Iter.    21700, err = 2.607495e-06, err_1 = 2.607495e-06, err_2 = 0.000000e+00
Iter.    21800, err = 2.566160e-06, err_1 = 2.566160e-06, err_2 = 0.000000e+00
Iter.    21900, err = 2.525530e-06, err_1 = 2.525530e-06, err_2 = 0.000000e+00
Iter.    22000, err = 2.485592e-06, err_1 = 2.485592e-06, err_2 = 0.000000e+00
Iter.    22100, err = 2.446334e-06, err_1 = 2.446334e-06, err_2 = 0.000000e+00
Iter.    22200, err = 2.407743e-06, err_1 = 2.407743e-06, err_2 = 0.000000e+00
Iter.    22300, err = 2.369807e-06, err_1 = 2.369807e-06, err_2 = 0.000000e+00
Iter.    22400, err = 2.332512e-06, err_1 = 2.332512e-06, err_2 = 0.000000e+00
Iter.    22500, err = 2.295849e-06, err_1 = 2.295849e-06, err_2 = 0.000000e+00
Iter.    22600, err = 2.259804e-06, err_1 = 2.259804e-06, err_2 = 0.000000e+00
Iter.    22700, err = 2.224367e-06, err_1 = 2.224367e-06, err_2 = 0.000000e+00
Iter.    22800, err = 2.189526e-06, err_1 = 2.189526e-06, err_2 = 0.000000e+00
Iter.    22900, err = 2.155270e-06, err_1 = 2.155270e-06, err_2 = 0.000000e+00
Iter.    23000, err = 2.121590e-06, err_1 = 2.121590e-06, err_2 = 0.000000e+00
Iter.    23100, err = 2.088474e-06, err_1 = 2.088474e-06, err_2 = 0.000000e+00
Iter.    23200, err = 2.055912e-06, err_1 = 2.055912e-06, err_2 = 0.000000e+00
Iter.    23300, err = 2.023894e-06, err_1 = 2.023894e-06, err_2 = 0.000000e+00
Iter.    23400, err = 1.992410e-06, err_1 = 1.992410e-06, err_2 = 0.000000e+00
Iter.    23500, err = 1.961451e-06, err_1 = 1.961451e-06, err_2 = 0.000000e+00
Iter.    23600, err = 1.931006e-06, err_1 = 1.931006e-06, err_2 = 0.000000e+00
Iter.    23700, err = 1.901068e-06, err_1 = 1.901068e-06, err_2 = 0.000000e+00
Iter.    23800, err = 1.871627e-06, err_1 = 1.871627e-06, err_2 = 0.000000e+00
Iter.    23900, err = 1.842673e-06, err_1 = 1.842673e-06, err_2 = 0.000000e+00
Iter.    24000, err = 1.814198e-06, err_1 = 1.814198e-06, err_2 = 0.000000e+00
Iter.    24100, err = 1.786195e-06, err_1 = 1.786195e-06, err_2 = 0.000000e+00
Iter.    24200, err = 1.758653e-06, err_1 = 1.758653e-06, err_2 = 0.000000e+00
Iter.    24300, err = 1.731565e-06, err_1 = 1.731565e-06, err_2 = 0.000000e+00
Iter.    24400, err = 1.704924e-06, err_1 = 1.704924e-06, err_2 = 0.000000e+00
Iter.    24500, err = 1.678720e-06, err_1 = 1.678720e-06, err_2 = 0.000000e+00
Iter.    24600, err = 1.652947e-06, err_1 = 1.652947e-06, err_2 = 0.000000e+00
Iter.    24700, err = 1.627596e-06, err_1 = 1.627596e-06, err_2 = 0.000000e+00
Iter.    24800, err = 1.602661e-06, err_1 = 1.602661e-06, err_2 = 0.000000e+00
Iter.    24900, err = 1.578134e-06, err_1 = 1.578134e-06, err_2 = 0.000000e+00
Iter.    25000, err = 1.554008e-06, err_1 = 1.554008e-06, err_2 = 0.000000e+00
Iter.    25100, err = 1.530275e-06, err_1 = 1.530275e-06, err_2 = 0.000000e+00
Iter.    25200, err = 1.506930e-06, err_1 = 1.506930e-06, err_2 = 0.000000e+00
Iter.    25300, err = 1.483965e-06, err_1 = 1.483965e-06, err_2 = 0.000000e+00
Iter.    25400, err = 1.461373e-06, err_1 = 1.461373e-06, err_2 = 0.000000e+00
Iter.    25500, err = 1.439149e-06, err_1 = 1.439149e-06, err_2 = 0.000000e+00
Iter.    25600, err = 1.417286e-06, err_1 = 1.417286e-06, err_2 = 0.000000e+00
Iter.    25700, err = 1.395777e-06, err_1 = 1.395777e-06, err_2 = 0.000000e+00
Iter.    25800, err = 1.374616e-06, err_1 = 1.374616e-06, err_2 = 0.000000e+00
Iter.    25900, err = 1.353798e-06, err_1 = 1.353798e-06, err_2 = 0.000000e+00
Iter.    26000, err = 1.333316e-06, err_1 = 1.333316e-06, err_2 = 0.000000e+00
Iter.    26100, err = 1.313165e-06, err_1 = 1.313165e-06, err_2 = 0.000000e+00
Iter.    26200, err = 1.293339e-06, err_1 = 1.293339e-06, err_2 = 0.000000e+00
Iter.    26300, err = 1.273833e-06, err_1 = 1.273833e-06, err_2 = 0.000000e+00
Iter.    26400, err = 1.254640e-06, err_1 = 1.254640e-06, err_2 = 0.000000e+00
Iter.    26500, err = 1.235756e-06, err_1 = 1.235756e-06, err_2 = 0.000000e+00
Iter.    26600, err = 1.217176e-06, err_1 = 1.217176e-06, err_2 = 0.000000e+00
Iter.    26700, err = 1.198894e-06, err_1 = 1.198894e-06, err_2 = 0.000000e+00
Iter.    26800, err = 1.180905e-06, err_1 = 1.180905e-06, err_2 = 0.000000e+00
Iter.    26900, err = 1.163204e-06, err_1 = 1.163204e-06, err_2 = 0.000000e+00
Iter.    27000, err = 1.145786e-06, err_1 = 1.145786e-06, err_2 = 0.000000e+00
Iter.    27100, err = 1.128647e-06, err_1 = 1.128647e-06, err_2 = 0.000000e+00
Iter.    27200, err = 1.111782e-06, err_1 = 1.111782e-06, err_2 = 0.000000e+00
Iter.    27300, err = 1.095186e-06, err_1 = 1.095186e-06, err_2 = 0.000000e+00
Iter.    27400, err = 1.078855e-06, err_1 = 1.078855e-06, err_2 = 0.000000e+00
Iter.    27500, err = 1.062784e-06, err_1 = 1.062784e-06, err_2 = 0.000000e+00
Iter.    27600, err = 1.046968e-06, err_1 = 1.046968e-06, err_2 = 0.000000e+00
Iter.    27700, err = 1.031405e-06, err_1 = 1.031405e-06, err_2 = 0.000000e+00
Iter.    27800, err = 1.016088e-06, err_1 = 1.016088e-06, err_2 = 0.000000e+00
Iter.    27900, err = 1.001015e-06, err_1 = 1.001015e-06, err_2 = 0.000000e+00
Iter.    27907, err = 9.999691e-07, err_1 = 9.999691e-07, err_2 = 0.000000e+00
Finished in 7.268792e+00 s
Loading required package: ggplot2
Saving 7 x 7 in image
[1] "output saved to phi_128.png"
