Iter.     1000, err = 7.520999e-02
Iter.     2000, err = 8.937291e-02
Iter.     3000, err = 1.028763e-01
Iter.     4000, err = 1.100328e-01
Iter.     5000, err = 1.137887e-01
Iter.     6000, err = 1.157525e-01
Iter.     7000, err = 1.167767e-01
Iter.     8000, err = 1.173088e-01
Iter.     9000, err = 1.175834e-01
Iter.    10000, err = 1.177232e-01
Iter.    11000, err = 1.177924e-01
Iter.    12000, err = 1.178247e-01
Iter.    13000, err = 1.178377e-01
Iter.    14000, err = 1.178406e-01
Iter.    15000, err = 1.178383e-01
Iter.    16000, err = 1.178332e-01
Iter.    17000, err = 1.178268e-01
Iter.    18000, err = 1.178197e-01
Iter.    19000, err = 1.178122e-01
Iter.    20000, err = 1.178046e-01
Iter.    21000, err = 1.177969e-01
Iter.    22000, err = 1.177892e-01
Iter.    23000, err = 1.177816e-01
Iter.    24000, err = 1.177739e-01
Iter.    25000, err = 1.177664e-01
Iter.    26000, err = 1.177589e-01
Iter.    27000, err = 1.177514e-01
Iter.    28000, err = 1.177440e-01
Iter.    29000, err = 1.177367e-01
Iter.    30000, err = 1.177294e-01
Iter.    31000, err = 1.177222e-01
Iter.    32000, err = 1.177150e-01
Iter.    33000, err = 1.177079e-01
Iter.    34000, err = 1.177008e-01
Iter.    35000, err = 1.176938e-01
Iter.    36000, err = 1.176868e-01
Iter.    37000, err = 1.176799e-01
Iter.    38000, err = 1.176730e-01
Iter.    39000, err = 1.176662e-01
Iter.    40000, err = 1.176594e-01
Iter.    41000, err = 1.176527e-01
Iter.    42000, err = 1.176460e-01
Iter.    43000, err = 1.176394e-01
Iter.    44000, err = 1.176329e-01
Iter.    45000, err = 1.176264e-01
Iter.    46000, err = 1.176199e-01
Iter.    47000, err = 1.176135e-01
Iter.    48000, err = 1.176071e-01
Iter.    49000, err = 1.176008e-01
Iter.    50000, err = 1.175945e-01
Iter.    51000, err = 1.175883e-01
Iter.    52000, err = 1.175821e-01
Iter.    53000, err = 1.175759e-01
Iter.    54000, err = 1.175698e-01
Iter.    55000, err = 1.175638e-01
Iter.    56000, err = 1.175578e-01
Iter.    57000, err = 1.175518e-01
Iter.    58000, err = 1.175459e-01
Iter.    59000, err = 1.175400e-01
Iter.    60000, err = 1.175342e-01
Iter.    61000, err = 1.175284e-01
Iter.    62000, err = 1.175227e-01
Iter.    63000, err = 1.175170e-01
Iter.    64000, err = 1.175114e-01
Iter.    65000, err = 1.175057e-01
Iter.    66000, err = 1.175002e-01
Iter.    67000, err = 1.174946e-01
Iter.    68000, err = 1.174892e-01
Iter.    69000, err = 1.174837e-01
Iter.    70000, err = 1.174783e-01
Iter.    71000, err = 1.174729e-01
Iter.    72000, err = 1.174676e-01
Iter.    73000, err = 1.174623e-01
Iter.    74000, err = 1.174571e-01
Iter.    75000, err = 1.174519e-01
Iter.    76000, err = 1.174467e-01
Iter.    77000, err = 1.174416e-01
Iter.    78000, err = 1.174365e-01
Iter.    79000, err = 1.174314e-01
Iter.    80000, err = 1.174264e-01
Iter.    81000, err = 1.174214e-01
Iter.    82000, err = 1.174165e-01
Iter.    83000, err = 1.174116e-01
Iter.    84000, err = 1.174067e-01
Iter.    85000, err = 1.174019e-01
Iter.    86000, err = 1.173971e-01
Iter.    87000, err = 1.173923e-01
Iter.    88000, err = 1.173876e-01
Iter.    89000, err = 1.173829e-01
Iter.    90000, err = 1.173782e-01
Iter.    91000, err = 1.173736e-01
Iter.    92000, err = 1.173690e-01
Iter.    93000, err = 1.173645e-01
Iter.    94000, err = 1.173599e-01
Iter.    95000, err = 1.173555e-01
Iter.    96000, err = 1.173510e-01
Iter.    97000, err = 1.173466e-01
Iter.    98000, err = 1.173422e-01
Iter.    99000, err = 1.173379e-01
Iter.   100000, err = 1.173335e-01
double free or corruption (!prev)
/var/spool/slurmd/job1269645/slurm_script: line 12: 1017136 Aborted                 (core dumped) ./a.out
