Iter.     1000, err = 5.677854e+01
Iter.     2000, err = 5.759829e+01
Iter.     3000, err = 5.766332e+01
Iter.     4000, err = 5.764351e+01
Iter.     5000, err = 5.770031e+01
Iter.     6000, err = 5.762045e+01
Iter.     7000, err = 5.753583e+01
Iter.     8000, err = 5.754680e+01
Iter.     9000, err = 5.761802e+01
Iter.    10000, err = 5.746226e+01
Iter.    11000, err = 5.752757e+01
Iter.    12000, err = 5.750181e+01
Iter.    13000, err = 5.748179e+01
Iter.    14000, err = 5.753078e+01
Iter.    15000, err = 5.740525e+01
Iter.    16000, err = 5.739970e+01
Iter.    17000, err = 5.744254e+01
Iter.    18000, err = 5.741192e+01
Iter.    19000, err = 5.762278e+01
Iter.    20000, err = 5.746417e+01
Iter.    21000, err = 5.751372e+01
Iter.    22000, err = 5.748751e+01
Iter.    23000, err = 5.749879e+01
Iter.    24000, err = 5.737971e+01
Iter.    25000, err = 5.741562e+01
Iter.    26000, err = 5.735674e+01
Iter.    27000, err = 5.739402e+01
Iter.    28000, err = 5.745160e+01
Iter.    29000, err = 5.748465e+01
Iter.    30000, err = 5.736653e+01
Iter.    31000, err = 5.749094e+01
Iter.    32000, err = 5.748376e+01
Iter.    33000, err = 5.744586e+01
Iter.    34000, err = 5.745773e+01
Iter.    35000, err = 5.739402e+01
Iter.    36000, err = 5.740680e+01
Iter.    37000, err = 5.743168e+01
Iter.    38000, err = 5.737938e+01
Iter.    39000, err = 5.739301e+01
Iter.    40000, err = 5.731064e+01
Iter.    41000, err = 5.732060e+01
Iter.    42000, err = 5.741177e+01
Iter.    43000, err = 5.745503e+01
Iter.    44000, err = 5.753177e+01
Iter.    45000, err = 5.736713e+01
Iter.    46000, err = 5.743727e+01
Iter.    47000, err = 5.730303e+01
Iter.    48000, err = 5.749417e+01
Iter.    49000, err = 5.750662e+01
Iter.    50000, err = 5.737303e+01
Iter.    51000, err = 5.748888e+01
Iter.    52000, err = 5.736840e+01
Iter.    53000, err = 5.747077e+01
Iter.    54000, err = 5.749694e+01
Iter.    55000, err = 5.746147e+01
Iter.    56000, err = 5.741715e+01
Iter.    57000, err = 5.736217e+01
Iter.    58000, err = 5.735483e+01
Iter.    59000, err = 5.804148e+01
Iter.    60000, err = 5.738213e+01
Iter.    61000, err = 5.736875e+01
Iter.    62000, err = 5.742451e+01
Iter.    63000, err = 5.739105e+01
Iter.    64000, err = 5.742566e+01
Iter.    65000, err = 5.747098e+01
Iter.    66000, err = 5.742043e+01
Iter.    67000, err = 5.746402e+01
Iter.    68000, err = 5.756962e+01
Iter.    69000, err = 5.758763e+01
Iter.    70000, err = 5.930622e+01
Iter.    71000, err = 5.754635e+01
Iter.    72000, err = 5.733847e+01
Iter.    73000, err = 5.737629e+01
Iter.    74000, err = 5.743663e+01
Iter.    75000, err = 5.746407e+01
Iter.    76000, err = 5.744068e+01
Iter.    77000, err = 5.743735e+01
Iter.    78000, err = 5.729205e+01
Iter.    79000, err = 5.739415e+01
Iter.    80000, err = 5.747314e+01
Iter.    81000, err = 5.743594e+01
Iter.    82000, err = 5.756482e+01
Iter.    83000, err = 5.746323e+01
Iter.    84000, err = 5.730465e+01
Iter.    85000, err = 5.745093e+01
Iter.    86000, err = 5.735764e+01
Iter.    87000, err = 5.738712e+01
Iter.    88000, err = 5.745176e+01
Iter.    89000, err = 5.749685e+01
Iter.    90000, err = 5.749102e+01
Iter.    91000, err = 5.753217e+01
Iter.    92000, err = 5.794145e+01
Iter.    93000, err = 5.748569e+01
Iter.    94000, err = 5.759267e+01
Iter.    95000, err = 5.756705e+01
Iter.    96000, err = 5.741846e+01
Iter.    97000, err = 5.739366e+01
Iter.    98000, err = 5.753549e+01
Iter.    99000, err = 5.747753e+01
Iter.   100000, err = 5.752037e+01
double free or corruption (!prev)
/var/spool/slurmd/job1269662/slurm_script: line 12: 1126752 Aborted                 (core dumped) ./a.out 128 1e-6 4
