Iter.      100, err = 3.746754e-03
Iter.      200, err = 1.754126e-03
Iter.      300, err = 1.127809e-03
Iter.      400, err = 9.121373e-04
Iter.      500, err = 7.548937e-04
Iter.      600, err = 6.310830e-04
Iter.      700, err = 5.319033e-04
Iter.      800, err = 4.508982e-04
Iter.      900, err = 3.942821e-04
Iter.     1000, err = 3.511678e-04
Iter.     1100, err = 3.148196e-04
Iter.     1200, err = 2.836230e-04
Iter.     1300, err = 2.563167e-04
Iter.     1400, err = 2.319440e-04
Iter.     1500, err = 2.104185e-04
Iter.     1600, err = 1.911350e-04
Iter.     1700, err = 1.777516e-04
Iter.     1800, err = 1.753503e-04
Iter.     1900, err = 1.734589e-04
Iter.     2000, err = 1.720231e-04
Iter.     2100, err = 1.703645e-04
Iter.     2200, err = 1.681233e-04
Iter.     2300, err = 1.654019e-04
Iter.     2400, err = 1.622924e-04
Iter.     2500, err = 1.588765e-04
Iter.     2600, err = 1.552258e-04
Iter.     2700, err = 1.514025e-04
Iter.     2800, err = 1.474601e-04
Iter.     2900, err = 1.434441e-04
Iter.     3000, err = 1.393929e-04
Iter.     3100, err = 1.353386e-04
Iter.     3200, err = 1.313076e-04
Iter.     3300, err = 1.273216e-04
Iter.     3400, err = 1.233982e-04
Iter.     3500, err = 1.195511e-04
Iter.     3600, err = 1.157913e-04
Iter.     3700, err = 1.121269e-04
Iter.     3800, err = 1.085638e-04
Iter.     3900, err = 1.051062e-04
Iter.     4000, err = 1.017567e-04
Iter.     4100, err = 9.851636e-05
Iter.     4200, err = 9.538557e-05
Iter.     4300, err = 9.236365e-05
Iter.     4400, err = 8.944925e-05
Iter.     4500, err = 8.664050e-05
Iter.     4600, err = 8.393507e-05
Iter.     4700, err = 8.133033e-05
Iter.     4800, err = 7.882337e-05
Iter.     4900, err = 7.641114e-05
Iter.     5000, err = 7.409046e-05
Iter.     5100, err = 7.185807e-05
Iter.     5200, err = 6.971071e-05
Iter.     5300, err = 6.764510e-05
Iter.     5400, err = 6.565802e-05
Iter.     5500, err = 6.374626e-05
Iter.     5600, err = 6.190671e-05
Iter.     5700, err = 6.013634e-05
Iter.     5800, err = 5.843220e-05
Iter.     5900, err = 5.679142e-05
Iter.     6000, err = 5.521126e-05
Iter.     6100, err = 5.368908e-05
Iter.     6200, err = 5.222231e-05
Iter.     6300, err = 5.080854e-05
Iter.     6400, err = 4.944541e-05
Iter.     6500, err = 4.813070e-05
Iter.     6600, err = 4.686228e-05
Iter.     6700, err = 4.563811e-05
Iter.     6800, err = 4.445625e-05
Iter.     6900, err = 4.331485e-05
Iter.     7000, err = 4.221216e-05
Iter.     7100, err = 4.114650e-05
Iter.     7200, err = 4.011627e-05
Iter.     7300, err = 3.911997e-05
Iter.     7400, err = 3.815614e-05
Iter.     7500, err = 3.722342e-05
Iter.     7600, err = 3.632051e-05
Iter.     7700, err = 3.544617e-05
Iter.     7800, err = 3.459922e-05
Iter.     7900, err = 3.377853e-05
Iter.     8000, err = 3.298306e-05
Iter.     8100, err = 3.221177e-05
Iter.     8200, err = 3.146372e-05
Iter.     8300, err = 3.073799e-05
Iter.     8400, err = 3.003369e-05
Iter.     8500, err = 2.935002e-05
Iter.     8600, err = 2.868616e-05
Iter.     8700, err = 2.804138e-05
Iter.     8800, err = 2.741496e-05
Iter.     8900, err = 2.680621e-05
Iter.     9000, err = 2.621448e-05
Iter.     9100, err = 2.563915e-05
Iter.     9200, err = 2.507964e-05
Iter.     9300, err = 2.453537e-05
Iter.     9400, err = 2.400581e-05
Iter.     9500, err = 2.349043e-05
Iter.     9600, err = 2.298876e-05
Iter.     9700, err = 2.250032e-05
Iter.     9800, err = 2.202466e-05
Iter.     9900, err = 2.156135e-05
Iter.    10000, err = 2.110997e-05
Iter.    10100, err = 2.067015e-05
Iter.    10200, err = 2.024149e-05
Iter.    10300, err = 1.982363e-05
Iter.    10400, err = 1.941624e-05
Iter.    10500, err = 1.901897e-05
Iter.    10600, err = 1.863151e-05
Iter.    10700, err = 1.825356e-05
Iter.    10800, err = 1.788481e-05
Iter.    10900, err = 1.752499e-05
Iter.    11000, err = 1.717383e-05
Iter.    11100, err = 1.683107e-05
Iter.    11200, err = 1.649645e-05
Iter.    11300, err = 1.616973e-05
Iter.    11400, err = 1.585069e-05
Iter.    11500, err = 1.553910e-05
Iter.    11600, err = 1.523474e-05
Iter.    11700, err = 1.493741e-05
Iter.    11800, err = 1.464691e-05
Iter.    11900, err = 1.436305e-05
Iter.    12000, err = 1.408564e-05
Iter.    12100, err = 1.381449e-05
Iter.    12200, err = 1.354945e-05
Iter.    12300, err = 1.329034e-05
Iter.    12400, err = 1.303700e-05
Iter.    12500, err = 1.278927e-05
Iter.    12600, err = 1.254701e-05
Iter.    12700, err = 1.231007e-05
Iter.    12800, err = 1.207830e-05
Iter.    12900, err = 1.185158e-05
Iter.    13000, err = 1.162977e-05
Iter.    13100, err = 1.141275e-05
Iter.    13200, err = 1.120039e-05
Iter.    13300, err = 1.099256e-05
Iter.    13400, err = 1.078917e-05
Iter.    13500, err = 1.059008e-05
Iter.    13600, err = 1.039521e-05
Iter.    13700, err = 1.020443e-05
Iter.    13800, err = 1.001765e-05
Iter.    13900, err = 9.834776e-06
Iter.    14000, err = 9.655702e-06
Iter.    14100, err = 9.480338e-06
Iter.    14200, err = 9.308594e-06
Iter.    14300, err = 9.140383e-06
Iter.    14400, err = 8.975620e-06
Iter.    14500, err = 8.814222e-06
Iter.    14600, err = 8.656108e-06
Iter.    14700, err = 8.501201e-06
Iter.    14800, err = 8.349425e-06
Iter.    14900, err = 8.200706e-06
Iter.    15000, err = 8.054974e-06
Iter.    15100, err = 7.912157e-06
Iter.    15200, err = 7.772189e-06
Iter.    15300, err = 7.635005e-06
Iter.    15400, err = 7.500539e-06
Iter.    15500, err = 7.368729e-06
Iter.    15600, err = 7.239516e-06
Iter.    15700, err = 7.112841e-06
Iter.    15800, err = 6.988645e-06
Iter.    15900, err = 6.866873e-06
Iter.    16000, err = 6.747471e-06
Iter.    16100, err = 6.630386e-06
Iter.    16200, err = 6.515566e-06
Iter.    16300, err = 6.402962e-06
Iter.    16400, err = 6.292523e-06
Iter.    16500, err = 6.184204e-06
Iter.    16600, err = 6.077956e-06
Iter.    16700, err = 5.973736e-06
Iter.    16800, err = 5.871498e-06
Iter.    16900, err = 5.771201e-06
Iter.    17000, err = 5.672802e-06
Iter.    17100, err = 5.576260e-06
Iter.    17200, err = 5.481535e-06
Iter.    17300, err = 5.388589e-06
Iter.    17400, err = 5.297384e-06
Iter.    17500, err = 5.207883e-06
Iter.    17600, err = 5.120050e-06
Iter.    17700, err = 5.033850e-06
Iter.    17800, err = 4.949248e-06
Iter.    17900, err = 4.866211e-06
Iter.    18000, err = 4.784706e-06
Iter.    18100, err = 4.704702e-06
Iter.    18200, err = 4.626168e-06
Iter.    18300, err = 4.549072e-06
Iter.    18400, err = 4.473386e-06
Iter.    18500, err = 4.399080e-06
Iter.    18600, err = 4.326127e-06
Iter.    18700, err = 4.254498e-06
Iter.    18800, err = 4.184167e-06
Iter.    18900, err = 4.115107e-06
Iter.    19000, err = 4.047292e-06
Iter.    19100, err = 3.980699e-06
Iter.    19200, err = 3.915301e-06
Iter.    19300, err = 3.851075e-06
Iter.    19400, err = 3.787998e-06
Iter.    19500, err = 3.726046e-06
Iter.    19600, err = 3.665198e-06
Iter.    19700, err = 3.605431e-06
Iter.    19800, err = 3.546724e-06
Iter.    19900, err = 3.489056e-06
Iter.    20000, err = 3.432408e-06
Iter.    20100, err = 3.376757e-06
Iter.    20200, err = 3.322086e-06
Iter.    20300, err = 3.268376e-06
Iter.    20400, err = 3.215607e-06
Iter.    20500, err = 3.163761e-06
Iter.    20600, err = 3.112820e-06
Iter.    20700, err = 3.062767e-06
Iter.    20800, err = 3.013586e-06
Iter.    20900, err = 2.965258e-06
Iter.    21000, err = 2.917768e-06
Iter.    21100, err = 2.871100e-06
Iter.    21200, err = 2.825238e-06
Iter.    21300, err = 2.780167e-06
Iter.    21400, err = 2.735871e-06
Iter.    21500, err = 2.692337e-06
Iter.    21600, err = 2.649550e-06
Iter.    21700, err = 2.607495e-06
Iter.    21800, err = 2.566160e-06
Iter.    21900, err = 2.525530e-06
Iter.    22000, err = 2.485592e-06
Iter.    22100, err = 2.446334e-06
Iter.    22200, err = 2.407743e-06
Iter.    22300, err = 2.369807e-06
Iter.    22400, err = 2.332512e-06
Iter.    22500, err = 2.295849e-06
Iter.    22600, err = 2.259804e-06
Iter.    22700, err = 2.224367e-06
Iter.    22800, err = 2.189526e-06
Iter.    22900, err = 2.155270e-06
Iter.    23000, err = 2.121590e-06
Iter.    23100, err = 2.088474e-06
Iter.    23200, err = 2.055912e-06
Iter.    23300, err = 2.023894e-06
Iter.    23400, err = 1.992410e-06
Iter.    23500, err = 1.961451e-06
Iter.    23600, err = 1.931006e-06
Iter.    23700, err = 1.901068e-06
Iter.    23800, err = 1.871627e-06
Iter.    23900, err = 1.842673e-06
Iter.    24000, err = 1.814198e-06
Iter.    24100, err = 1.786195e-06
Iter.    24200, err = 1.758653e-06
Iter.    24300, err = 1.731565e-06
Iter.    24400, err = 1.704924e-06
Iter.    24500, err = 1.678720e-06
Iter.    24600, err = 1.652947e-06
Iter.    24700, err = 1.627596e-06
Iter.    24800, err = 1.602661e-06
Iter.    24900, err = 1.578134e-06
Iter.    25000, err = 1.554008e-06
Iter.    25100, err = 1.530275e-06
Iter.    25200, err = 1.506930e-06
Iter.    25300, err = 1.483965e-06
Iter.    25400, err = 1.461373e-06
Iter.    25500, err = 1.439149e-06
Iter.    25600, err = 1.417286e-06
Iter.    25700, err = 1.395777e-06
Iter.    25800, err = 1.374616e-06
Iter.    25900, err = 1.353798e-06
Iter.    26000, err = 1.333316e-06
Iter.    26100, err = 1.313165e-06
Iter.    26200, err = 1.293339e-06
Iter.    26300, err = 1.273833e-06
Iter.    26400, err = 1.254640e-06
Iter.    26500, err = 1.235756e-06
Iter.    26600, err = 1.217176e-06
Iter.    26700, err = 1.198894e-06
Iter.    26800, err = 1.180905e-06
Iter.    26900, err = 1.163204e-06
Iter.    27000, err = 1.145786e-06
Iter.    27100, err = 1.128647e-06
Iter.    27200, err = 1.111782e-06
Iter.    27300, err = 1.095186e-06
Iter.    27400, err = 1.078855e-06
Iter.    27500, err = 1.062784e-06
Iter.    27600, err = 1.046968e-06
Iter.    27700, err = 1.031405e-06
Iter.    27800, err = 1.016088e-06
Iter.    27900, err = 1.001015e-06
Iter.    27907, err = 9.999691e-07
Finished in 5.139869e+00 s
Iter.      100, err = 3.746754e-03
Iter.      200, err = 1.754126e-03
Iter.      300, err = 1.127809e-03
Iter.      400, err = 9.121373e-04
Iter.      500, err = 7.548937e-04
Iter.      600, err = 6.310830e-04
Iter.      700, err = 5.319033e-04
Iter.      800, err = 4.508982e-04
Iter.      900, err = 3.942821e-04
Iter.     1000, err = 3.511678e-04
Iter.     1100, err = 3.148196e-04
Iter.     1200, err = 2.836230e-04
Iter.     1300, err = 2.563167e-04
Iter.     1400, err = 2.319440e-04
Iter.     1500, err = 2.104185e-04
Iter.     1600, err = 1.911350e-04
Iter.     1700, err = 1.777516e-04
Iter.     1800, err = 1.753503e-04
Iter.     1900, err = 1.734589e-04
Iter.     2000, err = 1.720231e-04
Iter.     2100, err = 1.703645e-04
Iter.     2200, err = 1.681233e-04
Iter.     2300, err = 1.654019e-04
Iter.     2400, err = 1.622924e-04
Iter.     2500, err = 1.588765e-04
Iter.     2600, err = 1.552258e-04
Iter.     2700, err = 1.514025e-04
Iter.     2800, err = 1.474601e-04
Iter.     2900, err = 1.434441e-04
Iter.     3000, err = 1.393929e-04
Iter.     3100, err = 1.353386e-04
Iter.     3200, err = 1.313076e-04
Iter.     3300, err = 1.273216e-04
Iter.     3400, err = 1.233982e-04
Iter.     3500, err = 1.195511e-04
Iter.     3600, err = 1.157913e-04
Iter.     3700, err = 1.121269e-04
Iter.     3800, err = 1.085638e-04
Iter.     3900, err = 1.051062e-04
Iter.     4000, err = 1.017567e-04
Iter.     4100, err = 9.851636e-05
Iter.     4200, err = 9.538557e-05
Iter.     4300, err = 9.236365e-05
Iter.     4400, err = 8.944925e-05
Iter.     4500, err = 8.664050e-05
Iter.     4600, err = 8.393507e-05
Iter.     4700, err = 8.133033e-05
Iter.     4800, err = 7.882337e-05
Iter.     4900, err = 7.641114e-05
Iter.     5000, err = 7.409046e-05
Iter.     5100, err = 7.185807e-05
Iter.     5200, err = 6.971071e-05
Iter.     5300, err = 6.764510e-05
Iter.     5400, err = 6.565802e-05
Iter.     5500, err = 6.374626e-05
Iter.     5600, err = 6.190671e-05
Iter.     5700, err = 6.013634e-05
Iter.     5800, err = 5.843220e-05
Iter.     5900, err = 5.679142e-05
Iter.     6000, err = 5.521126e-05
Iter.     6100, err = 5.368908e-05
Iter.     6200, err = 5.222231e-05
Iter.     6300, err = 5.080854e-05
Iter.     6400, err = 4.944541e-05
Iter.     6500, err = 4.813070e-05
Iter.     6600, err = 4.686228e-05
Iter.     6700, err = 4.563811e-05
Iter.     6800, err = 4.445625e-05
Iter.     6900, err = 4.331485e-05
Iter.     7000, err = 4.221216e-05
Iter.     7100, err = 4.114650e-05
Iter.     7200, err = 4.011627e-05
Iter.     7300, err = 3.911997e-05
Iter.     7400, err = 3.815614e-05
Iter.     7500, err = 3.722342e-05
Iter.     7600, err = 3.632051e-05
Iter.     7700, err = 3.544617e-05
Iter.     7800, err = 3.459922e-05
Iter.     7900, err = 3.377853e-05
Iter.     8000, err = 3.298306e-05
Iter.     8100, err = 3.221177e-05
Iter.     8200, err = 3.146372e-05
Iter.     8300, err = 3.073799e-05
Iter.     8400, err = 3.003369e-05
Iter.     8500, err = 2.935002e-05
Iter.     8600, err = 2.868616e-05
Iter.     8700, err = 2.804138e-05
Iter.     8800, err = 2.741496e-05
Iter.     8900, err = 2.680621e-05
Iter.     9000, err = 2.621448e-05
Iter.     9100, err = 2.563915e-05
Iter.     9200, err = 2.507964e-05
Iter.     9300, err = 2.453537e-05
Iter.     9400, err = 2.400581e-05
Iter.     9500, err = 2.349043e-05
Iter.     9600, err = 2.298876e-05
Iter.     9700, err = 2.250032e-05
Iter.     9800, err = 2.202466e-05
Iter.     9900, err = 2.156135e-05
Iter.    10000, err = 2.110997e-05
Iter.    10100, err = 2.067015e-05
Iter.    10200, err = 2.024149e-05
Iter.    10300, err = 1.982363e-05
Iter.    10400, err = 1.941624e-05
Iter.    10500, err = 1.901897e-05
Iter.    10600, err = 1.863151e-05
Iter.    10700, err = 1.825356e-05
Iter.    10800, err = 1.788481e-05
Iter.    10900, err = 1.752499e-05
Iter.    11000, err = 1.717383e-05
Iter.    11100, err = 1.683107e-05
Iter.    11200, err = 1.649645e-05
Iter.    11300, err = 1.616973e-05
Iter.    11400, err = 1.585069e-05
Iter.    11500, err = 1.553910e-05
Iter.    11600, err = 1.523474e-05
Iter.    11700, err = 1.493741e-05
Iter.    11800, err = 1.464691e-05
Iter.    11900, err = 1.436305e-05
Iter.    12000, err = 1.408564e-05
Iter.    12100, err = 1.381449e-05
Iter.    12200, err = 1.354945e-05
Iter.    12300, err = 1.329034e-05
Iter.    12400, err = 1.303700e-05
Iter.    12500, err = 1.278927e-05
Iter.    12600, err = 1.254701e-05
Iter.    12700, err = 1.231007e-05
Iter.    12800, err = 1.207830e-05
Iter.    12900, err = 1.185158e-05
Iter.    13000, err = 1.162977e-05
Iter.    13100, err = 1.141275e-05
Iter.    13200, err = 1.120039e-05
Iter.    13300, err = 1.099256e-05
Iter.    13400, err = 1.078917e-05
Iter.    13500, err = 1.059008e-05
Iter.    13600, err = 1.039521e-05
Iter.    13700, err = 1.020443e-05
Iter.    13800, err = 1.001765e-05
Iter.    13900, err = 9.834776e-06
Iter.    14000, err = 9.655702e-06
Iter.    14100, err = 9.480338e-06
Iter.    14200, err = 9.308594e-06
Iter.    14300, err = 9.140383e-06
Iter.    14400, err = 8.975620e-06
Iter.    14500, err = 8.814222e-06
Iter.    14600, err = 8.656108e-06
Iter.    14700, err = 8.501201e-06
Iter.    14800, err = 8.349425e-06
Iter.    14900, err = 8.200706e-06
Iter.    15000, err = 8.054974e-06
Iter.    15100, err = 7.912157e-06
Iter.    15200, err = 7.772189e-06
Iter.    15300, err = 7.635005e-06
Iter.    15400, err = 7.500539e-06
Iter.    15500, err = 7.368729e-06
Iter.    15600, err = 7.239516e-06
Iter.    15700, err = 7.112841e-06
Iter.    15800, err = 6.988645e-06
Iter.    15900, err = 6.866873e-06
Iter.    16000, err = 6.747471e-06
Iter.    16100, err = 6.630386e-06
Iter.    16200, err = 6.515566e-06
Iter.    16300, err = 6.402962e-06
Iter.    16400, err = 6.292523e-06
Iter.    16500, err = 6.184204e-06
Iter.    16600, err = 6.077956e-06
Iter.    16700, err = 5.973736e-06
Iter.    16800, err = 5.871498e-06
Iter.    16900, err = 5.771201e-06
Iter.    17000, err = 5.672802e-06
Iter.    17100, err = 5.576260e-06
Iter.    17200, err = 5.481535e-06
Iter.    17300, err = 5.388589e-06
Iter.    17400, err = 5.297384e-06
Iter.    17500, err = 5.207883e-06
Iter.    17600, err = 5.120050e-06
Iter.    17700, err = 5.033850e-06
Iter.    17800, err = 4.949248e-06
Iter.    17900, err = 4.866211e-06
Iter.    18000, err = 4.784706e-06
Iter.    18100, err = 4.704702e-06
Iter.    18200, err = 4.626168e-06
Iter.    18300, err = 4.549072e-06
Iter.    18400, err = 4.473386e-06
Iter.    18500, err = 4.399080e-06
Iter.    18600, err = 4.326127e-06
Iter.    18700, err = 4.254498e-06
Iter.    18800, err = 4.184167e-06
Iter.    18900, err = 4.115107e-06
Iter.    19000, err = 4.047292e-06
Iter.    19100, err = 3.980699e-06
Iter.    19200, err = 3.915301e-06
Iter.    19300, err = 3.851075e-06
Iter.    19400, err = 3.787998e-06
Iter.    19500, err = 3.726046e-06
Iter.    19600, err = 3.665198e-06
Iter.    19700, err = 3.605431e-06
Iter.    19800, err = 3.546724e-06
Iter.    19900, err = 3.489056e-06
Iter.    20000, err = 3.432408e-06
Iter.    20100, err = 3.376757e-06
Iter.    20200, err = 3.322086e-06
Iter.    20300, err = 3.268376e-06
Iter.    20400, err = 3.215607e-06
Iter.    20500, err = 3.163761e-06
Iter.    20600, err = 3.112820e-06
Iter.    20700, err = 3.062767e-06
Iter.    20800, err = 3.013586e-06
Iter.    20900, err = 2.965258e-06
Iter.    21000, err = 2.917768e-06
Iter.    21100, err = 2.871100e-06
Iter.    21200, err = 2.825238e-06
Iter.    21300, err = 2.780167e-06
Iter.    21400, err = 2.735871e-06
Iter.    21500, err = 2.692337e-06
Iter.    21600, err = 2.649550e-06
Iter.    21700, err = 2.607495e-06
Iter.    21800, err = 2.566160e-06
Iter.    21900, err = 2.525530e-06
Iter.    22000, err = 2.485592e-06
Iter.    22100, err = 2.446334e-06
Iter.    22200, err = 2.407743e-06
Iter.    22300, err = 2.369807e-06
Iter.    22400, err = 2.332512e-06
Iter.    22500, err = 2.295849e-06
Iter.    22600, err = 2.259804e-06
Iter.    22700, err = 2.224367e-06
Iter.    22800, err = 2.189526e-06
Iter.    22900, err = 2.155270e-06
Iter.    23000, err = 2.121590e-06
Iter.    23100, err = 2.088474e-06
Iter.    23200, err = 2.055912e-06
Iter.    23300, err = 2.023894e-06
Iter.    23400, err = 1.992410e-06
Iter.    23500, err = 1.961451e-06
Iter.    23600, err = 1.931006e-06
Iter.    23700, err = 1.901068e-06
Iter.    23800, err = 1.871627e-06
Iter.    23900, err = 1.842673e-06
Iter.    24000, err = 1.814198e-06
Iter.    24100, err = 1.786195e-06
Iter.    24200, err = 1.758653e-06
Iter.    24300, err = 1.731565e-06
Iter.    24400, err = 1.704924e-06
Iter.    24500, err = 1.678720e-06
Iter.    24600, err = 1.652947e-06
Iter.    24700, err = 1.627596e-06
Iter.    24800, err = 1.602661e-06
Iter.    24900, err = 1.578134e-06
Iter.    25000, err = 1.554008e-06
Iter.    25100, err = 1.530275e-06
Iter.    25200, err = 1.506930e-06
Iter.    25300, err = 1.483965e-06
Iter.    25400, err = 1.461373e-06
Iter.    25500, err = 1.439149e-06
Iter.    25600, err = 1.417286e-06
Iter.    25700, err = 1.395777e-06
Iter.    25800, err = 1.374616e-06
Iter.    25900, err = 1.353798e-06
Iter.    26000, err = 1.333316e-06
Iter.    26100, err = 1.313165e-06
Iter.    26200, err = 1.293339e-06
Iter.    26300, err = 1.273833e-06
Iter.    26400, err = 1.254640e-06
Iter.    26500, err = 1.235756e-06
Iter.    26600, err = 1.217176e-06
Iter.    26700, err = 1.198894e-06
Iter.    26800, err = 1.180905e-06
Iter.    26900, err = 1.163204e-06
Iter.    27000, err = 1.145786e-06
Iter.    27100, err = 1.128647e-06
Iter.    27200, err = 1.111782e-06
Iter.    27300, err = 1.095186e-06
Iter.    27400, err = 1.078855e-06
Iter.    27500, err = 1.062784e-06
Iter.    27600, err = 1.046968e-06
Iter.    27700, err = 1.031405e-06
Iter.    27800, err = 1.016088e-06
Iter.    27900, err = 1.001015e-06
Iter.    27907, err = 9.999691e-07
Finished in 2.726710e+00 s
Iter.      100, err = 3.746754e-03
Iter.      200, err = 1.754126e-03
Iter.      300, err = 1.127809e-03
Iter.      400, err = 8.092938e-04
Iter.      500, err = 6.289340e-04
Iter.      600, err = 5.029759e-04
Iter.      700, err = 4.124183e-04
Iter.      800, err = 3.448530e-04
Iter.      900, err = 2.930366e-04
Iter.     1000, err = 2.521603e-04
Iter.     1100, err = 2.191132e-04
Iter.     1200, err = 1.920246e-04
Iter.     1300, err = 1.691886e-04
Iter.     1400, err = 1.497241e-04
Iter.     1500, err = 1.330800e-04
Iter.     1600, err = 1.185749e-04
Iter.     1700, err = 1.060118e-04
Iter.     1800, err = 9.498691e-05
Iter.     1900, err = 8.536407e-05
Iter.     2000, err = 7.688661e-05
Iter.     2100, err = 6.949945e-05
Iter.     2200, err = 6.299487e-05
Iter.     2300, err = 5.728730e-05
Iter.     2400, err = 5.231419e-05
Iter.     2500, err = 4.797153e-05
Iter.     2600, err = 4.418601e-05
Iter.     2700, err = 4.089612e-05
Iter.     2800, err = 3.806427e-05
Iter.     2900, err = 3.562420e-05
Iter.     3000, err = 3.353285e-05
Iter.     3100, err = 3.176085e-05
Iter.     3200, err = 3.027394e-05
Iter.     3300, err = 2.903906e-05
Iter.     3400, err = 2.803407e-05
Iter.     3500, err = 2.723057e-05
Iter.     3600, err = 2.661131e-05
Iter.     3700, err = 2.615718e-05
Iter.     3800, err = 2.582307e-05
Iter.     3900, err = 2.545669e-05
Iter.     4000, err = 2.504685e-05
Iter.     4100, err = 2.460195e-05
Iter.     4200, err = 2.412918e-05
Iter.     4300, err = 2.363468e-05
Iter.     4400, err = 2.312371e-05
Iter.     4500, err = 2.260074e-05
Iter.     4600, err = 2.206957e-05
Iter.     4700, err = 2.153343e-05
Iter.     4800, err = 2.099506e-05
Iter.     4900, err = 2.045677e-05
Iter.     5000, err = 1.992051e-05
Iter.     5100, err = 1.938790e-05
Iter.     5200, err = 1.886031e-05
Iter.     5300, err = 1.833888e-05
Iter.     5400, err = 1.782453e-05
Iter.     5500, err = 1.731802e-05
Iter.     5600, err = 1.681998e-05
Iter.     5700, err = 1.633090e-05
Iter.     5800, err = 1.585116e-05
Iter.     5900, err = 1.538106e-05
Iter.     6000, err = 1.511518e-05
Iter.     6100, err = 1.490664e-05
Iter.     6200, err = 1.469816e-05
Iter.     6300, err = 1.449012e-05
Iter.     6400, err = 1.428286e-05
Iter.     6500, err = 1.407667e-05
Iter.     6600, err = 1.387181e-05
Iter.     6700, err = 1.366849e-05
Iter.     6800, err = 1.346690e-05
Iter.     6900, err = 1.326720e-05
Iter.     7000, err = 1.306952e-05
Iter.     7100, err = 1.287399e-05
Iter.     7200, err = 1.268069e-05
Iter.     7300, err = 1.248970e-05
Iter.     7400, err = 1.230109e-05
Iter.     7500, err = 1.211491e-05
Iter.     7600, err = 1.193120e-05
Iter.     7700, err = 1.174998e-05
Iter.     7800, err = 1.157128e-05
Iter.     7900, err = 1.139511e-05
Iter.     8000, err = 1.122147e-05
Iter.     8100, err = 1.105037e-05
Iter.     8200, err = 1.088179e-05
Iter.     8300, err = 1.071573e-05
Iter.     8400, err = 1.055217e-05
Iter.     8500, err = 1.039110e-05
Iter.     8600, err = 1.023250e-05
Iter.     8700, err = 1.007634e-05
Iter.     8800, err = 9.922596e-06
Iter.     8900, err = 9.771243e-06
Iter.     9000, err = 9.622254e-06
Iter.     9100, err = 9.475598e-06
Iter.     9200, err = 9.331244e-06
Iter.     9300, err = 9.189163e-06
Iter.     9400, err = 9.049321e-06
Iter.     9500, err = 8.911686e-06
Iter.     9600, err = 8.776226e-06
Iter.     9700, err = 8.642907e-06
Iter.     9800, err = 8.511698e-06
Iter.     9900, err = 8.382564e-06
Iter.    10000, err = 8.255474e-06
Iter.    10100, err = 8.130394e-06
Iter.    10200, err = 8.007291e-06
Iter.    10300, err = 7.886134e-06
Iter.    10400, err = 7.766890e-06
Iter.    10500, err = 7.649528e-06
Iter.    10600, err = 7.534017e-06
Iter.    10700, err = 7.420325e-06
Iter.    10800, err = 7.308422e-06
Iter.    10900, err = 7.198278e-06
Iter.    11000, err = 7.089864e-06
Iter.    11100, err = 6.983150e-06
Iter.    11200, err = 6.878107e-06
Iter.    11300, err = 6.774708e-06
Iter.    11400, err = 6.672925e-06
Iter.    11500, err = 6.605120e-06
Iter.    11600, err = 6.571367e-06
Iter.    11700, err = 6.536156e-06
Iter.    11800, err = 6.499565e-06
Iter.    11900, err = 6.461670e-06
Iter.    12000, err = 6.422545e-06
Iter.    12100, err = 6.382261e-06
Iter.    12200, err = 6.340888e-06
Iter.    12300, err = 6.298491e-06
Iter.    12400, err = 6.255135e-06
Iter.    12500, err = 6.210881e-06
Iter.    12600, err = 6.165788e-06
Iter.    12700, err = 6.119914e-06
Iter.    12800, err = 6.073314e-06
Iter.    12900, err = 6.026041e-06
Iter.    13000, err = 5.978146e-06
Iter.    13100, err = 5.929677e-06
Iter.    13200, err = 5.880684e-06
Iter.    13300, err = 5.831209e-06
Iter.    13400, err = 5.781299e-06
Iter.    13500, err = 5.730993e-06
Iter.    13600, err = 5.680334e-06
Iter.    13700, err = 5.629358e-06
Iter.    13800, err = 5.578104e-06
Iter.    13900, err = 5.526607e-06
Iter.    14000, err = 5.474900e-06
Iter.    14100, err = 5.423018e-06
Iter.    14200, err = 5.370990e-06
Iter.    14300, err = 5.318848e-06
Iter.    14400, err = 5.266619e-06
Iter.    14500, err = 5.214331e-06
Iter.    14600, err = 5.162011e-06
Iter.    14700, err = 5.109684e-06
Iter.    14800, err = 5.057373e-06
Iter.    14900, err = 5.005102e-06
Iter.    15000, err = 4.952892e-06
Iter.    15100, err = 4.900765e-06
Iter.    15200, err = 4.848740e-06
Iter.    15300, err = 4.796836e-06
Iter.    15400, err = 4.745071e-06
Iter.    15500, err = 4.693463e-06
Iter.    15600, err = 4.642028e-06
Iter.    15700, err = 4.590781e-06
Iter.    15800, err = 4.539737e-06
Iter.    15900, err = 4.488911e-06
Iter.    16000, err = 4.438314e-06
Iter.    16100, err = 4.387961e-06
Iter.    16200, err = 4.337863e-06
Iter.    16300, err = 4.288030e-06
Iter.    16400, err = 4.238475e-06
Iter.    16500, err = 4.189206e-06
Iter.    16600, err = 4.140233e-06
Iter.    16700, err = 4.091566e-06
Iter.    16800, err = 4.043212e-06
Iter.    16900, err = 3.995179e-06
Iter.    17000, err = 3.947474e-06
Iter.    17100, err = 3.900105e-06
Iter.    17200, err = 3.853078e-06
Iter.    17300, err = 3.806399e-06
Iter.    17400, err = 3.760073e-06
Iter.    17500, err = 3.714105e-06
Iter.    17600, err = 3.668500e-06
Iter.    17700, err = 3.623263e-06
Iter.    17800, err = 3.578397e-06
Iter.    17900, err = 3.533906e-06
Iter.    18000, err = 3.489793e-06
Iter.    18100, err = 3.446062e-06
Iter.    18200, err = 3.402715e-06
Iter.    18300, err = 3.359754e-06
Iter.    18400, err = 3.317182e-06
Iter.    18500, err = 3.274999e-06
Iter.    18600, err = 3.233209e-06
Iter.    18700, err = 3.191812e-06
Iter.    18800, err = 3.150809e-06
Iter.    18900, err = 3.110201e-06
Iter.    19000, err = 3.069989e-06
Iter.    19100, err = 3.030173e-06
Iter.    19200, err = 2.990754e-06
Iter.    19300, err = 2.951731e-06
Iter.    19400, err = 2.913104e-06
Iter.    19500, err = 2.874873e-06
Iter.    19600, err = 2.837038e-06
Iter.    19700, err = 2.799598e-06
Iter.    19800, err = 2.762551e-06
Iter.    19900, err = 2.725898e-06
Iter.    20000, err = 2.689637e-06
Iter.    20100, err = 2.653767e-06
Iter.    20200, err = 2.618287e-06
Iter.    20300, err = 2.583194e-06
Iter.    20400, err = 2.548488e-06
Iter.    20500, err = 2.514168e-06
Iter.    20600, err = 2.480230e-06
Iter.    20700, err = 2.446674e-06
Iter.    20800, err = 2.413497e-06
Iter.    20900, err = 2.380698e-06
Iter.    21000, err = 2.348274e-06
Iter.    21100, err = 2.316223e-06
Iter.    21200, err = 2.284543e-06
Iter.    21300, err = 2.253232e-06
Iter.    21400, err = 2.222286e-06
Iter.    21500, err = 2.191705e-06
Iter.    21600, err = 2.161485e-06
Iter.    21700, err = 2.131624e-06
Iter.    21800, err = 2.102119e-06
Iter.    21900, err = 2.072967e-06
Iter.    22000, err = 2.044166e-06
Iter.    22100, err = 2.015714e-06
Iter.    22200, err = 1.987607e-06
Iter.    22300, err = 1.959842e-06
Iter.    22400, err = 1.932418e-06
Iter.    22500, err = 1.905330e-06
Iter.    22600, err = 1.878576e-06
Iter.    22700, err = 1.852154e-06
Iter.    22800, err = 1.826060e-06
Iter.    22900, err = 1.800292e-06
Iter.    23000, err = 1.774846e-06
Iter.    23100, err = 1.749719e-06
Iter.    23200, err = 1.724909e-06
Iter.    23300, err = 1.700413e-06
Iter.    23400, err = 1.676227e-06
Iter.    23500, err = 1.652349e-06
Iter.    23600, err = 1.628775e-06
Iter.    23700, err = 1.605504e-06
Iter.    23800, err = 1.582530e-06
Iter.    23900, err = 1.559853e-06
Iter.    24000, err = 1.537468e-06
Iter.    24100, err = 1.515373e-06
Iter.    24200, err = 1.493564e-06
Iter.    24300, err = 1.472039e-06
Iter.    24400, err = 1.450795e-06
Iter.    24500, err = 1.429828e-06
Iter.    24600, err = 1.409137e-06
Iter.    24700, err = 1.388717e-06
Iter.    24800, err = 1.368566e-06
Iter.    24900, err = 1.348680e-06
Iter.    25000, err = 1.329058e-06
Iter.    25100, err = 1.309696e-06
Iter.    25200, err = 1.290591e-06
Iter.    25300, err = 1.271740e-06
Iter.    25400, err = 1.253141e-06
Iter.    25500, err = 1.234790e-06
Iter.    25600, err = 1.216685e-06
Iter.    25700, err = 1.198823e-06
Iter.    25800, err = 1.181201e-06
Iter.    25900, err = 1.163817e-06
Iter.    26000, err = 1.146667e-06
Iter.    26100, err = 1.129748e-06
Iter.    26200, err = 1.113059e-06
Iter.    26300, err = 1.096596e-06
Iter.    26400, err = 1.080357e-06
Iter.    26500, err = 1.064339e-06
Iter.    26600, err = 1.048539e-06
Iter.    26700, err = 1.032954e-06
Iter.    26800, err = 1.017583e-06
Iter.    26900, err = 1.002422e-06
Iter.    26917, err = 9.998654e-07
Finished in 1.436306e+00 s
Iter.      100, err = 3.746754e-03
Iter.      200, err = 1.725546e-03
Iter.      300, err = 9.310388e-04
Iter.      400, err = 5.248483e-04
Iter.      500, err = 3.102605e-04
Iter.      600, err = 2.059757e-04
Iter.      700, err = 1.915496e-04
Iter.      800, err = 1.795750e-04
Iter.      900, err = 1.677145e-04
Iter.     1000, err = 1.557951e-04
Iter.     1100, err = 1.440438e-04
Iter.     1200, err = 1.327172e-04
Iter.     1300, err = 1.220060e-04
Iter.     1400, err = 1.120239e-04
Iter.     1500, err = 1.028204e-04
Iter.     1600, err = 9.439989e-05
Iter.     1700, err = 8.673648e-05
Iter.     1800, err = 7.978671e-05
Iter.     1900, err = 7.349777e-05
Iter.     2000, err = 6.781322e-05
Iter.     2100, err = 6.267668e-05
Iter.     2200, err = 5.803396e-05
Iter.     2300, err = 5.383438e-05
Iter.     2400, err = 5.003132e-05
Iter.     2500, err = 4.658243e-05
Iter.     2600, err = 4.344958e-05
Iter.     2700, err = 4.059863e-05
Iter.     2800, err = 3.799918e-05
Iter.     2900, err = 3.562420e-05
Iter.     3000, err = 3.353285e-05
Iter.     3100, err = 3.176085e-05
Iter.     3200, err = 3.027394e-05
Iter.     3300, err = 2.903906e-05
Iter.     3400, err = 2.803407e-05
Iter.     3500, err = 2.723057e-05
Iter.     3600, err = 2.661131e-05
Iter.     3700, err = 2.615718e-05
Iter.     3800, err = 2.582307e-05
Iter.     3900, err = 2.545669e-05
Iter.     4000, err = 2.504685e-05
Iter.     4100, err = 2.460195e-05
Iter.     4200, err = 2.412918e-05
Iter.     4300, err = 2.363468e-05
Iter.     4400, err = 2.312371e-05
Iter.     4500, err = 2.260074e-05
Iter.     4600, err = 2.206957e-05
Iter.     4700, err = 2.153343e-05
Iter.     4800, err = 2.099506e-05
Iter.     4900, err = 2.045677e-05
Iter.     5000, err = 1.992051e-05
Iter.     5100, err = 1.938790e-05
Iter.     5200, err = 1.886031e-05
Iter.     5300, err = 1.833888e-05
Iter.     5400, err = 1.782453e-05
Iter.     5500, err = 1.731802e-05
Iter.     5600, err = 1.681998e-05
Iter.     5700, err = 1.633090e-05
Iter.     5800, err = 1.585116e-05
Iter.     5900, err = 1.538106e-05
Iter.     6000, err = 1.492081e-05
Iter.     6100, err = 1.447056e-05
Iter.     6200, err = 1.403042e-05
Iter.     6300, err = 1.360042e-05
Iter.     6400, err = 1.318058e-05
Iter.     6500, err = 1.277086e-05
Iter.     6600, err = 1.237120e-05
Iter.     6700, err = 1.198154e-05
Iter.     6800, err = 1.160175e-05
Iter.     6900, err = 1.123173e-05
Iter.     7000, err = 1.087134e-05
Iter.     7100, err = 1.052044e-05
Iter.     7200, err = 1.017887e-05
Iter.     7300, err = 9.846474e-06
Iter.     7400, err = 9.523083e-06
Iter.     7500, err = 9.208527e-06
Iter.     7600, err = 8.902631e-06
Iter.     7700, err = 8.605217e-06
Iter.     7800, err = 8.316108e-06
Iter.     7900, err = 8.035539e-06
Iter.     8000, err = 7.778890e-06
Iter.     8100, err = 7.552598e-06
Iter.     8200, err = 7.354909e-06
Iter.     8300, err = 7.329382e-06
Iter.     8400, err = 7.349411e-06
Iter.     8500, err = 7.365205e-06
Iter.     8600, err = 7.376938e-06
Iter.     8700, err = 7.384780e-06
Iter.     8800, err = 7.388893e-06
Iter.     8900, err = 7.389439e-06
Iter.     9000, err = 7.386571e-06
Iter.     9100, err = 7.380440e-06
Iter.     9200, err = 7.371192e-06
Iter.     9300, err = 7.358968e-06
Iter.     9400, err = 7.343905e-06
Iter.     9500, err = 7.326134e-06
Iter.     9600, err = 7.305784e-06
Iter.     9700, err = 7.282979e-06
Iter.     9800, err = 7.257839e-06
Iter.     9900, err = 7.230479e-06
Iter.    10000, err = 7.201011e-06
Iter.    10100, err = 7.169543e-06
Iter.    10200, err = 7.136179e-06
Iter.    10300, err = 7.101021e-06
Iter.    10400, err = 7.064164e-06
Iter.    10500, err = 7.025704e-06
Iter.    10600, err = 6.985729e-06
Iter.    10700, err = 6.944327e-06
Iter.    10800, err = 6.901581e-06
Iter.    10900, err = 6.857573e-06
Iter.    11000, err = 6.812380e-06
Iter.    11100, err = 6.766077e-06
Iter.    11200, err = 6.718735e-06
Iter.    11300, err = 6.670425e-06
Iter.    11400, err = 6.637331e-06
Iter.    11500, err = 6.605120e-06
Iter.    11600, err = 6.571367e-06
Iter.    11700, err = 6.536156e-06
Iter.    11800, err = 6.499565e-06
Iter.    11900, err = 6.461670e-06
Iter.    12000, err = 6.422545e-06
Iter.    12100, err = 6.382261e-06
Iter.    12200, err = 6.340888e-06
Iter.    12300, err = 6.298491e-06
Iter.    12400, err = 6.255135e-06
Iter.    12500, err = 6.210881e-06
Iter.    12600, err = 6.165788e-06
Iter.    12700, err = 6.119914e-06
Iter.    12800, err = 6.073314e-06
Iter.    12900, err = 6.026041e-06
Iter.    13000, err = 5.978146e-06
Iter.    13100, err = 5.929677e-06
Iter.    13200, err = 5.880684e-06
Iter.    13300, err = 5.831209e-06
Iter.    13400, err = 5.781299e-06
Iter.    13500, err = 5.730993e-06
Iter.    13600, err = 5.680334e-06
Iter.    13700, err = 5.629358e-06
Iter.    13800, err = 5.578104e-06
Iter.    13900, err = 5.526607e-06
Iter.    14000, err = 5.474900e-06
Iter.    14100, err = 5.423018e-06
Iter.    14200, err = 5.370990e-06
Iter.    14300, err = 5.318848e-06
Iter.    14400, err = 5.266619e-06
Iter.    14500, err = 5.214331e-06
Iter.    14600, err = 5.162011e-06
Iter.    14700, err = 5.109684e-06
Iter.    14800, err = 5.057373e-06
Iter.    14900, err = 5.005102e-06
Iter.    15000, err = 4.952892e-06
Iter.    15100, err = 4.900765e-06
Iter.    15200, err = 4.848740e-06
Iter.    15300, err = 4.796836e-06
Iter.    15400, err = 4.745071e-06
Iter.    15500, err = 4.693463e-06
Iter.    15600, err = 4.642028e-06
Iter.    15700, err = 4.590781e-06
Iter.    15800, err = 4.539737e-06
Iter.    15900, err = 4.488911e-06
Iter.    16000, err = 4.438314e-06
Iter.    16100, err = 4.387961e-06
Iter.    16200, err = 4.337863e-06
Iter.    16300, err = 4.288030e-06
Iter.    16400, err = 4.238475e-06
Iter.    16500, err = 4.189206e-06
Iter.    16600, err = 4.140233e-06
Iter.    16700, err = 4.091566e-06
Iter.    16800, err = 4.043212e-06
Iter.    16900, err = 3.995179e-06
Iter.    17000, err = 3.947474e-06
Iter.    17100, err = 3.900105e-06
Iter.    17200, err = 3.853078e-06
Iter.    17300, err = 3.806399e-06
Iter.    17400, err = 3.760073e-06
Iter.    17500, err = 3.714105e-06
Iter.    17600, err = 3.668500e-06
Iter.    17700, err = 3.623263e-06
Iter.    17800, err = 3.578397e-06
Iter.    17900, err = 3.533906e-06
Iter.    18000, err = 3.489793e-06
Iter.    18100, err = 3.446062e-06
Iter.    18200, err = 3.402715e-06
Iter.    18300, err = 3.359754e-06
Iter.    18400, err = 3.317182e-06
Iter.    18500, err = 3.274999e-06
Iter.    18600, err = 3.233209e-06
Iter.    18700, err = 3.191812e-06
Iter.    18800, err = 3.150809e-06
Iter.    18900, err = 3.110201e-06
Iter.    19000, err = 3.069989e-06
Iter.    19100, err = 3.030173e-06
Iter.    19200, err = 2.990754e-06
Iter.    19300, err = 2.951731e-06
Iter.    19400, err = 2.913104e-06
Iter.    19500, err = 2.874873e-06
Iter.    19600, err = 2.837038e-06
Iter.    19700, err = 2.799598e-06
Iter.    19800, err = 2.762551e-06
Iter.    19900, err = 2.725898e-06
Iter.    20000, err = 2.689637e-06
Iter.    20100, err = 2.653767e-06
Iter.    20200, err = 2.618287e-06
Iter.    20300, err = 2.583194e-06
Iter.    20400, err = 2.548488e-06
Iter.    20500, err = 2.514168e-06
Iter.    20600, err = 2.480230e-06
Iter.    20700, err = 2.446674e-06
Iter.    20800, err = 2.413497e-06
Iter.    20900, err = 2.380698e-06
Iter.    21000, err = 2.348274e-06
Iter.    21100, err = 2.316223e-06
Iter.    21200, err = 2.284543e-06
Iter.    21300, err = 2.253232e-06
Iter.    21400, err = 2.222286e-06
Iter.    21500, err = 2.191705e-06
Iter.    21600, err = 2.161485e-06
Iter.    21700, err = 2.131624e-06
Iter.    21800, err = 2.102119e-06
Iter.    21900, err = 2.072967e-06
Iter.    22000, err = 2.044166e-06
Iter.    22100, err = 2.015714e-06
Iter.    22200, err = 1.987607e-06
Iter.    22300, err = 1.959842e-06
Iter.    22400, err = 1.932418e-06
Iter.    22500, err = 1.905330e-06
Iter.    22600, err = 1.878576e-06
Iter.    22700, err = 1.852154e-06
Iter.    22800, err = 1.826060e-06
Iter.    22900, err = 1.800292e-06
Iter.    23000, err = 1.774846e-06
Iter.    23100, err = 1.749719e-06
Iter.    23200, err = 1.724909e-06
Iter.    23300, err = 1.700413e-06
Iter.    23400, err = 1.676227e-06
Iter.    23500, err = 1.652349e-06
Iter.    23600, err = 1.628775e-06
Iter.    23700, err = 1.605504e-06
Iter.    23800, err = 1.582530e-06
Iter.    23900, err = 1.559853e-06
Iter.    24000, err = 1.537468e-06
Iter.    24100, err = 1.515373e-06
Iter.    24200, err = 1.493564e-06
Iter.    24300, err = 1.472039e-06
Iter.    24400, err = 1.450795e-06
Iter.    24500, err = 1.429828e-06
Iter.    24600, err = 1.409137e-06
Iter.    24700, err = 1.388717e-06
Iter.    24800, err = 1.368566e-06
Iter.    24900, err = 1.348680e-06
Iter.    25000, err = 1.329058e-06
Iter.    25100, err = 1.309696e-06
Iter.    25200, err = 1.290591e-06
Iter.    25300, err = 1.271740e-06
Iter.    25400, err = 1.253141e-06
Iter.    25500, err = 1.234790e-06
Iter.    25600, err = 1.216685e-06
Iter.    25700, err = 1.198823e-06
Iter.    25800, err = 1.181201e-06
Iter.    25900, err = 1.163817e-06
Iter.    26000, err = 1.146667e-06
Iter.    26100, err = 1.129748e-06
Iter.    26200, err = 1.113059e-06
Iter.    26300, err = 1.096596e-06
Iter.    26400, err = 1.080357e-06
Iter.    26500, err = 1.064339e-06
Iter.    26600, err = 1.048539e-06
Iter.    26700, err = 1.032954e-06
Iter.    26800, err = 1.017583e-06
Iter.    26900, err = 1.002422e-06
Iter.    26917, err = 9.998654e-07
Finished in 8.036554e-01 s
Iter.      100, err = 3.746754e-03
Iter.      200, err = 1.603087e-03
Iter.      300, err = 8.462680e-04
Iter.      400, err = 4.872820e-04
Iter.      500, err = 3.011835e-04
Iter.      600, err = 1.966697e-04
Iter.      700, err = 1.412152e-04
Iter.      800, err = 1.220764e-04
Iter.      900, err = 1.177231e-04
Iter.     1000, err = 1.072470e-04
Iter.     1100, err = 9.381844e-05
Iter.     1200, err = 7.955225e-05
Iter.     1300, err = 6.559404e-05
Iter.     1400, err = 5.253797e-05
Iter.     1500, err = 4.066120e-05
Iter.     1600, err = 3.005888e-05
Iter.     1700, err = 2.072306e-05
Iter.     1800, err = 1.919232e-05
Iter.     1900, err = 2.196295e-05
Iter.     2000, err = 2.418502e-05
Iter.     2100, err = 2.594118e-05
Iter.     2200, err = 2.730084e-05
Iter.     2300, err = 2.832295e-05
Iter.     2400, err = 2.905790e-05
Iter.     2500, err = 2.954899e-05
Iter.     2600, err = 2.983349e-05
Iter.     2700, err = 2.994356e-05
Iter.     2800, err = 2.990692e-05
Iter.     2900, err = 2.974746e-05
Iter.     3000, err = 2.948579e-05
Iter.     3100, err = 2.913959e-05
Iter.     3200, err = 2.872409e-05
Iter.     3300, err = 2.825233e-05
Iter.     3400, err = 2.773547e-05
Iter.     3500, err = 2.718304e-05
Iter.     3600, err = 2.661131e-05
Iter.     3700, err = 2.615718e-05
Iter.     3800, err = 2.582307e-05
Iter.     3900, err = 2.545669e-05
Iter.     4000, err = 2.504685e-05
Iter.     4100, err = 2.460195e-05
Iter.     4200, err = 2.412918e-05
Iter.     4300, err = 2.363468e-05
Iter.     4400, err = 2.312371e-05
Iter.     4500, err = 2.260074e-05
Iter.     4600, err = 2.206957e-05
Iter.     4700, err = 2.153343e-05
Iter.     4800, err = 2.099506e-05
Iter.     4900, err = 2.045677e-05
Iter.     5000, err = 1.992051e-05
Iter.     5100, err = 1.938790e-05
Iter.     5200, err = 1.886031e-05
Iter.     5300, err = 1.833888e-05
Iter.     5400, err = 1.782453e-05
Iter.     5500, err = 1.731802e-05
Iter.     5600, err = 1.681998e-05
Iter.     5700, err = 1.633090e-05
Iter.     5800, err = 1.585116e-05
Iter.     5900, err = 1.538106e-05
Iter.     6000, err = 1.492081e-05
Iter.     6100, err = 1.447056e-05
Iter.     6200, err = 1.403042e-05
Iter.     6300, err = 1.360042e-05
Iter.     6400, err = 1.318058e-05
Iter.     6500, err = 1.277086e-05
Iter.     6600, err = 1.237120e-05
Iter.     6700, err = 1.198154e-05
Iter.     6800, err = 1.160175e-05
Iter.     6900, err = 1.123173e-05
Iter.     7000, err = 1.087134e-05
Iter.     7100, err = 1.052044e-05
Iter.     7200, err = 1.017887e-05
Iter.     7300, err = 9.846474e-06
Iter.     7400, err = 9.523083e-06
Iter.     7500, err = 9.208527e-06
Iter.     7600, err = 8.902631e-06
Iter.     7700, err = 8.605217e-06
Iter.     7800, err = 8.316108e-06
Iter.     7900, err = 8.035539e-06
Iter.     8000, err = 7.778890e-06
Iter.     8100, err = 7.552598e-06
Iter.     8200, err = 7.354909e-06
Iter.     8300, err = 7.184574e-06
Iter.     8400, err = 7.040551e-06
Iter.     8500, err = 6.921954e-06
Iter.     8600, err = 6.828135e-06
Iter.     8700, err = 6.758733e-06
Iter.     8800, err = 6.794487e-06
Iter.     8900, err = 6.829520e-06
Iter.     9000, err = 6.860133e-06
Iter.     9100, err = 6.886486e-06
Iter.     9200, err = 6.908734e-06
Iter.     9300, err = 6.927030e-06
Iter.     9400, err = 6.941524e-06
Iter.     9500, err = 6.952362e-06
Iter.     9600, err = 6.959687e-06
Iter.     9700, err = 6.963640e-06
Iter.     9800, err = 6.964355e-06
Iter.     9900, err = 6.961966e-06
Iter.    10000, err = 6.956603e-06
Iter.    10100, err = 6.948392e-06
Iter.    10200, err = 6.937455e-06
Iter.    10300, err = 6.923911e-06
Iter.    10400, err = 6.907877e-06
Iter.    10500, err = 6.889465e-06
Iter.    10600, err = 6.868784e-06
Iter.    10700, err = 6.845941e-06
Iter.    10800, err = 6.821037e-06
Iter.    10900, err = 6.794172e-06
Iter.    11000, err = 6.765443e-06
Iter.    11100, err = 6.734943e-06
Iter.    11200, err = 6.702763e-06
Iter.    11300, err = 6.668988e-06
Iter.    11400, err = 6.637331e-06
Iter.    11500, err = 6.605120e-06
Iter.    11600, err = 6.571367e-06
Iter.    11700, err = 6.536156e-06
Iter.    11800, err = 6.499565e-06
Iter.    11900, err = 6.461670e-06
Iter.    12000, err = 6.422545e-06
Iter.    12100, err = 6.382261e-06
Iter.    12200, err = 6.340888e-06
Iter.    12300, err = 6.298491e-06
Iter.    12400, err = 6.255135e-06
Iter.    12500, err = 6.210881e-06
Iter.    12600, err = 6.165788e-06
Iter.    12700, err = 6.119914e-06
Iter.    12800, err = 6.073314e-06
Iter.    12900, err = 6.026041e-06
Iter.    13000, err = 5.978146e-06
Iter.    13100, err = 5.929677e-06
Iter.    13200, err = 5.880684e-06
Iter.    13300, err = 5.831209e-06
Iter.    13400, err = 5.781299e-06
Iter.    13500, err = 5.730993e-06
Iter.    13600, err = 5.680334e-06
Iter.    13700, err = 5.629358e-06
Iter.    13800, err = 5.578104e-06
Iter.    13900, err = 5.526607e-06
Iter.    14000, err = 5.474900e-06
Iter.    14100, err = 5.423018e-06
Iter.    14200, err = 5.370990e-06
Iter.    14300, err = 5.318848e-06
Iter.    14400, err = 5.266619e-06
Iter.    14500, err = 5.214331e-06
Iter.    14600, err = 5.162011e-06
Iter.    14700, err = 5.109684e-06
Iter.    14800, err = 5.057373e-06
Iter.    14900, err = 5.005102e-06
Iter.    15000, err = 4.952892e-06
Iter.    15100, err = 4.900765e-06
Iter.    15200, err = 4.848740e-06
Iter.    15300, err = 4.796836e-06
Iter.    15400, err = 4.745071e-06
Iter.    15500, err = 4.693463e-06
Iter.    15600, err = 4.642028e-06
Iter.    15700, err = 4.590781e-06
Iter.    15800, err = 4.539737e-06
Iter.    15900, err = 4.488911e-06
Iter.    16000, err = 4.438314e-06
Iter.    16100, err = 4.387961e-06
Iter.    16200, err = 4.337863e-06
Iter.    16300, err = 4.288030e-06
Iter.    16400, err = 4.238475e-06
Iter.    16500, err = 4.189206e-06
Iter.    16600, err = 4.140233e-06
Iter.    16700, err = 4.091566e-06
Iter.    16800, err = 4.043212e-06
Iter.    16900, err = 3.995179e-06
Iter.    17000, err = 3.947474e-06
Iter.    17100, err = 3.900105e-06
Iter.    17200, err = 3.853078e-06
Iter.    17300, err = 3.806399e-06
Iter.    17400, err = 3.760073e-06
Iter.    17500, err = 3.714105e-06
Iter.    17600, err = 3.668500e-06
Iter.    17700, err = 3.623263e-06
Iter.    17800, err = 3.578397e-06
Iter.    17900, err = 3.533906e-06
Iter.    18000, err = 3.489793e-06
Iter.    18100, err = 3.446062e-06
Iter.    18200, err = 3.402715e-06
Iter.    18300, err = 3.359754e-06
Iter.    18400, err = 3.317182e-06
Iter.    18500, err = 3.274999e-06
Iter.    18600, err = 3.233209e-06
Iter.    18700, err = 3.191812e-06
Iter.    18800, err = 3.150809e-06
Iter.    18900, err = 3.110201e-06
Iter.    19000, err = 3.069989e-06
Iter.    19100, err = 3.030173e-06
Iter.    19200, err = 2.990754e-06
Iter.    19300, err = 2.951731e-06
Iter.    19400, err = 2.913104e-06
Iter.    19500, err = 2.874873e-06
Iter.    19600, err = 2.837038e-06
Iter.    19700, err = 2.799598e-06
Iter.    19800, err = 2.762551e-06
Iter.    19900, err = 2.725898e-06
Iter.    20000, err = 2.689637e-06
Iter.    20100, err = 2.653767e-06
Iter.    20200, err = 2.618287e-06
Iter.    20300, err = 2.583194e-06
Iter.    20400, err = 2.548488e-06
Iter.    20500, err = 2.514168e-06
Iter.    20600, err = 2.480230e-06
Iter.    20700, err = 2.446674e-06
Iter.    20800, err = 2.413497e-06
Iter.    20900, err = 2.380698e-06
Iter.    21000, err = 2.348274e-06
Iter.    21100, err = 2.316223e-06
Iter.    21200, err = 2.284543e-06
Iter.    21300, err = 2.253232e-06
Iter.    21400, err = 2.222286e-06
Iter.    21500, err = 2.191705e-06
Iter.    21600, err = 2.161485e-06
Iter.    21700, err = 2.131624e-06
Iter.    21800, err = 2.102119e-06
Iter.    21900, err = 2.072967e-06
Iter.    22000, err = 2.044166e-06
Iter.    22100, err = 2.015714e-06
Iter.    22200, err = 1.987607e-06
Iter.    22300, err = 1.959842e-06
Iter.    22400, err = 1.932418e-06
Iter.    22500, err = 1.905330e-06
Iter.    22600, err = 1.878576e-06
Iter.    22700, err = 1.852154e-06
Iter.    22800, err = 1.826060e-06
Iter.    22900, err = 1.800292e-06
Iter.    23000, err = 1.774846e-06
Iter.    23100, err = 1.749719e-06
Iter.    23200, err = 1.724909e-06
Iter.    23300, err = 1.700413e-06
Iter.    23400, err = 1.676227e-06
Iter.    23500, err = 1.652349e-06
Iter.    23600, err = 1.628775e-06
Iter.    23700, err = 1.605504e-06
Iter.    23800, err = 1.582530e-06
Iter.    23900, err = 1.559853e-06
Iter.    24000, err = 1.537468e-06
Iter.    24100, err = 1.515373e-06
Iter.    24200, err = 1.493564e-06
Iter.    24300, err = 1.472039e-06
Iter.    24400, err = 1.450795e-06
Iter.    24500, err = 1.429828e-06
Iter.    24600, err = 1.409137e-06
Iter.    24700, err = 1.388717e-06
Iter.    24800, err = 1.368566e-06
Iter.    24900, err = 1.348680e-06
Iter.    25000, err = 1.329058e-06
Iter.    25100, err = 1.309696e-06
Iter.    25200, err = 1.290591e-06
Iter.    25300, err = 1.271740e-06
Iter.    25400, err = 1.253141e-06
Iter.    25500, err = 1.234790e-06
Iter.    25600, err = 1.216685e-06
Iter.    25700, err = 1.198823e-06
Iter.    25800, err = 1.181201e-06
Iter.    25900, err = 1.163817e-06
Iter.    26000, err = 1.146667e-06
Iter.    26100, err = 1.129748e-06
Iter.    26200, err = 1.113059e-06
Iter.    26300, err = 1.096596e-06
Iter.    26400, err = 1.080357e-06
Iter.    26500, err = 1.064339e-06
Iter.    26600, err = 1.048539e-06
Iter.    26700, err = 1.032954e-06
Iter.    26800, err = 1.017583e-06
Iter.    26900, err = 1.002422e-06
Iter.    26917, err = 9.998654e-07
Finished in 7.096166e-01 s
Error in read.table(file = file, header = header, sep = sep, quote = quote,  : 
  object 'time.csv' not found
Calls: read.csv -> read.table
Execution halted
